<?xml version="1.0" encoding="utf-8"?>
<CoverageSession xmlns:xsd="http://www.w3.org/2001/XMLSchema" xmlns:xsi="http://www.w3.org/2001/XMLSchema-instance" Version="4.6.0.0">
  <Summary numSequencePoints="258" visitedSequencePoints="240" numBranchPoints="105" visitedBranchPoints="89" sequenceCoverage="93.02" branchCoverage="84.76" maxCyclomaticComplexity="8" minCyclomaticComplexity="1" maxCrapScore="8.44" minCrapScore="1" visitedClasses="6" numClasses="7" visitedMethods="28" numMethods="31" />
  <Modules>
    <Module hash="AF-16-17-27-F1-CE-82-BF-B1-F4-68-0B-90-85-C5-57-B8-39-2A-41">
      <Summary numSequencePoints="234" visitedSequencePoints="216" numBranchPoints="99" visitedBranchPoints="83" sequenceCoverage="92.31" branchCoverage="83.84" maxCyclomaticComplexity="8" minCyclomaticComplexity="0" maxCrapScore="8.44" minCrapScore="0" visitedClasses="5" numClasses="6" visitedMethods="22" numMethods="25" />
      <ModulePath>E:\projeto-loterica\projeto-loterica\projeto-loterica\ProjetoLoteria.Domain.Tests\bin\Debug\ProjetoLoterica.Domain.dll</ModulePath>
      <ModuleTime>2018-05-17T18:20:30Z</ModuleTime>
      <ModuleName>ProjetoLoterica.Domain</ModuleName>
      <Files>
        <File uid="4" fullPath="E:\projeto-loterica\projeto-loterica\projeto-loterica\ProjetoLoterica.Domain\Features\Resultados\Resultado.cs" />
        <File uid="5" fullPath="E:\projeto-loterica\projeto-loterica\projeto-loterica\ProjetoLoterica.Domain\Features\Concursos\Concurso.cs" />
        <File uid="8" fullPath="E:\projeto-loterica\projeto-loterica\projeto-loterica\ProjetoLoterica.Domain\Features\Boloes\Bolao.cs" />
        <File uid="13" fullPath="E:\projeto-loterica\projeto-loterica\projeto-loterica\ProjetoLoterica.Domain\Features\Apostas\Aposta.cs" />
        <File uid="16" fullPath="E:\projeto-loterica\projeto-loterica\projeto-loterica\ProjetoLoterica.Domain\Features\Apostas\Ganhadores\Ganhador.cs" />
        <File uid="17" fullPath="E:\projeto-loterica\projeto-loterica\projeto-loterica\ProjetoLoterica.Domain\Features\Apostas\Dezenas\Dezena.cs" />
      </Files>
      <Classes>
        <Class>
          <Summary numSequencePoints="0" visitedSequencePoints="0" numBranchPoints="0" visitedBranchPoints="0" sequenceCoverage="0" branchCoverage="0" maxCyclomaticComplexity="1" minCyclomaticComplexity="1" maxCrapScore="2" minCrapScore="2" visitedClasses="0" numClasses="0" visitedMethods="0" numMethods="0" />
          <FullName>ProjetoLoterica.Domain.Common.Entity</FullName>
          <Methods>
            <Method visited="false" cyclomaticComplexity="1" nPathComplexity="0" sequenceCoverage="0" branchCoverage="0" crapScore="2" isConstructor="true" isStatic="false" isGetter="false" isSetter="false">
              <Summary numSequencePoints="0" visitedSequencePoints="0" numBranchPoints="0" visitedBranchPoints="0" sequenceCoverage="0" branchCoverage="0" maxCyclomaticComplexity="1" minCyclomaticComplexity="1" maxCrapScore="2" minCrapScore="2" visitedClasses="0" numClasses="0" visitedMethods="0" numMethods="0" />
              <MetadataToken>100663298</MetadataToken>
              <Name>System.Void ProjetoLoterica.Domain.Common.Entity::.ctor()</Name>
              <SequencePoints />
              <BranchPoints />
              <MethodPoint vc="0" uspid="1" ordinal="0" offset="0" />
            </Method>
          </Methods>
        </Class>
        <Class>
          <Summary numSequencePoints="143" visitedSequencePoints="127" numBranchPoints="60" visitedBranchPoints="45" sequenceCoverage="88.81" branchCoverage="75" maxCyclomaticComplexity="8" minCyclomaticComplexity="1" maxCrapScore="8.44" minCrapScore="1" visitedClasses="1" numClasses="1" visitedMethods="10" numMethods="12" />
          <FullName>ProjetoLoterica.Domain.Features.Resultados.Resultado</FullName>
          <Methods>
            <Method skippedDueTo="AutoImplementedProperty" visited="false" cyclomaticComplexity="1" nPathComplexity="0" sequenceCoverage="0" branchCoverage="0" crapScore="0" isConstructor="false" isStatic="false" isGetter="true" isSetter="false">
              <MetadataToken>100663302</MetadataToken>
              <Name>ProjetoLoterica.Domain.Features.Concursos.Concurso ProjetoLoterica.Domain.Features.Resultados.Resultado::get__Concurso()</Name>
              <FileRef uid="4" />
              <SequencePoints />
              <BranchPoints />
            </Method>
            <Method skippedDueTo="AutoImplementedProperty" visited="false" cyclomaticComplexity="1" nPathComplexity="0" sequenceCoverage="0" branchCoverage="0" crapScore="0" isConstructor="false" isStatic="false" isGetter="false" isSetter="true">
              <MetadataToken>100663303</MetadataToken>
              <Name>System.Void ProjetoLoterica.Domain.Features.Resultados.Resultado::set__Concurso(ProjetoLoterica.Domain.Features.Concursos.Concurso)</Name>
              <FileRef uid="4" />
              <SequencePoints />
              <BranchPoints />
            </Method>
            <Method skippedDueTo="AutoImplementedProperty" visited="false" cyclomaticComplexity="1" nPathComplexity="0" sequenceCoverage="0" branchCoverage="0" crapScore="0" isConstructor="false" isStatic="false" isGetter="true" isSetter="false">
              <MetadataToken>100663304</MetadataToken>
              <Name>System.Collections.Generic.List`1&lt;ProjetoLoterica.Domain.Features.Apostas.Dezenas.Dezena&gt; ProjetoLoterica.Domain.Features.Resultados.Resultado::get__Resultado()</Name>
              <FileRef uid="4" />
              <SequencePoints />
              <BranchPoints />
            </Method>
            <Method skippedDueTo="AutoImplementedProperty" visited="false" cyclomaticComplexity="1" nPathComplexity="0" sequenceCoverage="0" branchCoverage="0" crapScore="0" isConstructor="false" isStatic="false" isGetter="false" isSetter="true">
              <MetadataToken>100663305</MetadataToken>
              <Name>System.Void ProjetoLoterica.Domain.Features.Resultados.Resultado::set__Resultado(System.Collections.Generic.List`1&lt;ProjetoLoterica.Domain.Features.Apostas.Dezenas.Dezena&gt;)</Name>
              <FileRef uid="4" />
              <SequencePoints />
              <BranchPoints />
            </Method>
            <Method skippedDueTo="AutoImplementedProperty" visited="false" cyclomaticComplexity="1" nPathComplexity="0" sequenceCoverage="0" branchCoverage="0" crapScore="0" isConstructor="false" isStatic="false" isGetter="true" isSetter="false">
              <MetadataToken>100663306</MetadataToken>
              <Name>System.Double ProjetoLoterica.Domain.Features.Resultados.Resultado::get__ValorTotal()</Name>
              <FileRef uid="4" />
              <SequencePoints />
              <BranchPoints />
            </Method>
            <Method skippedDueTo="AutoImplementedProperty" visited="false" cyclomaticComplexity="1" nPathComplexity="0" sequenceCoverage="0" branchCoverage="0" crapScore="0" isConstructor="false" isStatic="false" isGetter="false" isSetter="true">
              <MetadataToken>100663307</MetadataToken>
              <Name>System.Void ProjetoLoterica.Domain.Features.Resultados.Resultado::set__ValorTotal(System.Double)</Name>
              <FileRef uid="4" />
              <SequencePoints />
              <BranchPoints />
            </Method>
            <Method skippedDueTo="AutoImplementedProperty" visited="false" cyclomaticComplexity="1" nPathComplexity="0" sequenceCoverage="0" branchCoverage="0" crapScore="0" isConstructor="false" isStatic="false" isGetter="true" isSetter="false">
              <MetadataToken>100663308</MetadataToken>
              <Name>System.Double ProjetoLoterica.Domain.Features.Resultados.Resultado::get__ValorSena()</Name>
              <FileRef uid="4" />
              <SequencePoints />
              <BranchPoints />
            </Method>
            <Method skippedDueTo="AutoImplementedProperty" visited="false" cyclomaticComplexity="1" nPathComplexity="0" sequenceCoverage="0" branchCoverage="0" crapScore="0" isConstructor="false" isStatic="false" isGetter="false" isSetter="true">
              <MetadataToken>100663309</MetadataToken>
              <Name>System.Void ProjetoLoterica.Domain.Features.Resultados.Resultado::set__ValorSena(System.Double)</Name>
              <FileRef uid="4" />
              <SequencePoints />
              <BranchPoints />
            </Method>
            <Method skippedDueTo="AutoImplementedProperty" visited="false" cyclomaticComplexity="1" nPathComplexity="0" sequenceCoverage="0" branchCoverage="0" crapScore="0" isConstructor="false" isStatic="false" isGetter="true" isSetter="false">
              <MetadataToken>100663310</MetadataToken>
              <Name>System.Double ProjetoLoterica.Domain.Features.Resultados.Resultado::get__ValorQuina()</Name>
              <FileRef uid="4" />
              <SequencePoints />
              <BranchPoints />
            </Method>
            <Method skippedDueTo="AutoImplementedProperty" visited="false" cyclomaticComplexity="1" nPathComplexity="0" sequenceCoverage="0" branchCoverage="0" crapScore="0" isConstructor="false" isStatic="false" isGetter="false" isSetter="true">
              <MetadataToken>100663311</MetadataToken>
              <Name>System.Void ProjetoLoterica.Domain.Features.Resultados.Resultado::set__ValorQuina(System.Double)</Name>
              <FileRef uid="4" />
              <SequencePoints />
              <BranchPoints />
            </Method>
            <Method skippedDueTo="AutoImplementedProperty" visited="false" cyclomaticComplexity="1" nPathComplexity="0" sequenceCoverage="0" branchCoverage="0" crapScore="0" isConstructor="false" isStatic="false" isGetter="true" isSetter="false">
              <MetadataToken>100663312</MetadataToken>
              <Name>System.Double ProjetoLoterica.Domain.Features.Resultados.Resultado::get__ValorQuadra()</Name>
              <FileRef uid="4" />
              <SequencePoints />
              <BranchPoints />
            </Method>
            <Method skippedDueTo="AutoImplementedProperty" visited="false" cyclomaticComplexity="1" nPathComplexity="0" sequenceCoverage="0" branchCoverage="0" crapScore="0" isConstructor="false" isStatic="false" isGetter="false" isSetter="true">
              <MetadataToken>100663313</MetadataToken>
              <Name>System.Void ProjetoLoterica.Domain.Features.Resultados.Resultado::set__ValorQuadra(System.Double)</Name>
              <FileRef uid="4" />
              <SequencePoints />
              <BranchPoints />
            </Method>
            <Method visited="true" cyclomaticComplexity="2" nPathComplexity="2" sequenceCoverage="100" branchCoverage="66.67" crapScore="2" isConstructor="true" isStatic="false" isGetter="false" isSetter="false">
              <Summary numSequencePoints="5" visitedSequencePoints="5" numBranchPoints="3" visitedBranchPoints="2" sequenceCoverage="100" branchCoverage="66.67" maxCyclomaticComplexity="2" minCyclomaticComplexity="2" maxCrapScore="2" minCrapScore="2" visitedClasses="0" numClasses="0" visitedMethods="1" numMethods="1" />
              <MetadataToken>100663314</MetadataToken>
              <Name>System.Void ProjetoLoterica.Domain.Features.Resultados.Resultado::.ctor()</Name>
              <FileRef uid="4" />
              <SequencePoints>
                <SequencePoint vc="22" uspid="2" ordinal="0" offset="0" sl="32" sc="9" el="32" ec="27" bec="0" bev="0" fileid="4" />
                <SequencePoint vc="22" uspid="3" ordinal="1" offset="7" sl="33" sc="9" el="33" ec="10" bec="0" bev="0" fileid="4" />
                <SequencePoint vc="22" uspid="4" ordinal="2" offset="8" sl="34" sc="13" el="34" ec="37" bec="2" bev="1" fileid="4" />
                <SequencePoint vc="22" uspid="5" ordinal="3" offset="21" sl="35" sc="17" el="35" ec="52" bec="0" bev="0" fileid="4" />
                <SequencePoint vc="22" uspid="6" ordinal="4" offset="32" sl="36" sc="9" el="36" ec="10" bec="0" bev="0" fileid="4" />
              </SequencePoints>
              <BranchPoints>
                <BranchPoint vc="22" uspid="7" ordinal="0" offset="19" sl="34" path="0" offsetend="21" fileid="4" />
                <BranchPoint vc="0" uspid="8" ordinal="1" offset="19" sl="34" path="1" offsetend="32" fileid="4" />
              </BranchPoints>
              <MethodPoint xsi:type="SequencePoint" vc="22" uspid="2" ordinal="0" offset="0" sl="32" sc="9" el="32" ec="27" bec="0" bev="0" fileid="4" />
            </Method>
            <Method visited="false" cyclomaticComplexity="1" nPathComplexity="0" sequenceCoverage="0" branchCoverage="0" crapScore="2" isConstructor="false" isStatic="false" isGetter="false" isSetter="false">
              <Summary numSequencePoints="2" visitedSequencePoints="0" numBranchPoints="1" visitedBranchPoints="0" sequenceCoverage="0" branchCoverage="0" maxCyclomaticComplexity="1" minCyclomaticComplexity="1" maxCrapScore="2" minCrapScore="2" visitedClasses="0" numClasses="0" visitedMethods="0" numMethods="1" />
              <MetadataToken>100663315</MetadataToken>
              <Name>System.Void ProjetoLoterica.Domain.Features.Resultados.Resultado::Validate()</Name>
              <FileRef uid="4" />
              <SequencePoints>
                <SequencePoint vc="0" uspid="9" ordinal="0" offset="0" sl="38" sc="9" el="38" ec="10" bec="0" bev="0" fileid="4" />
                <SequencePoint vc="0" uspid="10" ordinal="1" offset="1" sl="39" sc="13" el="39" ec="49" bec="0" bev="0" fileid="4" />
              </SequencePoints>
              <BranchPoints />
              <MethodPoint xsi:type="SequencePoint" vc="0" uspid="9" ordinal="0" offset="0" sl="38" sc="9" el="38" ec="10" bec="0" bev="0" fileid="4" />
            </Method>
            <Method visited="true" cyclomaticComplexity="2" nPathComplexity="0" sequenceCoverage="100" branchCoverage="100" crapScore="2" isConstructor="false" isStatic="false" isGetter="false" isSetter="false">
              <Summary numSequencePoints="7" visitedSequencePoints="7" numBranchPoints="1" visitedBranchPoints="1" sequenceCoverage="100" branchCoverage="100" maxCyclomaticComplexity="2" minCyclomaticComplexity="2" maxCrapScore="2" minCrapScore="2" visitedClasses="0" numClasses="0" visitedMethods="1" numMethods="1" />
              <MetadataToken>100663316</MetadataToken>
              <Name>System.Void ProjetoLoterica.Domain.Features.Resultados.Resultado::GetValorTotal()</Name>
              <FileRef uid="4" />
              <SequencePoints>
                <SequencePoint vc="3" uspid="11" ordinal="0" offset="0" sl="43" sc="9" el="43" ec="10" bec="0" bev="0" fileid="4" />
                <SequencePoint vc="3" uspid="12" ordinal="1" offset="1" sl="44" sc="13" el="44" ec="20" bec="0" bev="0" fileid="4" />
                <SequencePoint vc="3" uspid="13" ordinal="2" offset="2" sl="44" sc="34" el="44" ec="52" bec="0" bev="0" fileid="4" />
                <SequencePoint vc="3" uspid="14" ordinal="3" offset="21" sl="44" sc="22" el="44" ec="30" bec="0" bev="0" fileid="4" />
                <SequencePoint vc="3" uspid="15" ordinal="4" offset="29" sl="45" sc="17" el="45" ec="42" bec="0" bev="0" fileid="4" />
                <SequencePoint vc="6" uspid="16" ordinal="5" offset="42" sl="44" sc="31" el="44" ec="33" bec="0" bev="0" fileid="4" />
                <SequencePoint vc="3" uspid="17" ordinal="6" offset="68" sl="46" sc="9" el="46" ec="10" bec="0" bev="0" fileid="4" />
              </SequencePoints>
              <BranchPoints />
              <MethodPoint xsi:type="SequencePoint" vc="3" uspid="11" ordinal="0" offset="0" sl="43" sc="9" el="43" ec="10" bec="0" bev="0" fileid="4" />
            </Method>
            <Method visited="true" cyclomaticComplexity="1" nPathComplexity="0" sequenceCoverage="100" branchCoverage="100" crapScore="1" isConstructor="false" isStatic="false" isGetter="false" isSetter="false">
              <Summary numSequencePoints="3" visitedSequencePoints="3" numBranchPoints="1" visitedBranchPoints="1" sequenceCoverage="100" branchCoverage="100" maxCyclomaticComplexity="1" minCyclomaticComplexity="1" maxCrapScore="1" minCrapScore="1" visitedClasses="0" numClasses="0" visitedMethods="1" numMethods="1" />
              <MetadataToken>100663317</MetadataToken>
              <Name>System.Void ProjetoLoterica.Domain.Features.Resultados.Resultado::GetValorLoterica()</Name>
              <FileRef uid="4" />
              <SequencePoints>
                <SequencePoint vc="3" uspid="20" ordinal="0" offset="0" sl="49" sc="9" el="49" ec="10" bec="0" bev="0" fileid="4" />
                <SequencePoint vc="3" uspid="21" ordinal="1" offset="1" sl="50" sc="13" el="50" ec="61" bec="0" bev="0" fileid="4" />
                <SequencePoint vc="3" uspid="22" ordinal="2" offset="31" sl="51" sc="9" el="51" ec="10" bec="0" bev="0" fileid="4" />
              </SequencePoints>
              <BranchPoints />
              <MethodPoint xsi:type="SequencePoint" vc="3" uspid="20" ordinal="0" offset="0" sl="49" sc="9" el="49" ec="10" bec="0" bev="0" fileid="4" />
            </Method>
            <Method visited="false" cyclomaticComplexity="2" nPathComplexity="2" sequenceCoverage="0" branchCoverage="0" crapScore="6" isConstructor="false" isStatic="false" isGetter="false" isSetter="false">
              <Summary numSequencePoints="8" visitedSequencePoints="0" numBranchPoints="3" visitedBranchPoints="0" sequenceCoverage="0" branchCoverage="0" maxCyclomaticComplexity="2" minCyclomaticComplexity="2" maxCrapScore="6" minCrapScore="6" visitedClasses="0" numClasses="0" visitedMethods="0" numMethods="1" />
              <MetadataToken>100663318</MetadataToken>
              <Name>System.Void ProjetoLoterica.Domain.Features.Resultados.Resultado::VerificarListAposta()</Name>
              <FileRef uid="4" />
              <SequencePoints>
                <SequencePoint vc="0" uspid="23" ordinal="0" offset="0" sl="56" sc="9" el="56" ec="10" bec="0" bev="0" fileid="4" />
                <SequencePoint vc="0" uspid="24" ordinal="1" offset="1" sl="57" sc="18" el="57" ec="27" bec="0" bev="0" fileid="4" />
                <SequencePoint vc="0" uspid="25" ordinal="2" offset="5" sl="58" sc="13" el="58" ec="14" bec="0" bev="0" fileid="4" />
                <SequencePoint vc="0" uspid="26" ordinal="3" offset="6" sl="59" sc="17" el="59" ec="56" bec="0" bev="0" fileid="4" />
                <SequencePoint vc="0" uspid="27" ordinal="4" offset="30" sl="60" sc="13" el="60" ec="14" bec="0" bev="0" fileid="4" />
                <SequencePoint vc="0" uspid="28" ordinal="5" offset="31" sl="57" sc="59" el="57" ec="62" bec="0" bev="0" fileid="4" />
                <SequencePoint vc="0" uspid="29" ordinal="6" offset="35" sl="57" sc="29" el="57" ec="57" bec="2" bev="0" fileid="4" />
                <SequencePoint vc="0" uspid="30" ordinal="7" offset="58" sl="61" sc="9" el="61" ec="10" bec="0" bev="0" fileid="4" />
              </SequencePoints>
              <BranchPoints>
                <BranchPoint vc="0" uspid="31" ordinal="0" offset="56" sl="57" path="0" offsetend="58" fileid="4" />
                <BranchPoint vc="0" uspid="32" ordinal="1" offset="56" sl="57" path="1" offsetend="5" fileid="4" />
              </BranchPoints>
              <MethodPoint xsi:type="SequencePoint" vc="0" uspid="23" ordinal="0" offset="0" sl="56" sc="9" el="56" ec="10" bec="0" bev="0" fileid="4" />
            </Method>
            <Method visited="true" cyclomaticComplexity="7" nPathComplexity="64" sequenceCoverage="100" branchCoverage="100" crapScore="7" isConstructor="false" isStatic="false" isGetter="false" isSetter="false">
              <Summary numSequencePoints="23" visitedSequencePoints="23" numBranchPoints="13" visitedBranchPoints="13" sequenceCoverage="100" branchCoverage="100" maxCyclomaticComplexity="7" minCyclomaticComplexity="7" maxCrapScore="7" minCrapScore="7" visitedClasses="0" numClasses="0" visitedMethods="1" numMethods="1" />
              <MetadataToken>100663319</MetadataToken>
              <Name>System.Void ProjetoLoterica.Domain.Features.Resultados.Resultado::VerificarAposta(ProjetoLoterica.Domain.Features.Apostas.Aposta)</Name>
              <FileRef uid="4" />
              <SequencePoints>
                <SequencePoint vc="3" uspid="33" ordinal="0" offset="0" sl="64" sc="9" el="64" ec="10" bec="0" bev="0" fileid="4" />
                <SequencePoint vc="3" uspid="34" ordinal="1" offset="1" sl="65" sc="13" el="65" ec="38" bec="0" bev="0" fileid="4" />
                <SequencePoint vc="3" uspid="35" ordinal="2" offset="3" sl="66" sc="18" el="66" ec="27" bec="0" bev="0" fileid="4" />
                <SequencePoint vc="18" uspid="36" ordinal="3" offset="7" sl="67" sc="13" el="67" ec="14" bec="0" bev="0" fileid="4" />
                <SequencePoint vc="18" uspid="37" ordinal="4" offset="8" sl="68" sc="22" el="68" ec="31" bec="0" bev="0" fileid="4" />
                <SequencePoint vc="108" uspid="38" ordinal="5" offset="12" sl="69" sc="17" el="69" ec="18" bec="0" bev="0" fileid="4" />
                <SequencePoint vc="108" uspid="39" ordinal="6" offset="13" sl="70" sc="21" el="70" ec="61" bec="2" bev="2" fileid="4" />
                <SequencePoint vc="15" uspid="40" ordinal="7" offset="43" sl="71" sc="21" el="71" ec="22" bec="0" bev="0" fileid="4" />
                <SequencePoint vc="15" uspid="41" ordinal="8" offset="44" sl="72" sc="25" el="72" ec="44" bec="0" bev="0" fileid="4" />
                <SequencePoint vc="15" uspid="42" ordinal="9" offset="48" sl="73" sc="21" el="73" ec="22" bec="0" bev="0" fileid="4" />
                <SequencePoint vc="108" uspid="43" ordinal="10" offset="49" sl="74" sc="17" el="74" ec="18" bec="0" bev="0" fileid="4" />
                <SequencePoint vc="108" uspid="44" ordinal="11" offset="50" sl="68" sc="40" el="68" ec="43" bec="0" bev="0" fileid="4" />
                <SequencePoint vc="126" uspid="45" ordinal="12" offset="54" sl="68" sc="33" el="68" ec="38" bec="2" bev="2" fileid="4" />
                <SequencePoint vc="18" uspid="46" ordinal="13" offset="64" sl="75" sc="13" el="75" ec="14" bec="0" bev="0" fileid="4" />
                <SequencePoint vc="18" uspid="47" ordinal="14" offset="65" sl="66" sc="36" el="66" ec="39" bec="0" bev="0" fileid="4" />
                <SequencePoint vc="21" uspid="48" ordinal="15" offset="69" sl="66" sc="29" el="66" ec="34" bec="2" bev="2" fileid="4" />
                <SequencePoint vc="3" uspid="49" ordinal="16" offset="79" sl="76" sc="13" el="76" ec="39" bec="2" bev="2" fileid="4" />
                <SequencePoint vc="1" uspid="50" ordinal="17" offset="89" sl="77" sc="17" el="77" ec="109" bec="0" bev="0" fileid="4" />
                <SequencePoint vc="3" uspid="51" ordinal="18" offset="121" sl="79" sc="13" el="79" ec="39" bec="2" bev="2" fileid="4" />
                <SequencePoint vc="1" uspid="52" ordinal="19" offset="131" sl="80" sc="17" el="80" ec="108" bec="0" bev="0" fileid="4" />
                <SequencePoint vc="3" uspid="53" ordinal="20" offset="163" sl="82" sc="13" el="82" ec="39" bec="2" bev="2" fileid="4" />
                <SequencePoint vc="1" uspid="54" ordinal="21" offset="173" sl="83" sc="17" el="83" ec="107" bec="0" bev="0" fileid="4" />
                <SequencePoint vc="3" uspid="55" ordinal="22" offset="205" sl="84" sc="9" el="84" ec="10" bec="0" bev="0" fileid="4" />
              </SequencePoints>
              <BranchPoints>
                <BranchPoint vc="15" uspid="56" ordinal="0" offset="41" sl="70" path="0" offsetend="43" fileid="4" />
                <BranchPoint vc="93" uspid="57" ordinal="1" offset="41" sl="70" path="1" offsetend="49" fileid="4" />
                <BranchPoint vc="18" uspid="58" ordinal="2" offset="62" sl="68" path="0" offsetend="64" fileid="4" />
                <BranchPoint vc="108" uspid="59" ordinal="3" offset="62" sl="68" path="1" offsetend="12" fileid="4" />
                <BranchPoint vc="3" uspid="60" ordinal="4" offset="77" sl="66" path="0" offsetend="79" fileid="4" />
                <BranchPoint vc="18" uspid="61" ordinal="5" offset="77" sl="66" path="1" offsetend="7" fileid="4" />
                <BranchPoint vc="1" uspid="62" ordinal="6" offset="87" sl="76" path="0" offsetend="89" fileid="4" />
                <BranchPoint vc="2" uspid="63" ordinal="7" offset="87" sl="76" path="1" offsetend="121" fileid="4" />
                <BranchPoint vc="1" uspid="64" ordinal="8" offset="129" sl="79" path="0" offsetend="131" fileid="4" />
                <BranchPoint vc="2" uspid="65" ordinal="9" offset="129" sl="79" path="1" offsetend="163" fileid="4" />
                <BranchPoint vc="1" uspid="66" ordinal="10" offset="171" sl="82" path="0" offsetend="173" fileid="4" />
                <BranchPoint vc="2" uspid="67" ordinal="11" offset="171" sl="82" path="1" offsetend="205" fileid="4" />
              </BranchPoints>
              <MethodPoint xsi:type="SequencePoint" vc="3" uspid="33" ordinal="0" offset="0" sl="64" sc="9" el="64" ec="10" bec="0" bev="0" fileid="4" />
            </Method>
            <Method visited="true" cyclomaticComplexity="3" nPathComplexity="2" sequenceCoverage="100" branchCoverage="100" crapScore="3" isConstructor="false" isStatic="false" isGetter="false" isSetter="false">
              <Summary numSequencePoints="20" visitedSequencePoints="20" numBranchPoints="3" visitedBranchPoints="3" sequenceCoverage="100" branchCoverage="100" maxCyclomaticComplexity="3" minCyclomaticComplexity="3" maxCrapScore="3" minCrapScore="3" visitedClasses="0" numClasses="0" visitedMethods="1" numMethods="1" />
              <MetadataToken>100663320</MetadataToken>
              <Name>System.Collections.Generic.List`1&lt;ProjetoLoterica.Domain.Features.Apostas.Dezenas.Dezena&gt; ProjetoLoterica.Domain.Features.Resultados.Resultado::FecharConcurso_GerarResultado()</Name>
              <FileRef uid="4" />
              <SequencePoints>
                <SequencePoint vc="1" uspid="68" ordinal="0" offset="0" sl="87" sc="9" el="87" ec="10" bec="0" bev="0" fileid="4" />
                <SequencePoint vc="1" uspid="69" ordinal="1" offset="1" sl="88" sc="13" el="88" ec="39" bec="0" bev="0" fileid="4" />
                <SequencePoint vc="1" uspid="70" ordinal="2" offset="7" sl="89" sc="13" el="89" ec="58" bec="0" bev="0" fileid="4" />
                <SequencePoint vc="1" uspid="71" ordinal="3" offset="13" sl="90" sc="13" el="90" ec="57" bec="0" bev="0" fileid="4" />
                <SequencePoint vc="1" uspid="72" ordinal="4" offset="19" sl="91" sc="13" el="91" ec="55" bec="0" bev="0" fileid="4" />
                <SequencePoint vc="6" uspid="73" ordinal="5" offset="25" sl="94" sc="13" el="94" ec="14" bec="0" bev="0" fileid="4" />
                <SequencePoint vc="6" uspid="74" ordinal="6" offset="26" sl="95" sc="17" el="95" ec="46" bec="0" bev="0" fileid="4" />
                <SequencePoint vc="6" uspid="75" ordinal="7" offset="42" sl="96" sc="13" el="96" ec="14" bec="0" bev="0" fileid="4" />
                <SequencePoint vc="6" uspid="76" ordinal="8" offset="43" sl="96" sc="15" el="96" ec="41" bec="2" bev="2" fileid="4" />
                <SequencePoint vc="1" uspid="77" ordinal="9" offset="58" sl="98" sc="13" el="98" ec="49" bec="0" bev="0" fileid="4" />
                <SequencePoint vc="1" uspid="78" ordinal="10" offset="65" sl="99" sc="13" el="99" ec="37" bec="0" bev="0" fileid="4" />
                <SequencePoint vc="1" uspid="79" ordinal="11" offset="72" sl="101" sc="13" el="101" ec="20" bec="0" bev="0" fileid="4" />
                <SequencePoint vc="1" uspid="80" ordinal="12" offset="73" sl="101" sc="34" el="101" ec="41" bec="0" bev="0" fileid="4" />
                <SequencePoint vc="6" uspid="81" ordinal="13" offset="83" sl="101" sc="22" el="101" ec="30" bec="0" bev="0" fileid="4" />
                <SequencePoint vc="6" uspid="82" ordinal="14" offset="92" sl="102" sc="13" el="102" ec="14" bec="0" bev="0" fileid="4" />
                <SequencePoint vc="6" uspid="83" ordinal="15" offset="93" sl="103" sc="17" el="103" ec="62" bec="0" bev="0" fileid="4" />
                <SequencePoint vc="6" uspid="84" ordinal="16" offset="114" sl="104" sc="13" el="104" ec="14" bec="0" bev="0" fileid="4" />
                <SequencePoint vc="7" uspid="85" ordinal="17" offset="115" sl="101" sc="31" el="101" ec="33" bec="0" bev="0" fileid="4" />
                <SequencePoint vc="1" uspid="86" ordinal="18" offset="141" sl="106" sc="13" el="106" ec="30" bec="0" bev="0" fileid="4" />
                <SequencePoint vc="1" uspid="87" ordinal="19" offset="146" sl="107" sc="9" el="107" ec="10" bec="0" bev="0" fileid="4" />
              </SequencePoints>
              <BranchPoints>
                <BranchPoint vc="1" uspid="88" ordinal="0" offset="56" sl="96" path="0" offsetend="58" fileid="4" />
                <BranchPoint vc="5" uspid="89" ordinal="1" offset="56" sl="96" path="1" offsetend="25" fileid="4" />
              </BranchPoints>
              <MethodPoint xsi:type="SequencePoint" vc="1" uspid="68" ordinal="0" offset="0" sl="87" sc="9" el="87" ec="10" bec="0" bev="0" fileid="4" />
            </Method>
            <Method visited="true" cyclomaticComplexity="5" nPathComplexity="8" sequenceCoverage="100" branchCoverage="100" crapScore="5" isConstructor="false" isStatic="false" isGetter="false" isSetter="false">
              <Summary numSequencePoints="17" visitedSequencePoints="17" numBranchPoints="7" visitedBranchPoints="7" sequenceCoverage="100" branchCoverage="100" maxCyclomaticComplexity="5" minCyclomaticComplexity="5" maxCrapScore="5" minCrapScore="5" visitedClasses="0" numClasses="0" visitedMethods="1" numMethods="1" />
              <MetadataToken>100663321</MetadataToken>
              <Name>System.Void ProjetoLoterica.Domain.Features.Resultados.Resultado::VerificaGahadores()</Name>
              <FileRef uid="4" />
              <SequencePoints>
                <SequencePoint vc="3" uspid="92" ordinal="0" offset="0" sl="198" sc="9" el="198" ec="10" bec="0" bev="0" fileid="4" />
                <SequencePoint vc="3" uspid="93" ordinal="1" offset="1" sl="199" sc="13" el="199" ec="29" bec="0" bev="0" fileid="4" />
                <SequencePoint vc="3" uspid="94" ordinal="2" offset="8" sl="200" sc="13" el="200" ec="32" bec="0" bev="0" fileid="4" />
                <SequencePoint vc="3" uspid="95" ordinal="3" offset="15" sl="202" sc="13" el="202" ec="20" bec="0" bev="0" fileid="4" />
                <SequencePoint vc="3" uspid="96" ordinal="4" offset="16" sl="202" sc="34" el="202" ec="45" bec="0" bev="0" fileid="4" />
                <SequencePoint vc="9" uspid="97" ordinal="5" offset="30" sl="202" sc="22" el="202" ec="30" bec="0" bev="0" fileid="4" />
                <SequencePoint vc="9" uspid="98" ordinal="6" offset="38" sl="203" sc="13" el="203" ec="14" bec="0" bev="0" fileid="4" />
                <SequencePoint vc="9" uspid="99" ordinal="7" offset="39" sl="204" sc="17" el="204" ec="68" bec="2" bev="2" fileid="4" />
                <SequencePoint vc="1" uspid="100" ordinal="8" offset="52" sl="205" sc="21" el="205" ec="40" bec="0" bev="0" fileid="4" />
                <SequencePoint vc="9" uspid="101" ordinal="9" offset="66" sl="206" sc="17" el="206" ec="67" bec="2" bev="2" fileid="4" />
                <SequencePoint vc="1" uspid="102" ordinal="10" offset="79" sl="207" sc="21" el="207" ec="39" bec="0" bev="0" fileid="4" />
                <SequencePoint vc="9" uspid="103" ordinal="11" offset="93" sl="208" sc="17" el="208" ec="66" bec="2" bev="2" fileid="4" />
                <SequencePoint vc="1" uspid="104" ordinal="12" offset="108" sl="209" sc="21" el="209" ec="38" bec="0" bev="0" fileid="4" />
                <SequencePoint vc="9" uspid="105" ordinal="13" offset="122" sl="210" sc="13" el="210" ec="14" bec="0" bev="0" fileid="4" />
                <SequencePoint vc="12" uspid="106" ordinal="14" offset="123" sl="202" sc="31" el="202" ec="33" bec="0" bev="0" fileid="4" />
                <SequencePoint vc="3" uspid="107" ordinal="15" offset="149" sl="211" sc="13" el="211" ec="29" bec="0" bev="0" fileid="4" />
                <SequencePoint vc="3" uspid="108" ordinal="16" offset="156" sl="212" sc="9" el="212" ec="10" bec="0" bev="0" fileid="4" />
              </SequencePoints>
              <BranchPoints>
                <BranchPoint vc="1" uspid="109" ordinal="0" offset="50" sl="204" path="0" offsetend="52" fileid="4" />
                <BranchPoint vc="8" uspid="110" ordinal="1" offset="50" sl="204" path="1" offsetend="66" fileid="4" />
                <BranchPoint vc="1" uspid="111" ordinal="2" offset="77" sl="206" path="0" offsetend="79" fileid="4" />
                <BranchPoint vc="8" uspid="112" ordinal="3" offset="77" sl="206" path="1" offsetend="93" fileid="4" />
                <BranchPoint vc="1" uspid="113" ordinal="4" offset="106" sl="208" path="0" offsetend="108" fileid="4" />
                <BranchPoint vc="8" uspid="114" ordinal="5" offset="106" sl="208" path="1" offsetend="122" fileid="4" />
              </BranchPoints>
              <MethodPoint xsi:type="SequencePoint" vc="3" uspid="92" ordinal="0" offset="0" sl="198" sc="9" el="198" ec="10" bec="0" bev="0" fileid="4" />
            </Method>
            <Method visited="true" cyclomaticComplexity="8" nPathComplexity="64" sequenceCoverage="80.95" branchCoverage="53.85" crapScore="8.44" isConstructor="false" isStatic="false" isGetter="false" isSetter="false">
              <Summary numSequencePoints="21" visitedSequencePoints="17" numBranchPoints="13" visitedBranchPoints="7" sequenceCoverage="80.95" branchCoverage="53.85" maxCyclomaticComplexity="8" minCyclomaticComplexity="8" maxCrapScore="8.44" minCrapScore="8.44" visitedClasses="0" numClasses="0" visitedMethods="1" numMethods="1" />
              <MetadataToken>100663322</MetadataToken>
              <Name>System.Void ProjetoLoterica.Domain.Features.Resultados.Resultado::PremiarQuadra()</Name>
              <FileRef uid="4" />
              <SequencePoints>
                <SequencePoint vc="3" uspid="117" ordinal="0" offset="0" sl="215" sc="9" el="215" ec="10" bec="0" bev="0" fileid="4" />
                <SequencePoint vc="3" uspid="118" ordinal="1" offset="1" sl="216" sc="13" el="216" ec="38" bec="2" bev="2" fileid="4" />
                <SequencePoint vc="1" uspid="119" ordinal="2" offset="17" sl="217" sc="13" el="217" ec="14" bec="0" bev="0" fileid="4" />
                <SequencePoint vc="1" uspid="120" ordinal="3" offset="18" sl="218" sc="17" el="218" ec="47" bec="0" bev="0" fileid="4" />
                <SequencePoint vc="1" uspid="121" ordinal="4" offset="52" sl="220" sc="17" el="220" ec="24" bec="0" bev="0" fileid="4" />
                <SequencePoint vc="1" uspid="122" ordinal="5" offset="53" sl="220" sc="38" el="220" ec="49" bec="0" bev="0" fileid="4" />
                <SequencePoint vc="3" uspid="123" ordinal="6" offset="70" sl="220" sc="26" el="220" ec="34" bec="0" bev="0" fileid="4" />
                <SequencePoint vc="3" uspid="124" ordinal="7" offset="78" sl="221" sc="17" el="221" ec="18" bec="0" bev="0" fileid="4" />
                <SequencePoint vc="3" uspid="125" ordinal="8" offset="79" sl="222" sc="21" el="222" ec="72" bec="2" bev="2" fileid="4" />
                <SequencePoint vc="1" uspid="126" ordinal="9" offset="92" sl="223" sc="25" el="223" ec="77" bec="0" bev="0" fileid="4" />
                <SequencePoint vc="3" uspid="127" ordinal="10" offset="112" sl="225" sc="21" el="225" ec="71" bec="2" bev="1" fileid="4" />
                <SequencePoint vc="0" uspid="128" ordinal="11" offset="127" sl="226" sc="25" el="226" ec="49" bec="2" bev="0" fileid="4" />
                <SequencePoint vc="0" uspid="129" ordinal="12" offset="142" sl="227" sc="29" el="227" ec="79" bec="0" bev="0" fileid="4" />
                <SequencePoint vc="3" uspid="130" ordinal="13" offset="162" sl="229" sc="21" el="229" ec="70" bec="2" bev="1" fileid="4" />
                <SequencePoint vc="0" uspid="131" ordinal="14" offset="177" sl="230" sc="25" el="230" ec="48" bec="2" bev="0" fileid="4" />
                <SequencePoint vc="0" uspid="132" ordinal="15" offset="192" sl="231" sc="29" el="231" ec="77" bec="0" bev="0" fileid="4" />
                <SequencePoint vc="3" uspid="133" ordinal="16" offset="212" sl="232" sc="17" el="232" ec="18" bec="0" bev="0" fileid="4" />
                <SequencePoint vc="4" uspid="134" ordinal="17" offset="213" sl="220" sc="35" el="220" ec="37" bec="0" bev="0" fileid="4" />
                <SequencePoint vc="1" uspid="135" ordinal="18" offset="242" sl="233" sc="13" el="233" ec="14" bec="0" bev="0" fileid="4" />
                <SequencePoint vc="2" uspid="136" ordinal="19" offset="245" sl="235" sc="17" el="235" ec="32" bec="0" bev="0" fileid="4" />
                <SequencePoint vc="3" uspid="137" ordinal="20" offset="252" sl="236" sc="9" el="236" ec="10" bec="0" bev="0" fileid="4" />
              </SequencePoints>
              <BranchPoints>
                <BranchPoint vc="1" uspid="138" ordinal="0" offset="12" sl="216" path="0" offsetend="17" fileid="4" />
                <BranchPoint vc="2" uspid="139" ordinal="1" offset="12" sl="216" path="1" offsetend="245" fileid="4" />
                <BranchPoint vc="1" uspid="140" ordinal="2" offset="90" sl="222" path="0" offsetend="92" fileid="4" />
                <BranchPoint vc="2" uspid="141" ordinal="3" offset="90" sl="222" path="1" offsetend="112" fileid="4" />
                <BranchPoint vc="0" uspid="142" ordinal="4" offset="125" sl="225" path="0" offsetend="127" fileid="4" />
                <BranchPoint vc="3" uspid="143" ordinal="5" offset="125" sl="225" path="1" offsetend="162" fileid="4" />
                <BranchPoint vc="0" uspid="144" ordinal="6" offset="140" sl="226" path="0" offsetend="142" fileid="4" />
                <BranchPoint vc="0" uspid="145" ordinal="7" offset="140" sl="226" path="1" offsetend="162" fileid="4" />
                <BranchPoint vc="0" uspid="146" ordinal="8" offset="175" sl="229" path="0" offsetend="177" fileid="4" />
                <BranchPoint vc="3" uspid="147" ordinal="9" offset="175" sl="229" path="1" offsetend="212" fileid="4" />
                <BranchPoint vc="0" uspid="148" ordinal="10" offset="190" sl="230" path="0" offsetend="192" fileid="4" />
                <BranchPoint vc="0" uspid="149" ordinal="11" offset="190" sl="230" path="1" offsetend="212" fileid="4" />
              </BranchPoints>
              <MethodPoint xsi:type="SequencePoint" vc="3" uspid="117" ordinal="0" offset="0" sl="215" sc="9" el="215" ec="10" bec="0" bev="0" fileid="4" />
            </Method>
            <Method visited="true" cyclomaticComplexity="6" nPathComplexity="16" sequenceCoverage="88.89" branchCoverage="66.67" crapScore="6.05" isConstructor="false" isStatic="false" isGetter="false" isSetter="false">
              <Summary numSequencePoints="18" visitedSequencePoints="16" numBranchPoints="9" visitedBranchPoints="6" sequenceCoverage="88.89" branchCoverage="66.67" maxCyclomaticComplexity="6" minCyclomaticComplexity="6" maxCrapScore="6.05" minCrapScore="6.05" visitedClasses="0" numClasses="0" visitedMethods="1" numMethods="1" />
              <MetadataToken>100663323</MetadataToken>
              <Name>System.Void ProjetoLoterica.Domain.Features.Resultados.Resultado::PremiarQuina()</Name>
              <FileRef uid="4" />
              <SequencePoints>
                <SequencePoint vc="2" uspid="152" ordinal="0" offset="0" sl="239" sc="9" el="239" ec="10" bec="0" bev="0" fileid="4" />
                <SequencePoint vc="2" uspid="153" ordinal="1" offset="1" sl="240" sc="13" el="240" ec="37" bec="2" bev="2" fileid="4" />
                <SequencePoint vc="1" uspid="154" ordinal="2" offset="17" sl="241" sc="13" el="241" ec="14" bec="0" bev="0" fileid="4" />
                <SequencePoint vc="1" uspid="155" ordinal="3" offset="18" sl="242" sc="17" el="242" ec="46" bec="0" bev="0" fileid="4" />
                <SequencePoint vc="1" uspid="156" ordinal="4" offset="52" sl="244" sc="17" el="244" ec="24" bec="0" bev="0" fileid="4" />
                <SequencePoint vc="1" uspid="157" ordinal="5" offset="53" sl="244" sc="38" el="244" ec="49" bec="0" bev="0" fileid="4" />
                <SequencePoint vc="3" uspid="158" ordinal="6" offset="67" sl="244" sc="26" el="244" ec="34" bec="0" bev="0" fileid="4" />
                <SequencePoint vc="3" uspid="159" ordinal="7" offset="75" sl="245" sc="17" el="245" ec="18" bec="0" bev="0" fileid="4" />
                <SequencePoint vc="3" uspid="160" ordinal="8" offset="76" sl="246" sc="21" el="246" ec="71" bec="2" bev="2" fileid="4" />
                <SequencePoint vc="1" uspid="161" ordinal="9" offset="89" sl="247" sc="25" el="247" ec="76" bec="0" bev="0" fileid="4" />
                <SequencePoint vc="3" uspid="162" ordinal="10" offset="109" sl="249" sc="21" el="249" ec="70" bec="2" bev="1" fileid="4" />
                <SequencePoint vc="0" uspid="163" ordinal="11" offset="124" sl="250" sc="25" el="250" ec="48" bec="2" bev="0" fileid="4" />
                <SequencePoint vc="0" uspid="164" ordinal="12" offset="139" sl="251" sc="29" el="251" ec="77" bec="0" bev="0" fileid="4" />
                <SequencePoint vc="3" uspid="165" ordinal="13" offset="159" sl="252" sc="17" el="252" ec="18" bec="0" bev="0" fileid="4" />
                <SequencePoint vc="4" uspid="166" ordinal="14" offset="160" sl="244" sc="35" el="244" ec="37" bec="0" bev="0" fileid="4" />
                <SequencePoint vc="1" uspid="167" ordinal="15" offset="186" sl="253" sc="13" el="253" ec="14" bec="0" bev="0" fileid="4" />
                <SequencePoint vc="1" uspid="168" ordinal="16" offset="189" sl="255" sc="17" el="255" ec="31" bec="0" bev="0" fileid="4" />
                <SequencePoint vc="2" uspid="169" ordinal="17" offset="196" sl="256" sc="9" el="256" ec="10" bec="0" bev="0" fileid="4" />
              </SequencePoints>
              <BranchPoints>
                <BranchPoint vc="1" uspid="170" ordinal="0" offset="12" sl="240" path="0" offsetend="17" fileid="4" />
                <BranchPoint vc="1" uspid="171" ordinal="1" offset="12" sl="240" path="1" offsetend="189" fileid="4" />
                <BranchPoint vc="1" uspid="172" ordinal="2" offset="87" sl="246" path="0" offsetend="89" fileid="4" />
                <BranchPoint vc="2" uspid="173" ordinal="3" offset="87" sl="246" path="1" offsetend="109" fileid="4" />
                <BranchPoint vc="0" uspid="174" ordinal="4" offset="122" sl="249" path="0" offsetend="124" fileid="4" />
                <BranchPoint vc="3" uspid="175" ordinal="5" offset="122" sl="249" path="1" offsetend="159" fileid="4" />
                <BranchPoint vc="0" uspid="176" ordinal="6" offset="137" sl="250" path="0" offsetend="139" fileid="4" />
                <BranchPoint vc="0" uspid="177" ordinal="7" offset="137" sl="250" path="1" offsetend="159" fileid="4" />
              </BranchPoints>
              <MethodPoint xsi:type="SequencePoint" vc="2" uspid="152" ordinal="0" offset="0" sl="239" sc="9" el="239" ec="10" bec="0" bev="0" fileid="4" />
            </Method>
            <Method visited="true" cyclomaticComplexity="4" nPathComplexity="4" sequenceCoverage="100" branchCoverage="80" crapScore="4" isConstructor="false" isStatic="false" isGetter="false" isSetter="false">
              <Summary numSequencePoints="14" visitedSequencePoints="14" numBranchPoints="5" visitedBranchPoints="4" sequenceCoverage="100" branchCoverage="80" maxCyclomaticComplexity="4" minCyclomaticComplexity="4" maxCrapScore="4" minCrapScore="4" visitedClasses="0" numClasses="0" visitedMethods="1" numMethods="1" />
              <MetadataToken>100663324</MetadataToken>
              <Name>System.Void ProjetoLoterica.Domain.Features.Resultados.Resultado::PremiarSena()</Name>
              <FileRef uid="4" />
              <SequencePoints>
                <SequencePoint vc="1" uspid="180" ordinal="0" offset="0" sl="259" sc="9" el="259" ec="10" bec="0" bev="0" fileid="4" />
                <SequencePoint vc="1" uspid="181" ordinal="1" offset="1" sl="260" sc="13" el="260" ec="36" bec="2" bev="1" fileid="4" />
                <SequencePoint vc="1" uspid="182" ordinal="2" offset="14" sl="261" sc="13" el="261" ec="14" bec="0" bev="0" fileid="4" />
                <SequencePoint vc="1" uspid="183" ordinal="3" offset="15" sl="262" sc="17" el="262" ec="39" bec="0" bev="0" fileid="4" />
                <SequencePoint vc="1" uspid="184" ordinal="4" offset="49" sl="264" sc="17" el="264" ec="24" bec="0" bev="0" fileid="4" />
                <SequencePoint vc="1" uspid="185" ordinal="5" offset="50" sl="264" sc="38" el="264" ec="49" bec="0" bev="0" fileid="4" />
                <SequencePoint vc="3" uspid="186" ordinal="6" offset="64" sl="264" sc="26" el="264" ec="34" bec="0" bev="0" fileid="4" />
                <SequencePoint vc="3" uspid="187" ordinal="7" offset="72" sl="265" sc="17" el="265" ec="18" bec="0" bev="0" fileid="4" />
                <SequencePoint vc="3" uspid="188" ordinal="8" offset="73" sl="266" sc="21" el="266" ec="70" bec="2" bev="2" fileid="4" />
                <SequencePoint vc="1" uspid="189" ordinal="9" offset="86" sl="267" sc="25" el="267" ec="73" bec="0" bev="0" fileid="4" />
                <SequencePoint vc="3" uspid="190" ordinal="10" offset="106" sl="268" sc="17" el="268" ec="18" bec="0" bev="0" fileid="4" />
                <SequencePoint vc="4" uspid="191" ordinal="11" offset="107" sl="264" sc="35" el="264" ec="37" bec="0" bev="0" fileid="4" />
                <SequencePoint vc="1" uspid="192" ordinal="12" offset="133" sl="269" sc="13" el="269" ec="14" bec="0" bev="0" fileid="4" />
                <SequencePoint vc="1" uspid="193" ordinal="13" offset="134" sl="270" sc="9" el="270" ec="10" bec="0" bev="0" fileid="4" />
              </SequencePoints>
              <BranchPoints>
                <BranchPoint vc="1" uspid="194" ordinal="0" offset="12" sl="260" path="0" offsetend="14" fileid="4" />
                <BranchPoint vc="0" uspid="195" ordinal="1" offset="12" sl="260" path="1" offsetend="134" fileid="4" />
                <BranchPoint vc="1" uspid="196" ordinal="2" offset="84" sl="266" path="0" offsetend="86" fileid="4" />
                <BranchPoint vc="2" uspid="197" ordinal="3" offset="84" sl="266" path="1" offsetend="106" fileid="4" />
              </BranchPoints>
              <MethodPoint xsi:type="SequencePoint" vc="1" uspid="180" ordinal="0" offset="0" sl="259" sc="9" el="259" ec="10" bec="0" bev="0" fileid="4" />
            </Method>
            <Method visited="true" cyclomaticComplexity="1" nPathComplexity="0" sequenceCoverage="100" branchCoverage="100" crapScore="1" isConstructor="false" isStatic="false" isGetter="false" isSetter="false">
              <Summary numSequencePoints="5" visitedSequencePoints="5" numBranchPoints="1" visitedBranchPoints="1" sequenceCoverage="100" branchCoverage="100" maxCyclomaticComplexity="1" minCyclomaticComplexity="1" maxCrapScore="1" minCrapScore="1" visitedClasses="0" numClasses="0" visitedMethods="1" numMethods="1" />
              <MetadataToken>100663325</MetadataToken>
              <Name>System.Void ProjetoLoterica.Domain.Features.Resultados.Resultado::DividirPremios(System.Double,System.Double,System.Double)</Name>
              <FileRef uid="4" />
              <SequencePoints>
                <SequencePoint vc="9" uspid="200" ordinal="0" offset="0" sl="273" sc="9" el="273" ec="10" bec="0" bev="0" fileid="4" />
                <SequencePoint vc="9" uspid="201" ordinal="1" offset="1" sl="274" sc="17" el="274" ec="53" bec="0" bev="0" fileid="4" />
                <SequencePoint vc="9" uspid="202" ordinal="2" offset="16" sl="275" sc="17" el="275" ec="51" bec="0" bev="0" fileid="4" />
                <SequencePoint vc="9" uspid="203" ordinal="3" offset="31" sl="276" sc="17" el="276" ec="49" bec="0" bev="0" fileid="4" />
                <SequencePoint vc="9" uspid="204" ordinal="4" offset="46" sl="277" sc="9" el="277" ec="10" bec="0" bev="0" fileid="4" />
              </SequencePoints>
              <BranchPoints />
              <MethodPoint xsi:type="SequencePoint" vc="9" uspid="200" ordinal="0" offset="0" sl="273" sc="9" el="273" ec="10" bec="0" bev="0" fileid="4" />
            </Method>
          </Methods>
        </Class>
        <Class>
          <Summary numSequencePoints="8" visitedSequencePoints="8" numBranchPoints="5" visitedBranchPoints="5" sequenceCoverage="100" branchCoverage="100" maxCyclomaticComplexity="3" minCyclomaticComplexity="1" maxCrapScore="3" minCrapScore="2" visitedClasses="1" numClasses="1" visitedMethods="1" numMethods="1" />
          <FullName>ProjetoLoterica.Domain.Features.Concursos.Concurso</FullName>
          <Methods>
            <Method skippedDueTo="AutoImplementedProperty" visited="false" cyclomaticComplexity="1" nPathComplexity="0" sequenceCoverage="0" branchCoverage="0" crapScore="0" isConstructor="false" isStatic="false" isGetter="true" isSetter="false">
              <MetadataToken>100663326</MetadataToken>
              <Name>System.Int64 ProjetoLoterica.Domain.Features.Concursos.Concurso::get__Numero()</Name>
              <FileRef uid="5" />
              <SequencePoints />
              <BranchPoints />
            </Method>
            <Method skippedDueTo="AutoImplementedProperty" visited="false" cyclomaticComplexity="1" nPathComplexity="0" sequenceCoverage="0" branchCoverage="0" crapScore="0" isConstructor="false" isStatic="false" isGetter="false" isSetter="true">
              <MetadataToken>100663327</MetadataToken>
              <Name>System.Void ProjetoLoterica.Domain.Features.Concursos.Concurso::set__Numero(System.Int64)</Name>
              <FileRef uid="5" />
              <SequencePoints />
              <BranchPoints />
            </Method>
            <Method skippedDueTo="AutoImplementedProperty" visited="false" cyclomaticComplexity="1" nPathComplexity="0" sequenceCoverage="0" branchCoverage="0" crapScore="0" isConstructor="false" isStatic="false" isGetter="true" isSetter="false">
              <MetadataToken>100663328</MetadataToken>
              <Name>System.Collections.Generic.List`1&lt;ProjetoLoterica.Domain.Features.Apostas.Aposta&gt; ProjetoLoterica.Domain.Features.Concursos.Concurso::get__Apostas()</Name>
              <FileRef uid="5" />
              <SequencePoints />
              <BranchPoints />
            </Method>
            <Method skippedDueTo="AutoImplementedProperty" visited="false" cyclomaticComplexity="1" nPathComplexity="0" sequenceCoverage="0" branchCoverage="0" crapScore="0" isConstructor="false" isStatic="false" isGetter="false" isSetter="true">
              <MetadataToken>100663329</MetadataToken>
              <Name>System.Void ProjetoLoterica.Domain.Features.Concursos.Concurso::set__Apostas(System.Collections.Generic.List`1&lt;ProjetoLoterica.Domain.Features.Apostas.Aposta&gt;)</Name>
              <FileRef uid="5" />
              <SequencePoints />
              <BranchPoints />
            </Method>
            <Method visited="true" cyclomaticComplexity="3" nPathComplexity="4" sequenceCoverage="100" branchCoverage="100" crapScore="3" isConstructor="false" isStatic="false" isGetter="false" isSetter="false">
              <Summary numSequencePoints="8" visitedSequencePoints="8" numBranchPoints="5" visitedBranchPoints="5" sequenceCoverage="100" branchCoverage="100" maxCyclomaticComplexity="3" minCyclomaticComplexity="3" maxCrapScore="3" minCrapScore="3" visitedClasses="0" numClasses="0" visitedMethods="1" numMethods="1" />
              <MetadataToken>100663330</MetadataToken>
              <Name>System.Void ProjetoLoterica.Domain.Features.Concursos.Concurso::Validate()</Name>
              <FileRef uid="5" />
              <SequencePoints>
                <SequencePoint vc="3" uspid="205" ordinal="0" offset="0" sl="18" sc="9" el="18" ec="10" bec="0" bev="0" fileid="5" />
                <SequencePoint vc="3" uspid="206" ordinal="1" offset="1" sl="19" sc="13" el="19" ec="29" bec="2" bev="2" fileid="5" />
                <SequencePoint vc="1" uspid="207" ordinal="2" offset="15" sl="20" sc="13" el="20" ec="14" bec="0" bev="0" fileid="5" />
                <SequencePoint vc="1" uspid="208" ordinal="3" offset="16" sl="21" sc="17" el="21" ec="60" bec="0" bev="0" fileid="5" />
                <SequencePoint vc="2" uspid="209" ordinal="4" offset="22" sl="23" sc="13" el="23" ec="34" bec="2" bev="2" fileid="5" />
                <SequencePoint vc="1" uspid="210" ordinal="5" offset="35" sl="24" sc="13" el="24" ec="14" bec="0" bev="0" fileid="5" />
                <SequencePoint vc="1" uspid="211" ordinal="6" offset="36" sl="25" sc="17" el="25" ec="58" bec="0" bev="0" fileid="5" />
                <SequencePoint vc="1" uspid="212" ordinal="7" offset="42" sl="29" sc="9" el="29" ec="10" bec="0" bev="0" fileid="5" />
              </SequencePoints>
              <BranchPoints>
                <BranchPoint vc="1" uspid="213" ordinal="0" offset="13" sl="19" path="0" offsetend="15" fileid="5" />
                <BranchPoint vc="2" uspid="214" ordinal="1" offset="13" sl="19" path="1" offsetend="22" fileid="5" />
                <BranchPoint vc="1" uspid="215" ordinal="2" offset="33" sl="23" path="0" offsetend="35" fileid="5" />
                <BranchPoint vc="1" uspid="216" ordinal="3" offset="33" sl="23" path="1" offsetend="42" fileid="5" />
              </BranchPoints>
              <MethodPoint xsi:type="SequencePoint" vc="3" uspid="205" ordinal="0" offset="0" sl="18" sc="9" el="18" ec="10" bec="0" bev="0" fileid="5" />
            </Method>
            <Method visited="false" cyclomaticComplexity="1" nPathComplexity="0" sequenceCoverage="0" branchCoverage="0" crapScore="2" isConstructor="true" isStatic="false" isGetter="false" isSetter="false">
              <Summary numSequencePoints="0" visitedSequencePoints="0" numBranchPoints="0" visitedBranchPoints="0" sequenceCoverage="0" branchCoverage="0" maxCyclomaticComplexity="1" minCyclomaticComplexity="1" maxCrapScore="2" minCrapScore="2" visitedClasses="0" numClasses="0" visitedMethods="0" numMethods="0" />
              <MetadataToken>100663331</MetadataToken>
              <Name>System.Void ProjetoLoterica.Domain.Features.Concursos.Concurso::.ctor()</Name>
              <SequencePoints />
              <BranchPoints />
              <MethodPoint vc="0" uspid="217" ordinal="0" offset="0" />
            </Method>
          </Methods>
        </Class>
        <Class>
          <Summary numSequencePoints="49" visitedSequencePoints="49" numBranchPoints="14" visitedBranchPoints="14" sequenceCoverage="100" branchCoverage="100" maxCyclomaticComplexity="3" minCyclomaticComplexity="1" maxCrapScore="3" minCrapScore="1" visitedClasses="1" numClasses="1" visitedMethods="6" numMethods="6" />
          <FullName>ProjetoLoterica.Domain.Features.Boloes.Bolao</FullName>
          <Methods>
            <Method skippedDueTo="AutoImplementedProperty" visited="false" cyclomaticComplexity="1" nPathComplexity="0" sequenceCoverage="0" branchCoverage="0" crapScore="0" isConstructor="false" isStatic="false" isGetter="true" isSetter="false">
              <MetadataToken>100663334</MetadataToken>
              <Name>System.Int32 ProjetoLoterica.Domain.Features.Boloes.Bolao::get_QtdApostas()</Name>
              <FileRef uid="8" />
              <SequencePoints />
              <BranchPoints />
            </Method>
            <Method skippedDueTo="AutoImplementedProperty" visited="false" cyclomaticComplexity="1" nPathComplexity="0" sequenceCoverage="0" branchCoverage="0" crapScore="0" isConstructor="false" isStatic="false" isGetter="false" isSetter="true">
              <MetadataToken>100663335</MetadataToken>
              <Name>System.Void ProjetoLoterica.Domain.Features.Boloes.Bolao::set_QtdApostas(System.Int32)</Name>
              <FileRef uid="8" />
              <SequencePoints />
              <BranchPoints />
            </Method>
            <Method skippedDueTo="AutoImplementedProperty" visited="false" cyclomaticComplexity="1" nPathComplexity="0" sequenceCoverage="0" branchCoverage="0" crapScore="0" isConstructor="false" isStatic="false" isGetter="true" isSetter="false">
              <MetadataToken>100663336</MetadataToken>
              <Name>System.Double ProjetoLoterica.Domain.Features.Boloes.Bolao::get__ValorTotal()</Name>
              <FileRef uid="8" />
              <SequencePoints />
              <BranchPoints />
            </Method>
            <Method skippedDueTo="AutoImplementedProperty" visited="false" cyclomaticComplexity="1" nPathComplexity="0" sequenceCoverage="0" branchCoverage="0" crapScore="0" isConstructor="false" isStatic="false" isGetter="false" isSetter="true">
              <MetadataToken>100663337</MetadataToken>
              <Name>System.Void ProjetoLoterica.Domain.Features.Boloes.Bolao::set__ValorTotal(System.Double)</Name>
              <FileRef uid="8" />
              <SequencePoints />
              <BranchPoints />
            </Method>
            <Method skippedDueTo="AutoImplementedProperty" visited="false" cyclomaticComplexity="1" nPathComplexity="0" sequenceCoverage="0" branchCoverage="0" crapScore="0" isConstructor="false" isStatic="false" isGetter="true" isSetter="false">
              <MetadataToken>100663338</MetadataToken>
              <Name>System.Collections.Generic.List`1&lt;ProjetoLoterica.Domain.Features.Apostas.Aposta&gt; ProjetoLoterica.Domain.Features.Boloes.Bolao::get__Aposta()</Name>
              <FileRef uid="8" />
              <SequencePoints />
              <BranchPoints />
            </Method>
            <Method skippedDueTo="AutoImplementedProperty" visited="false" cyclomaticComplexity="1" nPathComplexity="0" sequenceCoverage="0" branchCoverage="0" crapScore="0" isConstructor="false" isStatic="false" isGetter="false" isSetter="true">
              <MetadataToken>100663339</MetadataToken>
              <Name>System.Void ProjetoLoterica.Domain.Features.Boloes.Bolao::set__Aposta(System.Collections.Generic.List`1&lt;ProjetoLoterica.Domain.Features.Apostas.Aposta&gt;)</Name>
              <FileRef uid="8" />
              <SequencePoints />
              <BranchPoints />
            </Method>
            <Method visited="true" cyclomaticComplexity="3" nPathComplexity="4" sequenceCoverage="100" branchCoverage="100" crapScore="3" isConstructor="false" isStatic="false" isGetter="false" isSetter="false">
              <Summary numSequencePoints="6" visitedSequencePoints="6" numBranchPoints="5" visitedBranchPoints="5" sequenceCoverage="100" branchCoverage="100" maxCyclomaticComplexity="3" minCyclomaticComplexity="3" maxCrapScore="3" minCrapScore="3" visitedClasses="0" numClasses="0" visitedMethods="1" numMethods="1" />
              <MetadataToken>100663340</MetadataToken>
              <Name>System.Void ProjetoLoterica.Domain.Features.Boloes.Bolao::Validate()</Name>
              <FileRef uid="8" />
              <SequencePoints>
                <SequencePoint vc="3" uspid="218" ordinal="0" offset="0" sl="22" sc="9" el="22" ec="10" bec="0" bev="0" fileid="8" />
                <SequencePoint vc="3" uspid="219" ordinal="1" offset="1" sl="23" sc="13" el="23" ec="33" bec="2" bev="2" fileid="8" />
                <SequencePoint vc="1" uspid="220" ordinal="2" offset="14" sl="24" sc="17" el="24" ec="52" bec="0" bev="0" fileid="8" />
                <SequencePoint vc="2" uspid="221" ordinal="3" offset="20" sl="25" sc="13" el="25" ec="35" bec="2" bev="2" fileid="8" />
                <SequencePoint vc="1" uspid="222" ordinal="4" offset="38" sl="26" sc="17" el="26" ec="60" bec="0" bev="0" fileid="8" />
                <SequencePoint vc="1" uspid="223" ordinal="5" offset="44" sl="27" sc="9" el="27" ec="10" bec="0" bev="0" fileid="8" />
              </SequencePoints>
              <BranchPoints>
                <BranchPoint vc="1" uspid="224" ordinal="0" offset="12" sl="23" path="0" offsetend="14" fileid="8" />
                <BranchPoint vc="2" uspid="225" ordinal="1" offset="12" sl="23" path="1" offsetend="20" fileid="8" />
                <BranchPoint vc="1" uspid="226" ordinal="2" offset="36" sl="25" path="0" offsetend="38" fileid="8" />
                <BranchPoint vc="1" uspid="227" ordinal="3" offset="36" sl="25" path="1" offsetend="44" fileid="8" />
              </BranchPoints>
              <MethodPoint xsi:type="SequencePoint" vc="3" uspid="218" ordinal="0" offset="0" sl="22" sc="9" el="22" ec="10" bec="0" bev="0" fileid="8" />
            </Method>
            <Method visited="true" cyclomaticComplexity="2" nPathComplexity="0" sequenceCoverage="100" branchCoverage="100" crapScore="2" isConstructor="false" isStatic="false" isGetter="false" isSetter="false">
              <Summary numSequencePoints="9" visitedSequencePoints="9" numBranchPoints="1" visitedBranchPoints="1" sequenceCoverage="100" branchCoverage="100" maxCyclomaticComplexity="2" minCyclomaticComplexity="2" maxCrapScore="2" minCrapScore="2" visitedClasses="0" numClasses="0" visitedMethods="1" numMethods="1" />
              <MetadataToken>100663341</MetadataToken>
              <Name>System.Void ProjetoLoterica.Domain.Features.Boloes.Bolao::GetValorTotal()</Name>
              <FileRef uid="8" />
              <SequencePoints>
                <SequencePoint vc="3" uspid="228" ordinal="0" offset="0" sl="30" sc="9" el="30" ec="10" bec="0" bev="0" fileid="8" />
                <SequencePoint vc="3" uspid="229" ordinal="1" offset="1" sl="31" sc="13" el="31" ec="20" bec="0" bev="0" fileid="8" />
                <SequencePoint vc="3" uspid="230" ordinal="2" offset="2" sl="31" sc="34" el="31" ec="41" bec="0" bev="0" fileid="8" />
                <SequencePoint vc="6" uspid="231" ordinal="3" offset="16" sl="31" sc="22" el="31" ec="30" bec="0" bev="0" fileid="8" />
                <SequencePoint vc="6" uspid="232" ordinal="4" offset="24" sl="32" sc="13" el="32" ec="14" bec="0" bev="0" fileid="8" />
                <SequencePoint vc="6" uspid="233" ordinal="5" offset="25" sl="33" sc="17" el="33" ec="43" bec="0" bev="0" fileid="8" />
                <SequencePoint vc="6" uspid="234" ordinal="6" offset="45" sl="34" sc="13" el="34" ec="14" bec="0" bev="0" fileid="8" />
                <SequencePoint vc="9" uspid="235" ordinal="7" offset="46" sl="31" sc="31" el="31" ec="33" bec="0" bev="0" fileid="8" />
                <SequencePoint vc="3" uspid="236" ordinal="8" offset="72" sl="35" sc="9" el="35" ec="10" bec="0" bev="0" fileid="8" />
              </SequencePoints>
              <BranchPoints />
              <MethodPoint xsi:type="SequencePoint" vc="3" uspid="228" ordinal="0" offset="0" sl="30" sc="9" el="30" ec="10" bec="0" bev="0" fileid="8" />
            </Method>
            <Method visited="true" cyclomaticComplexity="1" nPathComplexity="0" sequenceCoverage="100" branchCoverage="100" crapScore="1" isConstructor="false" isStatic="false" isGetter="false" isSetter="false">
              <Summary numSequencePoints="3" visitedSequencePoints="3" numBranchPoints="1" visitedBranchPoints="1" sequenceCoverage="100" branchCoverage="100" maxCyclomaticComplexity="1" minCyclomaticComplexity="1" maxCrapScore="1" minCrapScore="1" visitedClasses="0" numClasses="0" visitedMethods="1" numMethods="1" />
              <MetadataToken>100663342</MetadataToken>
              <Name>ProjetoLoterica.Domain.Features.Boloes.Bolao ProjetoLoterica.Domain.Features.Boloes.Bolao::GerarBolao(System.Int32)</Name>
              <FileRef uid="8" />
              <SequencePoints>
                <SequencePoint vc="3" uspid="239" ordinal="0" offset="0" sl="38" sc="9" el="38" ec="10" bec="0" bev="0" fileid="8" />
                <SequencePoint vc="3" uspid="240" ordinal="1" offset="1" sl="39" sc="13" el="43" ec="15" bec="0" bev="0" fileid="8" />
                <SequencePoint vc="3" uspid="241" ordinal="2" offset="30" sl="45" sc="9" el="45" ec="10" bec="0" bev="0" fileid="8" />
              </SequencePoints>
              <BranchPoints />
              <MethodPoint xsi:type="SequencePoint" vc="3" uspid="239" ordinal="0" offset="0" sl="38" sc="9" el="38" ec="10" bec="0" bev="0" fileid="8" />
            </Method>
            <Method visited="true" cyclomaticComplexity="2" nPathComplexity="2" sequenceCoverage="100" branchCoverage="100" crapScore="2" isConstructor="false" isStatic="false" isGetter="false" isSetter="false">
              <Summary numSequencePoints="11" visitedSequencePoints="11" numBranchPoints="3" visitedBranchPoints="3" sequenceCoverage="100" branchCoverage="100" maxCyclomaticComplexity="2" minCyclomaticComplexity="2" maxCrapScore="2" minCrapScore="2" visitedClasses="0" numClasses="0" visitedMethods="1" numMethods="1" />
              <MetadataToken>100663343</MetadataToken>
              <Name>System.Void ProjetoLoterica.Domain.Features.Boloes.Bolao::GerarApostas(System.Int32,ProjetoLoterica.Domain.Features.Concursos.Concurso)</Name>
              <FileRef uid="8" />
              <SequencePoints>
                <SequencePoint vc="1" uspid="242" ordinal="0" offset="0" sl="48" sc="9" el="48" ec="10" bec="0" bev="0" fileid="8" />
                <SequencePoint vc="1" uspid="243" ordinal="1" offset="1" sl="49" sc="13" el="49" ec="55" bec="0" bev="0" fileid="8" />
                <SequencePoint vc="1" uspid="244" ordinal="2" offset="7" sl="50" sc="13" el="50" ec="50" bec="0" bev="0" fileid="8" />
                <SequencePoint vc="1" uspid="245" ordinal="3" offset="15" sl="52" sc="18" el="52" ec="27" bec="0" bev="0" fileid="8" />
                <SequencePoint vc="5" uspid="246" ordinal="4" offset="19" sl="53" sc="13" el="53" ec="14" bec="0" bev="0" fileid="8" />
                <SequencePoint vc="5" uspid="247" ordinal="5" offset="20" sl="54" sc="17" el="54" ec="109" bec="0" bev="0" fileid="8" />
                <SequencePoint vc="5" uspid="248" ordinal="6" offset="61" sl="56" sc="13" el="56" ec="14" bec="0" bev="0" fileid="8" />
                <SequencePoint vc="5" uspid="249" ordinal="7" offset="62" sl="52" sc="45" el="52" ec="48" bec="0" bev="0" fileid="8" />
                <SequencePoint vc="6" uspid="250" ordinal="8" offset="66" sl="52" sc="29" el="52" ec="43" bec="2" bev="2" fileid="8" />
                <SequencePoint vc="1" uspid="251" ordinal="9" offset="74" sl="57" sc="13" el="57" ec="40" bec="0" bev="0" fileid="8" />
                <SequencePoint vc="1" uspid="252" ordinal="10" offset="87" sl="58" sc="9" el="58" ec="10" bec="0" bev="0" fileid="8" />
              </SequencePoints>
              <BranchPoints>
                <BranchPoint vc="1" uspid="253" ordinal="0" offset="72" sl="52" path="0" offsetend="74" fileid="8" />
                <BranchPoint vc="5" uspid="254" ordinal="1" offset="72" sl="52" path="1" offsetend="19" fileid="8" />
              </BranchPoints>
              <MethodPoint xsi:type="SequencePoint" vc="1" uspid="242" ordinal="0" offset="0" sl="48" sc="9" el="48" ec="10" bec="0" bev="0" fileid="8" />
            </Method>
            <Method visited="true" cyclomaticComplexity="3" nPathComplexity="2" sequenceCoverage="100" branchCoverage="100" crapScore="3" isConstructor="false" isStatic="false" isGetter="false" isSetter="false">
              <Summary numSequencePoints="19" visitedSequencePoints="19" numBranchPoints="3" visitedBranchPoints="3" sequenceCoverage="100" branchCoverage="100" maxCyclomaticComplexity="3" minCyclomaticComplexity="3" maxCrapScore="3" minCrapScore="3" visitedClasses="0" numClasses="0" visitedMethods="1" numMethods="1" />
              <MetadataToken>100663344</MetadataToken>
              <Name>System.Collections.Generic.List`1&lt;ProjetoLoterica.Domain.Features.Apostas.Dezenas.Dezena&gt; ProjetoLoterica.Domain.Features.Boloes.Bolao::GerarDezenas()</Name>
              <FileRef uid="8" />
              <SequencePoints>
                <SequencePoint vc="5" uspid="255" ordinal="0" offset="0" sl="61" sc="9" el="61" ec="10" bec="0" bev="0" fileid="8" />
                <SequencePoint vc="5" uspid="256" ordinal="1" offset="1" sl="62" sc="13" el="62" ec="58" bec="0" bev="0" fileid="8" />
                <SequencePoint vc="5" uspid="257" ordinal="2" offset="7" sl="63" sc="13" el="63" ec="61" bec="0" bev="0" fileid="8" />
                <SequencePoint vc="5" uspid="258" ordinal="3" offset="13" sl="64" sc="13" el="64" ec="55" bec="0" bev="0" fileid="8" />
                <SequencePoint vc="31" uspid="259" ordinal="4" offset="19" sl="67" sc="13" el="67" ec="14" bec="0" bev="0" fileid="8" />
                <SequencePoint vc="31" uspid="260" ordinal="5" offset="20" sl="68" sc="17" el="68" ec="46" bec="0" bev="0" fileid="8" />
                <SequencePoint vc="31" uspid="261" ordinal="6" offset="41" sl="69" sc="13" el="69" ec="14" bec="0" bev="0" fileid="8" />
                <SequencePoint vc="31" uspid="262" ordinal="7" offset="42" sl="69" sc="15" el="69" ec="41" bec="2" bev="2" fileid="8" />
                <SequencePoint vc="5" uspid="263" ordinal="8" offset="55" sl="71" sc="13" el="71" ec="49" bec="0" bev="0" fileid="8" />
                <SequencePoint vc="5" uspid="264" ordinal="9" offset="62" sl="72" sc="13" el="72" ec="37" bec="0" bev="0" fileid="8" />
                <SequencePoint vc="5" uspid="265" ordinal="10" offset="69" sl="74" sc="13" el="74" ec="20" bec="0" bev="0" fileid="8" />
                <SequencePoint vc="5" uspid="266" ordinal="11" offset="70" sl="74" sc="34" el="74" ec="50" bec="0" bev="0" fileid="8" />
                <SequencePoint vc="30" uspid="267" ordinal="12" offset="80" sl="74" sc="22" el="74" ec="30" bec="0" bev="0" fileid="8" />
                <SequencePoint vc="30" uspid="268" ordinal="13" offset="89" sl="75" sc="13" el="75" ec="14" bec="0" bev="0" fileid="8" />
                <SequencePoint vc="30" uspid="269" ordinal="14" offset="90" sl="76" sc="17" el="76" ec="66" bec="0" bev="0" fileid="8" />
                <SequencePoint vc="30" uspid="270" ordinal="15" offset="111" sl="77" sc="13" el="77" ec="14" bec="0" bev="0" fileid="8" />
                <SequencePoint vc="35" uspid="271" ordinal="16" offset="112" sl="74" sc="31" el="74" ec="33" bec="0" bev="0" fileid="8" />
                <SequencePoint vc="5" uspid="272" ordinal="17" offset="138" sl="79" sc="13" el="79" ec="34" bec="0" bev="0" fileid="8" />
                <SequencePoint vc="5" uspid="273" ordinal="18" offset="143" sl="80" sc="9" el="80" ec="10" bec="0" bev="0" fileid="8" />
              </SequencePoints>
              <BranchPoints>
                <BranchPoint vc="5" uspid="274" ordinal="0" offset="53" sl="69" path="0" offsetend="55" fileid="8" />
                <BranchPoint vc="26" uspid="275" ordinal="1" offset="53" sl="69" path="1" offsetend="19" fileid="8" />
              </BranchPoints>
              <MethodPoint xsi:type="SequencePoint" vc="5" uspid="255" ordinal="0" offset="0" sl="61" sc="9" el="61" ec="10" bec="0" bev="0" fileid="8" />
            </Method>
            <Method visited="true" cyclomaticComplexity="1" nPathComplexity="0" sequenceCoverage="100" branchCoverage="100" crapScore="1" isConstructor="true" isStatic="false" isGetter="false" isSetter="false">
              <Summary numSequencePoints="1" visitedSequencePoints="1" numBranchPoints="1" visitedBranchPoints="1" sequenceCoverage="100" branchCoverage="100" maxCyclomaticComplexity="1" minCyclomaticComplexity="1" maxCrapScore="1" minCrapScore="1" visitedClasses="0" numClasses="0" visitedMethods="1" numMethods="1" />
              <MetadataToken>100663345</MetadataToken>
              <Name>System.Void ProjetoLoterica.Domain.Features.Boloes.Bolao::.ctor()</Name>
              <FileRef uid="8" />
              <SequencePoints>
                <SequencePoint vc="19" uspid="278" ordinal="0" offset="0" sl="15" sc="9" el="15" ec="43" bec="0" bev="0" fileid="8" />
              </SequencePoints>
              <BranchPoints />
              <MethodPoint xsi:type="SequencePoint" vc="19" uspid="278" ordinal="0" offset="0" sl="15" sc="9" el="15" ec="43" bec="0" bev="0" fileid="8" />
            </Method>
          </Methods>
        </Class>
        <Class>
          <Summary numSequencePoints="24" visitedSequencePoints="24" numBranchPoints="14" visitedBranchPoints="14" sequenceCoverage="100" branchCoverage="100" maxCyclomaticComplexity="5" minCyclomaticComplexity="1" maxCrapScore="5" minCrapScore="1" visitedClasses="1" numClasses="1" visitedMethods="4" numMethods="4" />
          <FullName>ProjetoLoterica.Domain.Features.Apostas.Aposta</FullName>
          <Methods>
            <Method skippedDueTo="AutoImplementedProperty" visited="false" cyclomaticComplexity="1" nPathComplexity="0" sequenceCoverage="0" branchCoverage="0" crapScore="0" isConstructor="false" isStatic="false" isGetter="true" isSetter="false">
              <MetadataToken>100663350</MetadataToken>
              <Name>ProjetoLoterica.Domain.Features.Concursos.Concurso ProjetoLoterica.Domain.Features.Apostas.Aposta::get__Concurso()</Name>
              <FileRef uid="13" />
              <SequencePoints />
              <BranchPoints />
            </Method>
            <Method skippedDueTo="AutoImplementedProperty" visited="false" cyclomaticComplexity="1" nPathComplexity="0" sequenceCoverage="0" branchCoverage="0" crapScore="0" isConstructor="false" isStatic="false" isGetter="false" isSetter="true">
              <MetadataToken>100663351</MetadataToken>
              <Name>System.Void ProjetoLoterica.Domain.Features.Apostas.Aposta::set__Concurso(ProjetoLoterica.Domain.Features.Concursos.Concurso)</Name>
              <FileRef uid="13" />
              <SequencePoints />
              <BranchPoints />
            </Method>
            <Method skippedDueTo="AutoImplementedProperty" visited="false" cyclomaticComplexity="1" nPathComplexity="0" sequenceCoverage="0" branchCoverage="0" crapScore="0" isConstructor="false" isStatic="false" isGetter="true" isSetter="false">
              <MetadataToken>100663352</MetadataToken>
              <Name>System.Double ProjetoLoterica.Domain.Features.Apostas.Aposta::get_Valor()</Name>
              <FileRef uid="13" />
              <SequencePoints />
              <BranchPoints />
            </Method>
            <Method skippedDueTo="AutoImplementedProperty" visited="false" cyclomaticComplexity="1" nPathComplexity="0" sequenceCoverage="0" branchCoverage="0" crapScore="0" isConstructor="false" isStatic="false" isGetter="false" isSetter="true">
              <MetadataToken>100663353</MetadataToken>
              <Name>System.Void ProjetoLoterica.Domain.Features.Apostas.Aposta::set_Valor(System.Double)</Name>
              <FileRef uid="13" />
              <SequencePoints />
              <BranchPoints />
            </Method>
            <Method skippedDueTo="AutoImplementedProperty" visited="false" cyclomaticComplexity="1" nPathComplexity="0" sequenceCoverage="0" branchCoverage="0" crapScore="0" isConstructor="false" isStatic="false" isGetter="true" isSetter="false">
              <MetadataToken>100663354</MetadataToken>
              <Name>System.Double ProjetoLoterica.Domain.Features.Apostas.Aposta::get_ValorTotal()</Name>
              <FileRef uid="13" />
              <SequencePoints />
              <BranchPoints />
            </Method>
            <Method skippedDueTo="AutoImplementedProperty" visited="false" cyclomaticComplexity="1" nPathComplexity="0" sequenceCoverage="0" branchCoverage="0" crapScore="0" isConstructor="false" isStatic="false" isGetter="false" isSetter="true">
              <MetadataToken>100663355</MetadataToken>
              <Name>System.Void ProjetoLoterica.Domain.Features.Apostas.Aposta::set_ValorTotal(System.Double)</Name>
              <FileRef uid="13" />
              <SequencePoints />
              <BranchPoints />
            </Method>
            <Method skippedDueTo="AutoImplementedProperty" visited="false" cyclomaticComplexity="1" nPathComplexity="0" sequenceCoverage="0" branchCoverage="0" crapScore="0" isConstructor="false" isStatic="false" isGetter="true" isSetter="false">
              <MetadataToken>100663356</MetadataToken>
              <Name>System.Collections.Generic.List`1&lt;ProjetoLoterica.Domain.Features.Apostas.Dezenas.Dezena&gt; ProjetoLoterica.Domain.Features.Apostas.Aposta::get__Dezenas()</Name>
              <FileRef uid="13" />
              <SequencePoints />
              <BranchPoints />
            </Method>
            <Method skippedDueTo="AutoImplementedProperty" visited="false" cyclomaticComplexity="1" nPathComplexity="0" sequenceCoverage="0" branchCoverage="0" crapScore="0" isConstructor="false" isStatic="false" isGetter="false" isSetter="true">
              <MetadataToken>100663357</MetadataToken>
              <Name>System.Void ProjetoLoterica.Domain.Features.Apostas.Aposta::set__Dezenas(System.Collections.Generic.List`1&lt;ProjetoLoterica.Domain.Features.Apostas.Dezenas.Dezena&gt;)</Name>
              <FileRef uid="13" />
              <SequencePoints />
              <BranchPoints />
            </Method>
            <Method skippedDueTo="AutoImplementedProperty" visited="false" cyclomaticComplexity="1" nPathComplexity="0" sequenceCoverage="0" branchCoverage="0" crapScore="0" isConstructor="false" isStatic="false" isGetter="true" isSetter="false">
              <MetadataToken>100663358</MetadataToken>
              <Name>ProjetoLoterica.Domain.Features.Boloes.Bolao ProjetoLoterica.Domain.Features.Apostas.Aposta::get__Bolao()</Name>
              <FileRef uid="13" />
              <SequencePoints />
              <BranchPoints />
            </Method>
            <Method skippedDueTo="AutoImplementedProperty" visited="false" cyclomaticComplexity="1" nPathComplexity="0" sequenceCoverage="0" branchCoverage="0" crapScore="0" isConstructor="false" isStatic="false" isGetter="false" isSetter="true">
              <MetadataToken>100663359</MetadataToken>
              <Name>System.Void ProjetoLoterica.Domain.Features.Apostas.Aposta::set__Bolao(ProjetoLoterica.Domain.Features.Boloes.Bolao)</Name>
              <FileRef uid="13" />
              <SequencePoints />
              <BranchPoints />
            </Method>
            <Method visited="true" cyclomaticComplexity="1" nPathComplexity="0" sequenceCoverage="100" branchCoverage="100" crapScore="1" isConstructor="true" isStatic="false" isGetter="false" isSetter="false">
              <Summary numSequencePoints="4" visitedSequencePoints="4" numBranchPoints="1" visitedBranchPoints="1" sequenceCoverage="100" branchCoverage="100" maxCyclomaticComplexity="1" minCyclomaticComplexity="1" maxCrapScore="1" minCrapScore="1" visitedClasses="0" numClasses="0" visitedMethods="1" numMethods="1" />
              <MetadataToken>100663360</MetadataToken>
              <Name>System.Void ProjetoLoterica.Domain.Features.Apostas.Aposta::.ctor()</Name>
              <FileRef uid="13" />
              <SequencePoints>
                <SequencePoint vc="50" uspid="279" ordinal="0" offset="0" sl="21" sc="9" el="21" ec="24" bec="0" bev="0" fileid="13" />
                <SequencePoint vc="50" uspid="280" ordinal="1" offset="7" sl="22" sc="9" el="22" ec="10" bec="0" bev="0" fileid="13" />
                <SequencePoint vc="50" uspid="281" ordinal="2" offset="8" sl="23" sc="13" el="23" ec="27" bec="0" bev="0" fileid="13" />
                <SequencePoint vc="50" uspid="282" ordinal="3" offset="15" sl="24" sc="9" el="24" ec="10" bec="0" bev="0" fileid="13" />
              </SequencePoints>
              <BranchPoints />
              <MethodPoint xsi:type="SequencePoint" vc="50" uspid="279" ordinal="0" offset="0" sl="21" sc="9" el="21" ec="24" bec="0" bev="0" fileid="13" />
            </Method>
            <Method visited="true" cyclomaticComplexity="5" nPathComplexity="16" sequenceCoverage="100" branchCoverage="100" crapScore="5" isConstructor="false" isStatic="false" isGetter="false" isSetter="false">
[...]
              <MetadataToken>100663368</MetadataToken>
              <Name>System.Void ProjetoLoterica.Domain.Features.Apostas.Ganhadores.Ganhador::Validate()</Name>
              <FileRef uid="16" />
              <SequencePoints>
                <SequencePoint vc="0" uspid="313" ordinal="0" offset="0" sl="28" sc="9" el="28" ec="10" bec="0" bev="0" fileid="16" />
                <SequencePoint vc="0" uspid="314" ordinal="1" offset="1" sl="29" sc="13" el="29" ec="49" bec="0" bev="0" fileid="16" />
              </SequencePoints>
              <BranchPoints />
              <MethodPoint xsi:type="SequencePoint" vc="0" uspid="313" ordinal="0" offset="0" sl="28" sc="9" el="28" ec="10" bec="0" bev="0" fileid="16" />
            </Method>
            <Method visited="false" cyclomaticComplexity="1" nPathComplexity="0" sequenceCoverage="0" branchCoverage="0" crapScore="2" isConstructor="true" isStatic="false" isGetter="false" isSetter="false">
              <Summary numSequencePoints="0" visitedSequencePoints="0" numBranchPoints="0" visitedBranchPoints="0" sequenceCoverage="0" branchCoverage="0" maxCyclomaticComplexity="1" minCyclomaticComplexity="1" maxCrapScore="2" minCrapScore="2" visitedClasses="0" numClasses="0" visitedMethods="0" numMethods="0" />
              <MetadataToken>100663369</MetadataToken>
              <Name>System.Void ProjetoLoterica.Domain.Features.Apostas.Ganhadores.Ganhador::.ctor()</Name>
              <SequencePoints />
              <BranchPoints />
              <MethodPoint vc="0" uspid="315" ordinal="0" offset="0" />
            </Method>
          </Methods>
        </Class>
        <Class>
          <Summary numSequencePoints="8" visitedSequencePoints="8" numBranchPoints="5" visitedBranchPoints="5" sequenceCoverage="100" branchCoverage="100" maxCyclomaticComplexity="4" minCyclomaticComplexity="1" maxCrapScore="4" minCrapScore="2" visitedClasses="1" numClasses="1" visitedMethods="1" numMethods="1" />
          <FullName>ProjetoLoterica.Domain.Features.Apostas.Dezenas.Dezena</FullName>
          <Methods>
            <Method skippedDueTo="AutoImplementedProperty" visited="false" cyclomaticComplexity="1" nPathComplexity="0" sequenceCoverage="0" branchCoverage="0" crapScore="0" isConstructor="false" isStatic="false" isGetter="true" isSetter="false">
              <MetadataToken>100663370</MetadataToken>
              <Name>System.Int32 ProjetoLoterica.Domain.Features.Apostas.Dezenas.Dezena::get__Dezena()</Name>
              <FileRef uid="17" />
              <SequencePoints />
              <BranchPoints />
            </Method>
            <Method skippedDueTo="AutoImplementedProperty" visited="false" cyclomaticComplexity="1" nPathComplexity="0" sequenceCoverage="0" branchCoverage="0" crapScore="0" isConstructor="false" isStatic="false" isGetter="false" isSetter="true">
              <MetadataToken>100663371</MetadataToken>
              <Name>System.Void ProjetoLoterica.Domain.Features.Apostas.Dezenas.Dezena::set__Dezena(System.Int32)</Name>
              <FileRef uid="17" />
              <SequencePoints />
              <BranchPoints />
            </Method>
            <Method skippedDueTo="AutoImplementedProperty" visited="false" cyclomaticComplexity="1" nPathComplexity="0" sequenceCoverage="0" branchCoverage="0" crapScore="0" isConstructor="false" isStatic="false" isGetter="true" isSetter="false">
              <MetadataToken>100663372</MetadataToken>
              <Name>ProjetoLoterica.Domain.Features.Apostas.Aposta ProjetoLoterica.Domain.Features.Apostas.Dezenas.Dezena::get_Aposta()</Name>
              <FileRef uid="17" />
              <SequencePoints />
              <BranchPoints />
            </Method>
            <Method skippedDueTo="AutoImplementedProperty" visited="false" cyclomaticComplexity="1" nPathComplexity="0" sequenceCoverage="0" branchCoverage="0" crapScore="0" isConstructor="false" isStatic="false" isGetter="false" isSetter="true">
              <MetadataToken>100663373</MetadataToken>
              <Name>System.Void ProjetoLoterica.Domain.Features.Apostas.Dezenas.Dezena::set_Aposta(ProjetoLoterica.Domain.Features.Apostas.Aposta)</Name>
              <FileRef uid="17" />
              <SequencePoints />
              <BranchPoints />
            </Method>
            <Method visited="true" cyclomaticComplexity="4" nPathComplexity="4" sequenceCoverage="100" branchCoverage="100" crapScore="4" isConstructor="false" isStatic="false" isGetter="false" isSetter="false">
              <Summary numSequencePoints="8" visitedSequencePoints="8" numBranchPoints="5" visitedBranchPoints="5" sequenceCoverage="100" branchCoverage="100" maxCyclomaticComplexity="4" minCyclomaticComplexity="4" maxCrapScore="4" minCrapScore="4" visitedClasses="0" numClasses="0" visitedMethods="1" numMethods="1" />
              <MetadataToken>100663374</MetadataToken>
              <Name>System.Void ProjetoLoterica.Domain.Features.Apostas.Dezenas.Dezena::Validate()</Name>
              <FileRef uid="17" />
              <SequencePoints>
                <SequencePoint vc="3" uspid="316" ordinal="0" offset="0" sl="17" sc="9" el="17" ec="10" bec="0" bev="0" fileid="17" />
                <SequencePoint vc="3" uspid="317" ordinal="1" offset="1" sl="18" sc="13" el="18" ec="43" bec="2" bev="2" fileid="17" />
                <SequencePoint vc="1" uspid="318" ordinal="2" offset="27" sl="19" sc="13" el="19" ec="14" bec="0" bev="0" fileid="17" />
                <SequencePoint vc="1" uspid="319" ordinal="3" offset="28" sl="20" sc="17" el="20" ec="57" bec="0" bev="0" fileid="17" />
                <SequencePoint vc="2" uspid="320" ordinal="4" offset="34" sl="23" sc="13" el="23" ec="31" bec="2" bev="2" fileid="17" />
                <SequencePoint vc="1" uspid="321" ordinal="5" offset="47" sl="24" sc="13" el="24" ec="14" bec="0" bev="0" fileid="17" />
                <SequencePoint vc="1" uspid="322" ordinal="6" offset="48" sl="25" sc="17" el="25" ec="58" bec="0" bev="0" fileid="17" />
                <SequencePoint vc="1" uspid="323" ordinal="7" offset="54" sl="28" sc="9" el="28" ec="10" bec="0" bev="0" fileid="17" />
              </SequencePoints>
              <BranchPoints>
                <BranchPoint vc="1" uspid="326" ordinal="2" offset="25" sl="18" path="0" offsetend="27" fileid="17" />
                <BranchPoint vc="2" uspid="327" ordinal="3" offset="25" sl="18" path="1" offsetend="34" fileid="17" />
                <BranchPoint vc="1" uspid="328" ordinal="4" offset="45" sl="23" path="0" offsetend="47" fileid="17" />
                <BranchPoint vc="1" uspid="329" ordinal="5" offset="45" sl="23" path="1" offsetend="54" fileid="17" />
              </BranchPoints>
              <MethodPoint xsi:type="SequencePoint" vc="3" uspid="316" ordinal="0" offset="0" sl="17" sc="9" el="17" ec="10" bec="0" bev="0" fileid="17" />
            </Method>
            <Method visited="false" cyclomaticComplexity="1" nPathComplexity="0" sequenceCoverage="0" branchCoverage="0" crapScore="2" isConstructor="true" isStatic="false" isGetter="false" isSetter="false">
              <Summary numSequencePoints="0" visitedSequencePoints="0" numBranchPoints="0" visitedBranchPoints="0" sequenceCoverage="0" branchCoverage="0" maxCyclomaticComplexity="1" minCyclomaticComplexity="1" maxCrapScore="2" minCrapScore="2" visitedClasses="0" numClasses="0" visitedMethods="0" numMethods="0" />
              <MetadataToken>100663375</MetadataToken>
              <Name>System.Void ProjetoLoterica.Domain.Features.Apostas.Dezenas.Dezena::.ctor()</Name>
              <SequencePoints />
              <BranchPoints />
              <MethodPoint vc="0" uspid="330" ordinal="0" offset="0" />
            </Method>
          </Methods>
        </Class>
      </Classes>
    </Module>
    <Module hash="28-E2-87-81-5E-B2-A9-8E-11-4C-61-A2-67-0E-59-EE-C1-F7-D2-3E">
      <Summary numSequencePoints="24" visitedSequencePoints="24" numBranchPoints="6" visitedBranchPoints="6" sequenceCoverage="100" branchCoverage="100" maxCyclomaticComplexity="1" minCyclomaticComplexity="1" maxCrapScore="1" minCrapScore="1" visitedClasses="1" numClasses="1" visitedMethods="6" numMethods="6" />
      <ModulePath>E:\projeto-loterica\projeto-loterica\projeto-loterica\ProjetoLoteria.Domain.Tests\bin\Debug\ProjetoLoterica.Common.Tests.dll</ModulePath>
      <ModuleTime>2018-05-17T18:20:30Z</ModuleTime>
      <ModuleName>ProjetoLoterica.Common.Tests</ModuleName>
      <Files>
        <File uid="39" fullPath="E:\projeto-loterica\projeto-loterica\projeto-loterica\ProjetoLoterica.Common.Tests\Common\Features\Apostas\ObjectMother.cs" />
        <File uid="40" fullPath="E:\projeto-loterica\projeto-loterica\projeto-loterica\ProjetoLoterica.Common.Tests\Common\Features\Boloes\ObjectMother.cs" />
        <File uid="41" fullPath="E:\projeto-loterica\projeto-loterica\projeto-loterica\ProjetoLoterica.Common.Tests\Common\Features\Concursos\ObjectMother.cs" />
        <File uid="42" fullPath="E:\projeto-loterica\projeto-loterica\projeto-loterica\ProjetoLoterica.Common.Tests\Common\Features\Dezenas\ObjectMother.cs" />
        <File uid="43" fullPath="E:\projeto-loterica\projeto-loterica\projeto-loterica\ProjetoLoterica.Common.Tests\Common\Features\Resultados\ObjectMother.cs" />
      </Files>
      <Classes>
        <Class>
          <Summary numSequencePoints="24" visitedSequencePoints="24" numBranchPoints="6" visitedBranchPoints="6" sequenceCoverage="100" branchCoverage="100" maxCyclomaticComplexity="1" minCyclomaticComplexity="1" maxCrapScore="1" minCrapScore="1" visitedClasses="1" numClasses="1" visitedMethods="6" numMethods="6" />
          <FullName>ProjetoLoterica.Common.Tests.ObjectMothers.ObjectMother</FullName>
          <Methods>
            <Method visited="true" cyclomaticComplexity="1" nPathComplexity="0" sequenceCoverage="100" branchCoverage="100" crapScore="1" isConstructor="false" isStatic="true" isGetter="false" isSetter="false">
              <Summary numSequencePoints="3" visitedSequencePoints="3" numBranchPoints="1" visitedBranchPoints="1" sequenceCoverage="100" branchCoverage="100" maxCyclomaticComplexity="1" minCyclomaticComplexity="1" maxCrapScore="1" minCrapScore="1" visitedClasses="0" numClasses="0" visitedMethods="1" numMethods="1" />
              <MetadataToken>100663297</MetadataToken>
              <Name>ProjetoLoterica.Domain.Features.Apostas.Aposta ProjetoLoterica.Common.Tests.ObjectMothers.ObjectMother::GetAposta(ProjetoLoterica.Domain.Features.Boloes.Bolao,ProjetoLoterica.Domain.Features.Concursos.Concurso)</Name>
              <FileRef uid="39" />
              <SequencePoints>
                <SequencePoint vc="9" uspid="331" ordinal="0" offset="0" sl="17" sc="9" el="17" ec="10" bec="0" bev="0" fileid="39" />
                <SequencePoint vc="9" uspid="332" ordinal="1" offset="1" sl="18" sc="13" el="26" ec="15" bec="0" bev="0" fileid="39" />
                <SequencePoint vc="9" uspid="333" ordinal="2" offset="77" sl="27" sc="9" el="27" ec="10" bec="0" bev="0" fileid="39" />
              </SequencePoints>
              <BranchPoints />
              <MethodPoint xsi:type="SequencePoint" vc="9" uspid="331" ordinal="0" offset="0" sl="17" sc="9" el="17" ec="10" bec="0" bev="0" fileid="39" />
            </Method>
            <Method visited="true" cyclomaticComplexity="1" nPathComplexity="0" sequenceCoverage="100" branchCoverage="100" crapScore="1" isConstructor="false" isStatic="true" isGetter="false" isSetter="false">
              <Summary numSequencePoints="5" visitedSequencePoints="5" numBranchPoints="1" visitedBranchPoints="1" sequenceCoverage="100" branchCoverage="100" maxCyclomaticComplexity="1" minCyclomaticComplexity="1" maxCrapScore="1" minCrapScore="1" visitedClasses="0" numClasses="0" visitedMethods="1" numMethods="1" />
              <MetadataToken>100663298</MetadataToken>
              <Name>ProjetoLoterica.Domain.Features.Boloes.Bolao ProjetoLoterica.Common.Tests.ObjectMothers.ObjectMother::GetBolao(System.Collections.Generic.List`1&lt;ProjetoLoterica.Domain.Features.Apostas.Aposta&gt;)</Name>
              <FileRef uid="40" />
              <SequencePoints>
                <SequencePoint vc="5" uspid="334" ordinal="0" offset="0" sl="17" sc="9" el="17" ec="10" bec="0" bev="0" fileid="40" />
                <SequencePoint vc="5" uspid="335" ordinal="1" offset="1" sl="18" sc="13" el="18" ec="39" bec="0" bev="0" fileid="40" />
                <SequencePoint vc="5" uspid="336" ordinal="2" offset="7" sl="19" sc="13" el="19" ec="40" bec="0" bev="0" fileid="40" />
                <SequencePoint vc="5" uspid="337" ordinal="3" offset="15" sl="21" sc="13" el="21" ec="26" bec="0" bev="0" fileid="40" />
                <SequencePoint vc="5" uspid="338" ordinal="4" offset="19" sl="22" sc="9" el="22" ec="10" bec="0" bev="0" fileid="40" />
              </SequencePoints>
              <BranchPoints />
              <MethodPoint xsi:type="SequencePoint" vc="5" uspid="334" ordinal="0" offset="0" sl="17" sc="9" el="17" ec="10" bec="0" bev="0" fileid="40" />
            </Method>
            <Method visited="true" cyclomaticComplexity="1" nPathComplexity="0" sequenceCoverage="100" branchCoverage="100" crapScore="1" isConstructor="false" isStatic="true" isGetter="false" isSetter="false">
              <Summary numSequencePoints="6" visitedSequencePoints="6" numBranchPoints="1" visitedBranchPoints="1" sequenceCoverage="100" branchCoverage="100" maxCyclomaticComplexity="1" minCyclomaticComplexity="1" maxCrapScore="1" minCrapScore="1" visitedClasses="0" numClasses="0" visitedMethods="1" numMethods="1" />
              <MetadataToken>100663299</MetadataToken>
              <Name>ProjetoLoterica.Domain.Features.Concursos.Concurso ProjetoLoterica.Common.Tests.ObjectMothers.ObjectMother::GetConcurso(System.Collections.Generic.List`1&lt;ProjetoLoterica.Domain.Features.Apostas.Aposta&gt;)</Name>
              <FileRef uid="41" />
              <SequencePoints>
                <SequencePoint vc="3" uspid="339" ordinal="0" offset="0" sl="17" sc="9" el="17" ec="10" bec="0" bev="0" fileid="41" />
                <SequencePoint vc="3" uspid="340" ordinal="1" offset="1" sl="18" sc="13" el="18" ec="48" bec="0" bev="0" fileid="41" />
                <SequencePoint vc="3" uspid="341" ordinal="2" offset="7" sl="19" sc="13" el="19" ec="35" bec="0" bev="0" fileid="41" />
                <SequencePoint vc="3" uspid="342" ordinal="3" offset="17" sl="20" sc="13" el="20" ec="43" bec="0" bev="0" fileid="41" />
                <SequencePoint vc="3" uspid="343" ordinal="4" offset="25" sl="22" sc="13" el="22" ec="29" bec="0" bev="0" fileid="41" />
                <SequencePoint vc="3" uspid="344" ordinal="5" offset="29" sl="23" sc="9" el="23" ec="10" bec="0" bev="0" fileid="41" />
              </SequencePoints>
              <BranchPoints />
              <MethodPoint xsi:type="SequencePoint" vc="3" uspid="339" ordinal="0" offset="0" sl="17" sc="9" el="17" ec="10" bec="0" bev="0" fileid="41" />
            </Method>
            <Method visited="true" cyclomaticComplexity="1" nPathComplexity="0" sequenceCoverage="100" branchCoverage="100" crapScore="1" isConstructor="false" isStatic="true" isGetter="false" isSetter="false">
              <Summary numSequencePoints="4" visitedSequencePoints="4" numBranchPoints="1" visitedBranchPoints="1" sequenceCoverage="100" branchCoverage="100" maxCyclomaticComplexity="1" minCyclomaticComplexity="1" maxCrapScore="1" minCrapScore="1" visitedClasses="0" numClasses="0" visitedMethods="1" numMethods="1" />
              <MetadataToken>100663300</MetadataToken>
              <Name>ProjetoLoterica.Domain.Features.Apostas.Dezenas.Dezena ProjetoLoterica.Common.Tests.ObjectMothers.ObjectMother::GetDezenas(ProjetoLoterica.Domain.Features.Apostas.Aposta)</Name>
              <FileRef uid="42" />
              <SequencePoints>
                <SequencePoint vc="3" uspid="345" ordinal="0" offset="0" sl="17" sc="9" el="17" ec="10" bec="0" bev="0" fileid="42" />
                <SequencePoint vc="3" uspid="346" ordinal="1" offset="1" sl="18" sc="13" el="18" ec="74" bec="0" bev="0" fileid="42" />
                <SequencePoint vc="3" uspid="347" ordinal="2" offset="24" sl="20" sc="13" el="20" ec="27" bec="0" bev="0" fileid="42" />
                <SequencePoint vc="3" uspid="348" ordinal="3" offset="28" sl="21" sc="9" el="21" ec="10" bec="0" bev="0" fileid="42" />
              </SequencePoints>
              <BranchPoints />
              <MethodPoint xsi:type="SequencePoint" vc="3" uspid="345" ordinal="0" offset="0" sl="17" sc="9" el="17" ec="10" bec="0" bev="0" fileid="42" />
            </Method>
            <Method visited="true" cyclomaticComplexity="1" nPathComplexity="0" sequenceCoverage="100" branchCoverage="100" crapScore="1" isConstructor="false" isStatic="true" isGetter="false" isSetter="false">
              <Summary numSequencePoints="3" visitedSequencePoints="3" numBranchPoints="1" visitedBranchPoints="1" sequenceCoverage="100" branchCoverage="100" maxCyclomaticComplexity="1" minCyclomaticComplexity="1" maxCrapScore="1" minCrapScore="1" visitedClasses="0" numClasses="0" visitedMethods="1" numMethods="1" />
              <MetadataToken>100663301</MetadataToken>
              <Name>ProjetoLoterica.Domain.Features.Resultados.Resultado ProjetoLoterica.Common.Tests.ObjectMothers.ObjectMother::GetResultado(ProjetoLoterica.Domain.Features.Concursos.Concurso)</Name>
              <FileRef uid="43" />
              <SequencePoints>
                <SequencePoint vc="13" uspid="349" ordinal="0" offset="0" sl="16" sc="9" el="16" ec="10" bec="0" bev="0" fileid="43" />
                <SequencePoint vc="13" uspid="350" ordinal="1" offset="1" sl="17" sc="13" el="24" ec="15" bec="0" bev="0" fileid="43" />
                <SequencePoint vc="13" uspid="351" ordinal="2" offset="77" sl="25" sc="9" el="25" ec="10" bec="0" bev="0" fileid="43" />
              </SequencePoints>
              <BranchPoints />
              <MethodPoint xsi:type="SequencePoint" vc="13" uspid="349" ordinal="0" offset="0" sl="16" sc="9" el="16" ec="10" bec="0" bev="0" fileid="43" />
            </Method>
            <Method visited="true" cyclomaticComplexity="1" nPathComplexity="0" sequenceCoverage="100" branchCoverage="100" crapScore="1" isConstructor="false" isStatic="true" isGetter="false" isSetter="false">
              <Summary numSequencePoints="3" visitedSequencePoints="3" numBranchPoints="1" visitedBranchPoints="1" sequenceCoverage="100" branchCoverage="100" maxCyclomaticComplexity="1" minCyclomaticComplexity="1" maxCrapScore="1" minCrapScore="1" visitedClasses="0" numClasses="0" visitedMethods="1" numMethods="1" />
              <MetadataToken>100663302</MetadataToken>
              <Name>ProjetoLoterica.Domain.Features.Resultados.Resultado ProjetoLoterica.Common.Tests.ObjectMothers.ObjectMother::GetResultadoOk(ProjetoLoterica.Domain.Features.Concursos.Concurso,System.Collections.Generic.List`1&lt;ProjetoLoterica.Domain.Features.Apostas.Ganhadores.Ganhador&gt;)</Name>
              <FileRef uid="43" />
              <SequencePoints>
                <SequencePoint vc="9" uspid="352" ordinal="0" offset="0" sl="28" sc="9" el="28" ec="10" bec="0" bev="0" fileid="43" />
                <SequencePoint vc="9" uspid="353" ordinal="1" offset="1" sl="29" sc="13" el="37" ec="15" bec="0" bev="0" fileid="43" />
                <SequencePoint vc="9" uspid="354" ordinal="2" offset="84" sl="38" sc="9" el="38" ec="10" bec="0" bev="0" fileid="43" />
              </SequencePoints>
              <BranchPoints />
              <MethodPoint xsi:type="SequencePoint" vc="9" uspid="352" ordinal="0" offset="0" sl="28" sc="9" el="28" ec="10" bec="0" bev="0" fileid="43" />
            </Method>
          </Methods>
        </Class>
      </Classes>
    </Module>
  </Modules>
</CoverageSession>