<?xml version="1.0" encoding="utf-8"?>
<CoverageSession xmlns:xsd="http://www.w3.org/2001/XMLSchema" xmlns:xsi="http://www.w3.org/2001/XMLSchema-instance" Version="4.6.0.0">
  <Summary numSequencePoints="175" visitedSequencePoints="157" numBranchPoints="67" visitedBranchPoints="61" sequenceCoverage="89.71" branchCoverage="91.04" maxCyclomaticComplexity="7" minCyclomaticComplexity="1" maxCrapScore="7" minCrapScore="1" visitedClasses="6" numClasses="7" visitedMethods="20" numMethods="25" />
  <Modules>
    <Module hash="E9-95-34-EE-FA-AD-40-86-6D-EF-79-7E-A3-6A-7F-6D-EC-98-53-C2">
      <Summary numSequencePoints="154" visitedSequencePoints="136" numBranchPoints="62" visitedBranchPoints="56" sequenceCoverage="88.31" branchCoverage="90.32" maxCyclomaticComplexity="7" minCyclomaticComplexity="0" maxCrapScore="7" minCrapScore="0" visitedClasses="5" numClasses="6" visitedMethods="15" numMethods="20" />
      <ModulePath>C:\Users\ndduser\Desktop\AcademiaProgramador2018\Dupla 14\projeto-loterica\ProjetoLoteria.Domain.Tests\bin\Debug\ProjetoLoterica.Domain.dll</ModulePath>
      <ModuleTime>2018-05-16T20:34:24.1729937Z</ModuleTime>
      <ModuleName>ProjetoLoterica.Domain</ModuleName>
      <Files>
        <File uid="4" fullPath="C:\Users\ndduser\Desktop\AcademiaProgramador2018\Dupla 14\projeto-loterica\ProjetoLoterica.Domain\Features\Resultados\Resultado.cs" />
        <File uid="5" fullPath="C:\Users\ndduser\Desktop\AcademiaProgramador2018\Dupla 14\projeto-loterica\ProjetoLoterica.Domain\Features\Concursos\Concurso.cs" />
        <File uid="8" fullPath="C:\Users\ndduser\Desktop\AcademiaProgramador2018\Dupla 14\projeto-loterica\ProjetoLoterica.Domain\Features\Boloes\Bolao.cs" />
        <File uid="13" fullPath="C:\Users\ndduser\Desktop\AcademiaProgramador2018\Dupla 14\projeto-loterica\ProjetoLoterica.Domain\Features\Apostas\Aposta.cs" />
        <File uid="16" fullPath="C:\Users\ndduser\Desktop\AcademiaProgramador2018\Dupla 14\projeto-loterica\ProjetoLoterica.Domain\Features\Apostas\Ganhadores\Ganhador.cs" />
        <File uid="17" fullPath="C:\Users\ndduser\Desktop\AcademiaProgramador2018\Dupla 14\projeto-loterica\ProjetoLoterica.Domain\Features\Apostas\Dezenas\Dezena.cs" />
      </Files>
      <Classes>
        <Class>
          <Summary numSequencePoints="0" visitedSequencePoints="0" numBranchPoints="0" visitedBranchPoints="0" sequenceCoverage="0" branchCoverage="0" maxCyclomaticComplexity="1" minCyclomaticComplexity="1" maxCrapScore="2" minCrapScore="2" visitedClasses="0" numClasses="0" visitedMethods="0" numMethods="0" />
          <FullName>ProjetoLoterica.Domain.Common.Entity</FullName>
          <Methods>
            <Method visited="false" cyclomaticComplexity="1" nPathComplexity="0" sequenceCoverage="0" branchCoverage="0" crapScore="2" isConstructor="true" isStatic="false" isGetter="false" isSetter="false">
              <Summary numSequencePoints="0" visitedSequencePoints="0" numBranchPoints="0" visitedBranchPoints="0" sequenceCoverage="0" branchCoverage="0" maxCyclomaticComplexity="1" minCyclomaticComplexity="1" maxCrapScore="2" minCrapScore="2" visitedClasses="0" numClasses="0" visitedMethods="0" numMethods="0" />
              <MetadataToken>100663298</MetadataToken>
              <Name>System.Void ProjetoLoterica.Domain.Common.Entity::.ctor()</Name>
              <SequencePoints />
              <BranchPoints />
              <MethodPoint vc="0" uspid="1" ordinal="0" offset="0" />
            </Method>
          </Methods>
        </Class>
        <Class>
          <Summary numSequencePoints="64" visitedSequencePoints="48" numBranchPoints="23" visitedBranchPoints="18" sequenceCoverage="75" branchCoverage="78.26" maxCyclomaticComplexity="7" minCyclomaticComplexity="1" maxCrapScore="7" minCrapScore="2" visitedClasses="1" numClasses="1" visitedMethods="3" numMethods="7" />
          <FullName>ProjetoLoterica.Domain.Features.Resultados.Resultado</FullName>
          <Methods>
            <Method skippedDueTo="AutoImplementedProperty" visited="false" cyclomaticComplexity="1" nPathComplexity="0" sequenceCoverage="0" branchCoverage="0" crapScore="0" isConstructor="false" isStatic="false" isGetter="true" isSetter="false">
              <MetadataToken>100663302</MetadataToken>
              <Name>ProjetoLoterica.Domain.Features.Concursos.Concurso ProjetoLoterica.Domain.Features.Resultados.Resultado::get__Concurso()</Name>
              <FileRef uid="4" />
              <SequencePoints />
              <BranchPoints />
            </Method>
            <Method skippedDueTo="AutoImplementedProperty" visited="false" cyclomaticComplexity="1" nPathComplexity="0" sequenceCoverage="0" branchCoverage="0" crapScore="0" isConstructor="false" isStatic="false" isGetter="false" isSetter="true">
              <MetadataToken>100663303</MetadataToken>
              <Name>System.Void ProjetoLoterica.Domain.Features.Resultados.Resultado::set__Concurso(ProjetoLoterica.Domain.Features.Concursos.Concurso)</Name>
              <FileRef uid="4" />
              <SequencePoints />
              <BranchPoints />
            </Method>
            <Method skippedDueTo="AutoImplementedProperty" visited="false" cyclomaticComplexity="1" nPathComplexity="0" sequenceCoverage="0" branchCoverage="0" crapScore="0" isConstructor="false" isStatic="false" isGetter="true" isSetter="false">
              <MetadataToken>100663304</MetadataToken>
              <Name>System.Collections.Generic.List`1&lt;ProjetoLoterica.Domain.Features.Apostas.Dezenas.Dezena&gt; ProjetoLoterica.Domain.Features.Resultados.Resultado::get__Resultado()</Name>
              <FileRef uid="4" />
              <SequencePoints />
              <BranchPoints />
            </Method>
            <Method skippedDueTo="AutoImplementedProperty" visited="false" cyclomaticComplexity="1" nPathComplexity="0" sequenceCoverage="0" branchCoverage="0" crapScore="0" isConstructor="false" isStatic="false" isGetter="false" isSetter="true">
              <MetadataToken>100663305</MetadataToken>
              <Name>System.Void ProjetoLoterica.Domain.Features.Resultados.Resultado::set__Resultado(System.Collections.Generic.List`1&lt;ProjetoLoterica.Domain.Features.Apostas.Dezenas.Dezena&gt;)</Name>
              <FileRef uid="4" />
              <SequencePoints />
              <BranchPoints />
            </Method>
            <Method skippedDueTo="AutoImplementedProperty" visited="false" cyclomaticComplexity="1" nPathComplexity="0" sequenceCoverage="0" branchCoverage="0" crapScore="0" isConstructor="false" isStatic="false" isGetter="true" isSetter="false">
              <MetadataToken>100663306</MetadataToken>
              <Name>System.Double ProjetoLoterica.Domain.Features.Resultados.Resultado::get__ValorTotal()</Name>
              <FileRef uid="4" />
              <SequencePoints />
              <BranchPoints />
            </Method>
            <Method skippedDueTo="AutoImplementedProperty" visited="false" cyclomaticComplexity="1" nPathComplexity="0" sequenceCoverage="0" branchCoverage="0" crapScore="0" isConstructor="false" isStatic="false" isGetter="false" isSetter="true">
              <MetadataToken>100663307</MetadataToken>
              <Name>System.Void ProjetoLoterica.Domain.Features.Resultados.Resultado::set__ValorTotal(System.Double)</Name>
              <FileRef uid="4" />
              <SequencePoints />
              <BranchPoints />
            </Method>
            <Method skippedDueTo="AutoImplementedProperty" visited="false" cyclomaticComplexity="1" nPathComplexity="0" sequenceCoverage="0" branchCoverage="0" crapScore="0" isConstructor="false" isStatic="false" isGetter="true" isSetter="false">
              <MetadataToken>100663308</MetadataToken>
              <Name>System.Double ProjetoLoterica.Domain.Features.Resultados.Resultado::get__ValorSena()</Name>
              <FileRef uid="4" />
              <SequencePoints />
              <BranchPoints />
            </Method>
            <Method skippedDueTo="AutoImplementedProperty" visited="false" cyclomaticComplexity="1" nPathComplexity="0" sequenceCoverage="0" branchCoverage="0" crapScore="0" isConstructor="false" isStatic="false" isGetter="false" isSetter="true">
              <MetadataToken>100663309</MetadataToken>
              <Name>System.Void ProjetoLoterica.Domain.Features.Resultados.Resultado::set__ValorSena(System.Double)</Name>
              <FileRef uid="4" />
              <SequencePoints />
              <BranchPoints />
            </Method>
            <Method skippedDueTo="AutoImplementedProperty" visited="false" cyclomaticComplexity="1" nPathComplexity="0" sequenceCoverage="0" branchCoverage="0" crapScore="0" isConstructor="false" isStatic="false" isGetter="true" isSetter="false">
              <MetadataToken>100663310</MetadataToken>
              <Name>System.Double ProjetoLoterica.Domain.Features.Resultados.Resultado::get__ValorQuina()</Name>
              <FileRef uid="4" />
              <SequencePoints />
              <BranchPoints />
            </Method>
            <Method skippedDueTo="AutoImplementedProperty" visited="false" cyclomaticComplexity="1" nPathComplexity="0" sequenceCoverage="0" branchCoverage="0" crapScore="0" isConstructor="false" isStatic="false" isGetter="false" isSetter="true">
              <MetadataToken>100663311</MetadataToken>
              <Name>System.Void ProjetoLoterica.Domain.Features.Resultados.Resultado::set__ValorQuina(System.Double)</Name>
              <FileRef uid="4" />
              <SequencePoints />
              <BranchPoints />
            </Method>
            <Method skippedDueTo="AutoImplementedProperty" visited="false" cyclomaticComplexity="1" nPathComplexity="0" sequenceCoverage="0" branchCoverage="0" crapScore="0" isConstructor="false" isStatic="false" isGetter="true" isSetter="false">
              <MetadataToken>100663312</MetadataToken>
              <Name>System.Double ProjetoLoterica.Domain.Features.Resultados.Resultado::get__ValorQuadra()</Name>
              <FileRef uid="4" />
              <SequencePoints />
              <BranchPoints />
            </Method>
            <Method skippedDueTo="AutoImplementedProperty" visited="false" cyclomaticComplexity="1" nPathComplexity="0" sequenceCoverage="0" branchCoverage="0" crapScore="0" isConstructor="false" isStatic="false" isGetter="false" isSetter="true">
              <MetadataToken>100663313</MetadataToken>
              <Name>System.Void ProjetoLoterica.Domain.Features.Resultados.Resultado::set__ValorQuadra(System.Double)</Name>
              <FileRef uid="4" />
              <SequencePoints />
              <BranchPoints />
            </Method>
            <Method visited="true" cyclomaticComplexity="2" nPathComplexity="2" sequenceCoverage="100" branchCoverage="66.67" crapScore="2" isConstructor="true" isStatic="false" isGetter="false" isSetter="false">
              <Summary numSequencePoints="5" visitedSequencePoints="5" numBranchPoints="3" visitedBranchPoints="2" sequenceCoverage="100" branchCoverage="66.67" maxCyclomaticComplexity="2" minCyclomaticComplexity="2" maxCrapScore="2" minCrapScore="2" visitedClasses="0" numClasses="0" visitedMethods="1" numMethods="1" />
              <MetadataToken>100663314</MetadataToken>
              <Name>System.Void ProjetoLoterica.Domain.Features.Resultados.Resultado::.ctor()</Name>
              <FileRef uid="4" />
              <SequencePoints>
                <SequencePoint vc="4" uspid="2" ordinal="0" offset="0" sl="24" sc="9" el="24" ec="27" bec="0" bev="0" fileid="4" />
                <SequencePoint vc="4" uspid="3" ordinal="1" offset="7" sl="25" sc="9" el="25" ec="10" bec="0" bev="0" fileid="4" />
                <SequencePoint vc="4" uspid="4" ordinal="2" offset="8" sl="26" sc="13" el="26" ec="37" bec="2" bev="1" fileid="4" />
                <SequencePoint vc="4" uspid="5" ordinal="3" offset="21" sl="27" sc="17" el="27" ec="52" bec="0" bev="0" fileid="4" />
                <SequencePoint vc="4" uspid="6" ordinal="4" offset="32" sl="28" sc="9" el="28" ec="10" bec="0" bev="0" fileid="4" />
              </SequencePoints>
              <BranchPoints>
                <BranchPoint vc="4" uspid="7" ordinal="0" offset="19" sl="26" path="0" offsetend="21" fileid="4" />
                <BranchPoint vc="0" uspid="8" ordinal="1" offset="19" sl="26" path="1" offsetend="32" fileid="4" />
              </BranchPoints>
              <MethodPoint xsi:type="SequencePoint" vc="4" uspid="2" ordinal="0" offset="0" sl="24" sc="9" el="24" ec="27" bec="0" bev="0" fileid="4" />
            </Method>
            <Method visited="false" cyclomaticComplexity="1" nPathComplexity="0" sequenceCoverage="0" branchCoverage="0" crapScore="2" isConstructor="false" isStatic="false" isGetter="false" isSetter="false">
              <Summary numSequencePoints="2" visitedSequencePoints="0" numBranchPoints="1" visitedBranchPoints="0" sequenceCoverage="0" branchCoverage="0" maxCyclomaticComplexity="1" minCyclomaticComplexity="1" maxCrapScore="2" minCrapScore="2" visitedClasses="0" numClasses="0" visitedMethods="0" numMethods="1" />
              <MetadataToken>100663315</MetadataToken>
              <Name>System.Void ProjetoLoterica.Domain.Features.Resultados.Resultado::Validate()</Name>
              <FileRef uid="4" />
              <SequencePoints>
                <SequencePoint vc="0" uspid="9" ordinal="0" offset="0" sl="30" sc="9" el="30" ec="10" bec="0" bev="0" fileid="4" />
                <SequencePoint vc="0" uspid="10" ordinal="1" offset="1" sl="31" sc="13" el="31" ec="49" bec="0" bev="0" fileid="4" />
              </SequencePoints>
              <BranchPoints />
              <MethodPoint xsi:type="SequencePoint" vc="0" uspid="9" ordinal="0" offset="0" sl="30" sc="9" el="30" ec="10" bec="0" bev="0" fileid="4" />
            </Method>
            <Method visited="true" cyclomaticComplexity="7" nPathComplexity="64" sequenceCoverage="100" branchCoverage="100" crapScore="7" isConstructor="false" isStatic="false" isGetter="false" isSetter="false">
              <Summary numSequencePoints="23" visitedSequencePoints="23" numBranchPoints="13" visitedBranchPoints="13" sequenceCoverage="100" branchCoverage="100" maxCyclomaticComplexity="7" minCyclomaticComplexity="7" maxCrapScore="7" minCrapScore="7" visitedClasses="0" numClasses="0" visitedMethods="1" numMethods="1" />
              <MetadataToken>100663316</MetadataToken>
              <Name>System.Void ProjetoLoterica.Domain.Features.Resultados.Resultado::VerificarAposta(ProjetoLoterica.Domain.Features.Apostas.Aposta)</Name>
              <FileRef uid="4" />
              <SequencePoints>
                <SequencePoint vc="3" uspid="11" ordinal="0" offset="0" sl="35" sc="9" el="35" ec="10" bec="0" bev="0" fileid="4" />
                <SequencePoint vc="3" uspid="12" ordinal="1" offset="1" sl="36" sc="13" el="36" ec="38" bec="0" bev="0" fileid="4" />
                <SequencePoint vc="3" uspid="13" ordinal="2" offset="3" sl="37" sc="18" el="37" ec="27" bec="0" bev="0" fileid="4" />
                <SequencePoint vc="18" uspid="14" ordinal="3" offset="7" sl="38" sc="13" el="38" ec="14" bec="0" bev="0" fileid="4" />
                <SequencePoint vc="18" uspid="15" ordinal="4" offset="8" sl="39" sc="22" el="39" ec="31" bec="0" bev="0" fileid="4" />
                <SequencePoint vc="108" uspid="16" ordinal="5" offset="12" sl="40" sc="17" el="40" ec="18" bec="0" bev="0" fileid="4" />
                <SequencePoint vc="108" uspid="17" ordinal="6" offset="13" sl="41" sc="21" el="41" ec="61" bec="2" bev="2" fileid="4" />
                <SequencePoint vc="15" uspid="18" ordinal="7" offset="43" sl="42" sc="21" el="42" ec="22" bec="0" bev="0" fileid="4" />
                <SequencePoint vc="15" uspid="19" ordinal="8" offset="44" sl="43" sc="25" el="43" ec="44" bec="0" bev="0" fileid="4" />
                <SequencePoint vc="15" uspid="20" ordinal="9" offset="48" sl="44" sc="21" el="44" ec="22" bec="0" bev="0" fileid="4" />
                <SequencePoint vc="108" uspid="21" ordinal="10" offset="49" sl="45" sc="17" el="45" ec="18" bec="0" bev="0" fileid="4" />
                <SequencePoint vc="108" uspid="22" ordinal="11" offset="50" sl="39" sc="40" el="39" ec="43" bec="0" bev="0" fileid="4" />
                <SequencePoint vc="126" uspid="23" ordinal="12" offset="54" sl="39" sc="33" el="39" ec="38" bec="2" bev="2" fileid="4" />
                <SequencePoint vc="18" uspid="24" ordinal="13" offset="64" sl="46" sc="13" el="46" ec="14" bec="0" bev="0" fileid="4" />
                <SequencePoint vc="18" uspid="25" ordinal="14" offset="65" sl="37" sc="36" el="37" ec="39" bec="0" bev="0" fileid="4" />
                <SequencePoint vc="21" uspid="26" ordinal="15" offset="69" sl="37" sc="29" el="37" ec="34" bec="2" bev="2" fileid="4" />
                <SequencePoint vc="3" uspid="27" ordinal="16" offset="79" sl="47" sc="13" el="47" ec="39" bec="2" bev="2" fileid="4" />
                <SequencePoint vc="1" uspid="28" ordinal="17" offset="89" sl="48" sc="17" el="48" ec="109" bec="0" bev="0" fileid="4" />
                <SequencePoint vc="3" uspid="29" ordinal="18" offset="120" sl="50" sc="13" el="50" ec="39" bec="2" bev="2" fileid="4" />
                <SequencePoint vc="1" uspid="30" ordinal="19" offset="130" sl="51" sc="17" el="51" ec="108" bec="0" bev="0" fileid="4" />
                <SequencePoint vc="3" uspid="31" ordinal="20" offset="161" sl="52" sc="13" el="52" ec="39" bec="2" bev="2" fileid="4" />
                <SequencePoint vc="1" uspid="32" ordinal="21" offset="171" sl="53" sc="17" el="53" ec="107" bec="0" bev="0" fileid="4" />
                <SequencePoint vc="3" uspid="33" ordinal="22" offset="202" sl="54" sc="9" el="54" ec="10" bec="0" bev="0" fileid="4" />
              </SequencePoints>
              <BranchPoints>
                <BranchPoint vc="15" uspid="34" ordinal="0" offset="41" sl="41" path="0" offsetend="43" fileid="4" />
                <BranchPoint vc="93" uspid="35" ordinal="1" offset="41" sl="41" path="1" offsetend="49" fileid="4" />
                <BranchPoint vc="18" uspid="36" ordinal="2" offset="62" sl="39" path="0" offsetend="64" fileid="4" />
                <BranchPoint vc="108" uspid="37" ordinal="3" offset="62" sl="39" path="1" offsetend="12" fileid="4" />
                <BranchPoint vc="3" uspid="38" ordinal="4" offset="77" sl="37" path="0" offsetend="79" fileid="4" />
                <BranchPoint vc="18" uspid="39" ordinal="5" offset="77" sl="37" path="1" offsetend="7" fileid="4" />
                <BranchPoint vc="1" uspid="40" ordinal="6" offset="87" sl="47" path="0" offsetend="89" fileid="4" />
                <BranchPoint vc="2" uspid="41" ordinal="7" offset="87" sl="47" path="1" offsetend="120" fileid="4" />
                <BranchPoint vc="1" uspid="42" ordinal="8" offset="128" sl="50" path="0" offsetend="130" fileid="4" />
                <BranchPoint vc="2" uspid="43" ordinal="9" offset="128" sl="50" path="1" offsetend="161" fileid="4" />
                <BranchPoint vc="1" uspid="44" ordinal="10" offset="169" sl="52" path="0" offsetend="171" fileid="4" />
                <BranchPoint vc="2" uspid="45" ordinal="11" offset="169" sl="52" path="1" offsetend="202" fileid="4" />
              </BranchPoints>
              <MethodPoint xsi:type="SequencePoint" vc="3" uspid="11" ordinal="0" offset="0" sl="35" sc="9" el="35" ec="10" bec="0" bev="0" fileid="4" />
            </Method>
            <Method visited="false" cyclomaticComplexity="1" nPathComplexity="0" sequenceCoverage="0" branchCoverage="0" crapScore="2" isConstructor="false" isStatic="false" isGetter="false" isSetter="false">
              <Summary numSequencePoints="2" visitedSequencePoints="0" numBranchPoints="1" visitedBranchPoints="0" sequenceCoverage="0" branchCoverage="0" maxCyclomaticComplexity="1" minCyclomaticComplexity="1" maxCrapScore="2" minCrapScore="2" visitedClasses="0" numClasses="0" visitedMethods="0" numMethods="1" />
              <MetadataToken>100663317</MetadataToken>
              <Name>System.Void ProjetoLoterica.Domain.Features.Resultados.Resultado::VerificaGahadores(System.Collections.Generic.List`1&lt;ProjetoLoterica.Domain.Features.Apostas.Aposta&gt;)</Name>
              <FileRef uid="4" />
              <SequencePoints>
                <SequencePoint vc="0" uspid="46" ordinal="0" offset="0" sl="57" sc="9" el="57" ec="10" bec="0" bev="0" fileid="4" />
                <SequencePoint vc="0" uspid="47" ordinal="1" offset="1" sl="62" sc="9" el="62" ec="10" bec="0" bev="0" fileid="4" />
              </SequencePoints>
              <BranchPoints />
              <MethodPoint xsi:type="SequencePoint" vc="0" uspid="46" ordinal="0" offset="0" sl="57" sc="9" el="57" ec="10" bec="0" bev="0" fileid="4" />
            </Method>
            <Method visited="true" cyclomaticComplexity="3" nPathComplexity="2" sequenceCoverage="100" branchCoverage="100" crapScore="3" isConstructor="false" isStatic="false" isGetter="false" isSetter="false">
              <Summary numSequencePoints="20" visitedSequencePoints="20" numBranchPoints="3" visitedBranchPoints="3" sequenceCoverage="100" branchCoverage="100" maxCyclomaticComplexity="3" minCyclomaticComplexity="3" maxCrapScore="3" minCrapScore="3" visitedClasses="0" numClasses="0" visitedMethods="1" numMethods="1" />
              <MetadataToken>100663318</MetadataToken>
              <Name>System.Collections.Generic.List`1&lt;ProjetoLoterica.Domain.Features.Apostas.Dezenas.Dezena&gt; ProjetoLoterica.Domain.Features.Resultados.Resultado::GerarResultado()</Name>
              <FileRef uid="4" />
              <SequencePoints>
                <SequencePoint vc="1" uspid="48" ordinal="0" offset="0" sl="64" sc="9" el="64" ec="10" bec="0" bev="0" fileid="4" />
                <SequencePoint vc="1" uspid="49" ordinal="1" offset="1" sl="65" sc="13" el="65" ec="39" bec="0" bev="0" fileid="4" />
                <SequencePoint vc="1" uspid="50" ordinal="2" offset="7" sl="66" sc="13" el="66" ec="58" bec="0" bev="0" fileid="4" />
                <SequencePoint vc="1" uspid="51" ordinal="3" offset="13" sl="67" sc="13" el="67" ec="57" bec="0" bev="0" fileid="4" />
                <SequencePoint vc="1" uspid="52" ordinal="4" offset="19" sl="68" sc="13" el="68" ec="55" bec="0" bev="0" fileid="4" />
                <SequencePoint vc="6" uspid="53" ordinal="5" offset="25" sl="71" sc="13" el="71" ec="14" bec="0" bev="0" fileid="4" />
                <SequencePoint vc="6" uspid="54" ordinal="6" offset="26" sl="72" sc="17" el="72" ec="46" bec="0" bev="0" fileid="4" />
                <SequencePoint vc="6" uspid="55" ordinal="7" offset="42" sl="73" sc="13" el="73" ec="14" bec="0" bev="0" fileid="4" />
                <SequencePoint vc="6" uspid="56" ordinal="8" offset="43" sl="73" sc="15" el="73" ec="41" bec="2" bev="2" fileid="4" />
                <SequencePoint vc="1" uspid="57" ordinal="9" offset="58" sl="75" sc="13" el="75" ec="49" bec="0" bev="0" fileid="4" />
                <SequencePoint vc="1" uspid="58" ordinal="10" offset="65" sl="76" sc="13" el="76" ec="37" bec="0" bev="0" fileid="4" />
                <SequencePoint vc="1" uspid="59" ordinal="11" offset="72" sl="78" sc="13" el="78" ec="20" bec="0" bev="0" fileid="4" />
                <SequencePoint vc="1" uspid="60" ordinal="12" offset="73" sl="78" sc="34" el="78" ec="41" bec="0" bev="0" fileid="4" />
                <SequencePoint vc="6" uspid="61" ordinal="13" offset="83" sl="78" sc="22" el="78" ec="30" bec="0" bev="0" fileid="4" />
                <SequencePoint vc="6" uspid="62" ordinal="14" offset="92" sl="79" sc="13" el="79" ec="14" bec="0" bev="0" fileid="4" />
                <SequencePoint vc="6" uspid="63" ordinal="15" offset="93" sl="80" sc="17" el="80" ec="62" bec="0" bev="0" fileid="4" />
                <SequencePoint vc="6" uspid="64" ordinal="16" offset="114" sl="81" sc="13" el="81" ec="14" bec="0" bev="0" fileid="4" />
                <SequencePoint vc="7" uspid="65" ordinal="17" offset="115" sl="78" sc="31" el="78" ec="33" bec="0" bev="0" fileid="4" />
                <SequencePoint vc="1" uspid="66" ordinal="18" offset="141" sl="83" sc="13" el="83" ec="30" bec="0" bev="0" fileid="4" />
                <SequencePoint vc="1" uspid="67" ordinal="19" offset="146" sl="84" sc="9" el="84" ec="10" bec="0" bev="0" fileid="4" />
              </SequencePoints>
              <BranchPoints>
                <BranchPoint vc="1" uspid="68" ordinal="0" offset="56" sl="73" path="0" offsetend="58" fileid="4" />
                <BranchPoint vc="5" uspid="69" ordinal="1" offset="56" sl="73" path="1" offsetend="25" fileid="4" />
              </BranchPoints>
              <MethodPoint xsi:type="SequencePoint" vc="1" uspid="48" ordinal="0" offset="0" sl="64" sc="9" el="64" ec="10" bec="0" bev="0" fileid="4" />
            </Method>
            <Method visited="false" cyclomaticComplexity="2" nPathComplexity="0" sequenceCoverage="0" branchCoverage="0" crapScore="6" isConstructor="false" isStatic="false" isGetter="false" isSetter="false">
              <Summary numSequencePoints="9" visitedSequencePoints="0" numBranchPoints="1" visitedBranchPoints="0" sequenceCoverage="0" branchCoverage="0" maxCyclomaticComplexity="2" minCyclomaticComplexity="2" maxCrapScore="6" minCrapScore="6" visitedClasses="0" numClasses="0" visitedMethods="0" numMethods="1" />
              <MetadataToken>100663319</MetadataToken>
              <Name>System.Void ProjetoLoterica.Domain.Features.Resultados.Resultado::GetValorTotal()</Name>
              <FileRef uid="4" />
              <SequencePoints>
                <SequencePoint vc="0" uspid="72" ordinal="0" offset="0" sl="87" sc="9" el="87" ec="10" bec="0" bev="0" fileid="4" />
                <SequencePoint vc="0" uspid="73" ordinal="1" offset="1" sl="88" sc="13" el="88" ec="20" bec="0" bev="0" fileid="4" />
                <SequencePoint vc="0" uspid="74" ordinal="2" offset="2" sl="88" sc="34" el="88" ec="52" bec="0" bev="0" fileid="4" />
                <SequencePoint vc="0" uspid="75" ordinal="3" offset="21" sl="88" sc="22" el="88" ec="30" bec="0" bev="0" fileid="4" />
                <SequencePoint vc="0" uspid="76" ordinal="4" offset="29" sl="89" sc="13" el="89" ec="14" bec="0" bev="0" fileid="4" />
                <SequencePoint vc="0" uspid="77" ordinal="5" offset="30" sl="90" sc="17" el="90" ec="42" bec="0" bev="0" fileid="4" />
                <SequencePoint vc="0" uspid="78" ordinal="6" offset="43" sl="91" sc="13" el="91" ec="14" bec="0" bev="0" fileid="4" />
                <SequencePoint vc="0" uspid="79" ordinal="7" offset="44" sl="88" sc="31" el="88" ec="33" bec="0" bev="0" fileid="4" />
                <SequencePoint vc="0" uspid="80" ordinal="8" offset="70" sl="92" sc="9" el="92" ec="10" bec="0" bev="0" fileid="4" />
              </SequencePoints>
              <BranchPoints />
              <MethodPoint xsi:type="SequencePoint" vc="0" uspid="72" ordinal="0" offset="0" sl="87" sc="9" el="87" ec="10" bec="0" bev="0" fileid="4" />
            </Method>
            <Method visited="false" cyclomaticComplexity="1" nPathComplexity="0" sequenceCoverage="0" branchCoverage="0" crapScore="2" isConstructor="false" isStatic="false" isGetter="false" isSetter="false">
              <Summary numSequencePoints="3" visitedSequencePoints="0" numBranchPoints="1" visitedBranchPoints="0" sequenceCoverage="0" branchCoverage="0" maxCyclomaticComplexity="1" minCyclomaticComplexity="1" maxCrapScore="2" minCrapScore="2" visitedClasses="0" numClasses="0" visitedMethods="0" numMethods="1" />
              <MetadataToken>100663320</MetadataToken>
              <Name>System.Void ProjetoLoterica.Domain.Features.Resultados.Resultado::GetValorLoterica()</Name>
              <FileRef uid="4" />
              <SequencePoints>
                <SequencePoint vc="0" uspid="83" ordinal="0" offset="0" sl="95" sc="9" el="95" ec="10" bec="0" bev="0" fileid="4" />
                <SequencePoint vc="0" uspid="84" ordinal="1" offset="1" sl="96" sc="13" el="96" ec="61" bec="0" bev="0" fileid="4" />
                <SequencePoint vc="0" uspid="85" ordinal="2" offset="31" sl="97" sc="9" el="97" ec="10" bec="0" bev="0" fileid="4" />
              </SequencePoints>
              <BranchPoints />
              <MethodPoint xsi:type="SequencePoint" vc="0" uspid="83" ordinal="0" offset="0" sl="95" sc="9" el="95" ec="10" bec="0" bev="0" fileid="4" />
            </Method>
          </Methods>
        </Class>
        <Class>
          <Summary numSequencePoints="8" visitedSequencePoints="8" numBranchPoints="5" visitedBranchPoints="5" sequenceCoverage="100" branchCoverage="100" maxCyclomaticComplexity="3" minCyclomaticComplexity="1" maxCrapScore="3" minCrapScore="2" visitedClasses="1" numClasses="1" visitedMethods="1" numMethods="1" />
          <FullName>ProjetoLoterica.Domain.Features.Concursos.Concurso</FullName>
          <Methods>
            <Method skippedDueTo="AutoImplementedProperty" visited="false" cyclomaticComplexity="1" nPathComplexity="0" sequenceCoverage="0" branchCoverage="0" crapScore="0" isConstructor="false" isStatic="false" isGetter="true" isSetter="false">
              <MetadataToken>100663321</MetadataToken>
              <Name>System.Int64 ProjetoLoterica.Domain.Features.Concursos.Concurso::get__Numero()</Name>
              <FileRef uid="5" />
              <SequencePoints />
              <BranchPoints />
            </Method>
            <Method skippedDueTo="AutoImplementedProperty" visited="false" cyclomaticComplexity="1" nPathComplexity="0" sequenceCoverage="0" branchCoverage="0" crapScore="0" isConstructor="false" isStatic="false" isGetter="false" isSetter="true">
              <MetadataToken>100663322</MetadataToken>
              <Name>System.Void ProjetoLoterica.Domain.Features.Concursos.Concurso::set__Numero(System.Int64)</Name>
              <FileRef uid="5" />
              <SequencePoints />
              <BranchPoints />
            </Method>
            <Method skippedDueTo="AutoImplementedProperty" visited="false" cyclomaticComplexity="1" nPathComplexity="0" sequenceCoverage="0" branchCoverage="0" crapScore="0" isConstructor="false" isStatic="false" isGetter="true" isSetter="false">
              <MetadataToken>100663323</MetadataToken>
              <Name>System.Collections.Generic.List`1&lt;ProjetoLoterica.Domain.Features.Apostas.Aposta&gt; ProjetoLoterica.Domain.Features.Concursos.Concurso::get__Apostas()</Name>
              <FileRef uid="5" />
              <SequencePoints />
              <BranchPoints />
            </Method>
            <Method skippedDueTo="AutoImplementedProperty" visited="false" cyclomaticComplexity="1" nPathComplexity="0" sequenceCoverage="0" branchCoverage="0" crapScore="0" isConstructor="false" isStatic="false" isGetter="false" isSetter="true">
              <MetadataToken>100663324</MetadataToken>
              <Name>System.Void ProjetoLoterica.Domain.Features.Concursos.Concurso::set__Apostas(System.Collections.Generic.List`1&lt;ProjetoLoterica.Domain.Features.Apostas.Aposta&gt;)</Name>
              <FileRef uid="5" />
              <SequencePoints />
              <BranchPoints />
            </Method>
            <Method visited="true" cyclomaticComplexity="3" nPathComplexity="4" sequenceCoverage="100" branchCoverage="100" crapScore="3" isConstructor="false" isStatic="false" isGetter="false" isSetter="false">
              <Summary numSequencePoints="8" visitedSequencePoints="8" numBranchPoints="5" visitedBranchPoints="5" sequenceCoverage="100" branchCoverage="100" maxCyclomaticComplexity="3" minCyclomaticComplexity="3" maxCrapScore="3" minCrapScore="3" visitedClasses="0" numClasses="0" visitedMethods="1" numMethods="1" />
              <MetadataToken>100663325</MetadataToken>
              <Name>System.Void ProjetoLoterica.Domain.Features.Concursos.Concurso::Validate()</Name>
              <FileRef uid="5" />
              <SequencePoints>
                <SequencePoint vc="3" uspid="86" ordinal="0" offset="0" sl="18" sc="9" el="18" ec="10" bec="0" bev="0" fileid="5" />
                <SequencePoint vc="3" uspid="87" ordinal="1" offset="1" sl="19" sc="13" el="19" ec="29" bec="2" bev="2" fileid="5" />
                <SequencePoint vc="1" uspid="88" ordinal="2" offset="15" sl="20" sc="13" el="20" ec="14" bec="0" bev="0" fileid="5" />
                <SequencePoint vc="1" uspid="89" ordinal="3" offset="16" sl="21" sc="17" el="21" ec="60" bec="0" bev="0" fileid="5" />
                <SequencePoint vc="2" uspid="90" ordinal="4" offset="22" sl="23" sc="13" el="23" ec="34" bec="2" bev="2" fileid="5" />
                <SequencePoint vc="1" uspid="91" ordinal="5" offset="35" sl="24" sc="13" el="24" ec="14" bec="0" bev="0" fileid="5" />
                <SequencePoint vc="1" uspid="92" ordinal="6" offset="36" sl="25" sc="17" el="25" ec="58" bec="0" bev="0" fileid="5" />
                <SequencePoint vc="1" uspid="93" ordinal="7" offset="42" sl="29" sc="9" el="29" ec="10" bec="0" bev="0" fileid="5" />
              </SequencePoints>
              <BranchPoints>
                <BranchPoint vc="1" uspid="94" ordinal="0" offset="13" sl="19" path="0" offsetend="15" fileid="5" />
                <BranchPoint vc="2" uspid="95" ordinal="1" offset="13" sl="19" path="1" offsetend="22" fileid="5" />
                <BranchPoint vc="1" uspid="96" ordinal="2" offset="33" sl="23" path="0" offsetend="35" fileid="5" />
                <BranchPoint vc="1" uspid="97" ordinal="3" offset="33" sl="23" path="1" offsetend="42" fileid="5" />
              </BranchPoints>
              <MethodPoint xsi:type="SequencePoint" vc="3" uspid="86" ordinal="0" offset="0" sl="18" sc="9" el="18" ec="10" bec="0" bev="0" fileid="5" />
            </Method>
            <Method visited="false" cyclomaticComplexity="1" nPathComplexity="0" sequenceCoverage="0" branchCoverage="0" crapScore="2" isConstructor="true" isStatic="false" isGetter="false" isSetter="false">
              <Summary numSequencePoints="0" visitedSequencePoints="0" numBranchPoints="0" visitedBranchPoints="0" sequenceCoverage="0" branchCoverage="0" maxCyclomaticComplexity="1" minCyclomaticComplexity="1" maxCrapScore="2" minCrapScore="2" visitedClasses="0" numClasses="0" visitedMethods="0" numMethods="0" />
              <MetadataToken>100663326</MetadataToken>
              <Name>System.Void ProjetoLoterica.Domain.Features.Concursos.Concurso::.ctor()</Name>
              <SequencePoints />
              <BranchPoints />
              <MethodPoint vc="0" uspid="98" ordinal="0" offset="0" />
            </Method>
          </Methods>
        </Class>
        <Class>
          <Summary numSequencePoints="48" visitedSequencePoints="48" numBranchPoints="14" visitedBranchPoints="14" sequenceCoverage="100" branchCoverage="100" maxCyclomaticComplexity="3" minCyclomaticComplexity="1" maxCrapScore="3" minCrapScore="1" visitedClasses="1" numClasses="1" visitedMethods="6" numMethods="6" />
          <FullName>ProjetoLoterica.Domain.Features.Boloes.Bolao</FullName>
          <Methods>
            <Method skippedDueTo="AutoImplementedProperty" visited="false" cyclomaticComplexity="1" nPathComplexity="0" sequenceCoverage="0" branchCoverage="0" crapScore="0" isConstructor="false" isStatic="false" isGetter="true" isSetter="false">
              <MetadataToken>100663329</MetadataToken>
              <Name>System.Int32 ProjetoLoterica.Domain.Features.Boloes.Bolao::get_QtdApostas()</Name>
              <FileRef uid="8" />
              <SequencePoints />
              <BranchPoints />
            </Method>
            <Method skippedDueTo="AutoImplementedProperty" visited="false" cyclomaticComplexity="1" nPathComplexity="0" sequenceCoverage="0" branchCoverage="0" crapScore="0" isConstructor="false" isStatic="false" isGetter="false" isSetter="true">
              <MetadataToken>100663330</MetadataToken>
              <Name>System.Void ProjetoLoterica.Domain.Features.Boloes.Bolao::set_QtdApostas(System.Int32)</Name>
              <FileRef uid="8" />
              <SequencePoints />
              <BranchPoints />
            </Method>
            <Method skippedDueTo="AutoImplementedProperty" visited="false" cyclomaticComplexity="1" nPathComplexity="0" sequenceCoverage="0" branchCoverage="0" crapScore="0" isConstructor="false" isStatic="false" isGetter="true" isSetter="false">
              <MetadataToken>100663331</MetadataToken>
              <Name>System.Double ProjetoLoterica.Domain.Features.Boloes.Bolao::get__ValorTotal()</Name>
              <FileRef uid="8" />
              <SequencePoints />
              <BranchPoints />
            </Method>
            <Method skippedDueTo="AutoImplementedProperty" visited="false" cyclomaticComplexity="1" nPathComplexity="0" sequenceCoverage="0" branchCoverage="0" crapScore="0" isConstructor="false" isStatic="false" isGetter="false" isSetter="true">
              <MetadataToken>100663332</MetadataToken>
              <Name>System.Void ProjetoLoterica.Domain.Features.Boloes.Bolao::set__ValorTotal(System.Double)</Name>
              <FileRef uid="8" />
              <SequencePoints />
              <BranchPoints />
            </Method>
            <Method skippedDueTo="AutoImplementedProperty" visited="false" cyclomaticComplexity="1" nPathComplexity="0" sequenceCoverage="0" branchCoverage="0" crapScore="0" isConstructor="false" isStatic="false" isGetter="true" isSetter="false">
              <MetadataToken>100663333</MetadataToken>
              <Name>System.Collections.Generic.List`1&lt;ProjetoLoterica.Domain.Features.Apostas.Aposta&gt; ProjetoLoterica.Domain.Features.Boloes.Bolao::get__Aposta()</Name>
              <FileRef uid="8" />
              <SequencePoints />
              <BranchPoints />
            </Method>
            <Method skippedDueTo="AutoImplementedProperty" visited="false" cyclomaticComplexity="1" nPathComplexity="0" sequenceCoverage="0" branchCoverage="0" crapScore="0" isConstructor="false" isStatic="false" isGetter="false" isSetter="true">
              <MetadataToken>100663334</MetadataToken>
              <Name>System.Void ProjetoLoterica.Domain.Features.Boloes.Bolao::set__Aposta(System.Collections.Generic.List`1&lt;ProjetoLoterica.Domain.Features.Apostas.Aposta&gt;)</Name>
              <FileRef uid="8" />
              <SequencePoints />
              <BranchPoints />
            </Method>
            <Method visited="true" cyclomaticComplexity="3" nPathComplexity="4" sequenceCoverage="100" branchCoverage="100" crapScore="3" isConstructor="false" isStatic="false" isGetter="false" isSetter="false">
              <Summary numSequencePoints="6" visitedSequencePoints="6" numBranchPoints="5" visitedBranchPoints="5" sequenceCoverage="100" branchCoverage="100" maxCyclomaticComplexity="3" minCyclomaticComplexity="3" maxCrapScore="3" minCrapScore="3" visitedClasses="0" numClasses="0" visitedMethods="1" numMethods="1" />
              <MetadataToken>100663335</MetadataToken>
              <Name>System.Void ProjetoLoterica.Domain.Features.Boloes.Bolao::Validate()</Name>
              <FileRef uid="8" />
              <SequencePoints>
                <SequencePoint vc="3" uspid="99" ordinal="0" offset="0" sl="21" sc="9" el="21" ec="10" bec="0" bev="0" fileid="8" />
                <SequencePoint vc="3" uspid="100" ordinal="1" offset="1" sl="22" sc="13" el="22" ec="33" bec="2" bev="2" fileid="8" />
                <SequencePoint vc="1" uspid="101" ordinal="2" offset="14" sl="23" sc="17" el="23" ec="52" bec="0" bev="0" fileid="8" />
                <SequencePoint vc="2" uspid="102" ordinal="3" offset="20" sl="24" sc="13" el="24" ec="35" bec="2" bev="2" fileid="8" />
                <SequencePoint vc="1" uspid="103" ordinal="4" offset="38" sl="25" sc="17" el="25" ec="60" bec="0" bev="0" fileid="8" />
                <SequencePoint vc="1" uspid="104" ordinal="5" offset="44" sl="26" sc="9" el="26" ec="10" bec="0" bev="0" fileid="8" />
              </SequencePoints>
              <BranchPoints>
                <BranchPoint vc="1" uspid="105" ordinal="0" offset="12" sl="22" path="0" offsetend="14" fileid="8" />
                <BranchPoint vc="2" uspid="106" ordinal="1" offset="12" sl="22" path="1" offsetend="20" fileid="8" />
                <BranchPoint vc="1" uspid="107" ordinal="2" offset="36" sl="24" path="0" offsetend="38" fileid="8" />
                <BranchPoint vc="1" uspid="108" ordinal="3" offset="36" sl="24" path="1" offsetend="44" fileid="8" />
              </BranchPoints>
              <MethodPoint xsi:type="SequencePoint" vc="3" uspid="99" ordinal="0" offset="0" sl="21" sc="9" el="21" ec="10" bec="0" bev="0" fileid="8" />
            </Method>
            <Method visited="true" cyclomaticComplexity="2" nPathComplexity="0" sequenceCoverage="100" branchCoverage="100" crapScore="2" isConstructor="false" isStatic="false" isGetter="false" isSetter="false">
              <Summary numSequencePoints="9" visitedSequencePoints="9" numBranchPoints="1" visitedBranchPoints="1" sequenceCoverage="100" branchCoverage="100" maxCyclomaticComplexity="2" minCyclomaticComplexity="2" maxCrapScore="2" minCrapScore="2" visitedClasses="0" numClasses="0" visitedMethods="1" numMethods="1" />
              <MetadataToken>100663336</MetadataToken>
              <Name>System.Void ProjetoLoterica.Domain.Features.Boloes.Bolao::GetValorTotal()</Name>
              <FileRef uid="8" />
              <SequencePoints>
                <SequencePoint vc="3" uspid="109" ordinal="0" offset="0" sl="29" sc="9" el="29" ec="10" bec="0" bev="0" fileid="8" />
                <SequencePoint vc="3" uspid="110" ordinal="1" offset="1" sl="30" sc="13" el="30" ec="20" bec="0" bev="0" fileid="8" />
                <SequencePoint vc="3" uspid="111" ordinal="2" offset="2" sl="30" sc="34" el="30" ec="41" bec="0" bev="0" fileid="8" />
                <SequencePoint vc="6" uspid="112" ordinal="3" offset="16" sl="30" sc="22" el="30" ec="30" bec="0" bev="0" fileid="8" />
                <SequencePoint vc="6" uspid="113" ordinal="4" offset="24" sl="31" sc="13" el="31" ec="14" bec="0" bev="0" fileid="8" />
                <SequencePoint vc="6" uspid="114" ordinal="5" offset="25" sl="32" sc="17" el="32" ec="43" bec="0" bev="0" fileid="8" />
                <SequencePoint vc="6" uspid="115" ordinal="6" offset="45" sl="33" sc="13" el="33" ec="14" bec="0" bev="0" fileid="8" />
                <SequencePoint vc="9" uspid="116" ordinal="7" offset="46" sl="30" sc="31" el="30" ec="33" bec="0" bev="0" fileid="8" />
                <SequencePoint vc="3" uspid="117" ordinal="8" offset="72" sl="34" sc="9" el="34" ec="10" bec="0" bev="0" fileid="8" />
              </SequencePoints>
              <BranchPoints />
              <MethodPoint xsi:type="SequencePoint" vc="3" uspid="109" ordinal="0" offset="0" sl="29" sc="9" el="29" ec="10" bec="0" bev="0" fileid="8" />
            </Method>
            <Method visited="true" cyclomaticComplexity="1" nPathComplexity="0" sequenceCoverage="100" branchCoverage="100" crapScore="1" isConstructor="false" isStatic="false" isGetter="false" isSetter="false">
              <Summary numSequencePoints="3" visitedSequencePoints="3" numBranchPoints="1" visitedBranchPoints="1" sequenceCoverage="100" branchCoverage="100" maxCyclomaticComplexity="1" minCyclomaticComplexity="1" maxCrapScore="1" minCrapScore="1" visitedClasses="0" numClasses="0" visitedMethods="1" numMethods="1" />
              <MetadataToken>100663337</MetadataToken>
              <Name>ProjetoLoterica.Domain.Features.Boloes.Bolao ProjetoLoterica.Domain.Features.Boloes.Bolao::GerarBolao(System.Int32)</Name>
              <FileRef uid="8" />
              <SequencePoints>
                <SequencePoint vc="7" uspid="120" ordinal="0" offset="0" sl="37" sc="9" el="37" ec="10" bec="0" bev="0" fileid="8" />
                <SequencePoint vc="7" uspid="121" ordinal="1" offset="1" sl="38" sc="13" el="42" ec="15" bec="0" bev="0" fileid="8" />
                <SequencePoint vc="7" uspid="122" ordinal="2" offset="30" sl="44" sc="9" el="44" ec="10" bec="0" bev="0" fileid="8" />
              </SequencePoints>
              <BranchPoints />
              <MethodPoint xsi:type="SequencePoint" vc="7" uspid="120" ordinal="0" offset="0" sl="37" sc="9" el="37" ec="10" bec="0" bev="0" fileid="8" />
            </Method>
            <Method visited="true" cyclomaticComplexity="2" nPathComplexity="2" sequenceCoverage="100" branchCoverage="100" crapScore="2" isConstructor="false" isStatic="false" isGetter="false" isSetter="false">
              <Summary numSequencePoints="10" visitedSequencePoints="10" numBranchPoints="3" visitedBranchPoints="3" sequenceCoverage="100" branchCoverage="100" maxCyclomaticComplexity="2" minCyclomaticComplexity="2" maxCrapScore="2" minCrapScore="2" visitedClasses="0" numClasses="0" visitedMethods="1" numMethods="1" />
              <MetadataToken>100663338</MetadataToken>
              <Name>System.Void ProjetoLoterica.Domain.Features.Boloes.Bolao::GerarApostas(System.Int32,ProjetoLoterica.Domain.Features.Concursos.Concurso)</Name>
              <FileRef uid="8" />
              <SequencePoints>
                <SequencePoint vc="1" uspid="123" ordinal="0" offset="0" sl="47" sc="9" el="47" ec="10" bec="0" bev="0" fileid="8" />
                <SequencePoint vc="1" uspid="124" ordinal="1" offset="1" sl="48" sc="13" el="48" ec="61" bec="0" bev="0" fileid="8" />
                <SequencePoint vc="1" uspid="125" ordinal="2" offset="7" sl="50" sc="18" el="50" ec="27" bec="0" bev="0" fileid="8" />
                <SequencePoint vc="5" uspid="126" ordinal="3" offset="11" sl="51" sc="13" el="51" ec="14" bec="0" bev="0" fileid="8" />
                <SequencePoint vc="5" uspid="127" ordinal="4" offset="12" sl="52" sc="17" el="52" ec="126" bec="0" bev="0" fileid="8" />
                <SequencePoint vc="5" uspid="128" ordinal="5" offset="59" sl="54" sc="13" el="54" ec="14" bec="0" bev="0" fileid="8" />
                <SequencePoint vc="5" uspid="129" ordinal="6" offset="60" sl="50" sc="45" el="50" ec="48" bec="0" bev="0" fileid="8" />
                <SequencePoint vc="6" uspid="130" ordinal="7" offset="64" sl="50" sc="29" el="50" ec="43" bec="2" bev="2" fileid="8" />
                <SequencePoint vc="1" uspid="131" ordinal="8" offset="72" sl="55" sc="13" el="55" ec="40" bec="0" bev="0" fileid="8" />
                <SequencePoint vc="1" uspid="132" ordinal="9" offset="85" sl="56" sc="9" el="56" ec="10" bec="0" bev="0" fileid="8" />
              </SequencePoints>
              <BranchPoints>
                <BranchPoint vc="1" uspid="133" ordinal="0" offset="70" sl="50" path="0" offsetend="72" fileid="8" />
                <BranchPoint vc="5" uspid="134" ordinal="1" offset="70" sl="50" path="1" offsetend="11" fileid="8" />
              </BranchPoints>
              <MethodPoint xsi:type="SequencePoint" vc="1" uspid="123" ordinal="0" offset="0" sl="47" sc="9" el="47" ec="10" bec="0" bev="0" fileid="8" />
            </Method>
            <Method visited="true" cyclomaticComplexity="3" nPathComplexity="2" sequenceCoverage="100" branchCoverage="100" crapScore="3" isConstructor="false" isStatic="false" isGetter="false" isSetter="false">
              <Summary numSequencePoints="19" visitedSequencePoints="19" numBranchPoints="3" visitedBranchPoints="3" sequenceCoverage="100" branchCoverage="100" maxCyclomaticComplexity="3" minCyclomaticComplexity="3" maxCrapScore="3" minCrapScore="3" visitedClasses="0" numClasses="0" visitedMethods="1" numMethods="1" />
              <MetadataToken>100663339</MetadataToken>
              <Name>System.Collections.Generic.List`1&lt;ProjetoLoterica.Domain.Features.Apostas.Dezenas.Dezena&gt; ProjetoLoterica.Domain.Features.Boloes.Bolao::GerarDezenas()</Name>
              <FileRef uid="8" />
              <SequencePoints>
                <SequencePoint vc="5" uspid="135" ordinal="0" offset="0" sl="59" sc="9" el="59" ec="10" bec="0" bev="0" fileid="8" />
                <SequencePoint vc="5" uspid="136" ordinal="1" offset="1" sl="60" sc="13" el="60" ec="58" bec="0" bev="0" fileid="8" />
                <SequencePoint vc="5" uspid="137" ordinal="2" offset="7" sl="61" sc="13" el="61" ec="61" bec="0" bev="0" fileid="8" />
                <SequencePoint vc="5" uspid="138" ordinal="3" offset="13" sl="62" sc="13" el="62" ec="55" bec="0" bev="0" fileid="8" />
                <SequencePoint vc="31" uspid="139" ordinal="4" offset="19" sl="65" sc="13" el="65" ec="14" bec="0" bev="0" fileid="8" />
                <SequencePoint vc="31" uspid="140" ordinal="5" offset="20" sl="66" sc="17" el="66" ec="46" bec="0" bev="0" fileid="8" />
                <SequencePoint vc="31" uspid="141" ordinal="6" offset="41" sl="67" sc="13" el="67" ec="14" bec="0" bev="0" fileid="8" />
                <SequencePoint vc="31" uspid="142" ordinal="7" offset="42" sl="67" sc="15" el="67" ec="41" bec="2" bev="2" fileid="8" />
                <SequencePoint vc="5" uspid="143" ordinal="8" offset="55" sl="69" sc="13" el="69" ec="49" bec="0" bev="0" fileid="8" />
                <SequencePoint vc="5" uspid="144" ordinal="9" offset="62" sl="70" sc="13" el="70" ec="37" bec="0" bev="0" fileid="8" />
                <SequencePoint vc="5" uspid="145" ordinal="10" offset="69" sl="72" sc="13" el="72" ec="20" bec="0" bev="0" fileid="8" />
                <SequencePoint vc="5" uspid="146" ordinal="11" offset="70" sl="72" sc="34" el="72" ec="41" bec="0" bev="0" fileid="8" />
                <SequencePoint vc="30" uspid="147" ordinal="12" offset="80" sl="72" sc="22" el="72" ec="30" bec="0" bev="0" fileid="8" />
                <SequencePoint vc="30" uspid="148" ordinal="13" offset="89" sl="73" sc="13" el="73" ec="14" bec="0" bev="0" fileid="8" />
                <SequencePoint vc="30" uspid="149" ordinal="14" offset="90" sl="74" sc="17" el="74" ec="66" bec="0" bev="0" fileid="8" />
                <SequencePoint vc="30" uspid="150" ordinal="15" offset="111" sl="75" sc="13" el="75" ec="14" bec="0" bev="0" fileid="8" />
                <SequencePoint vc="35" uspid="151" ordinal="16" offset="112" sl="72" sc="31" el="72" ec="33" bec="0" bev="0" fileid="8" />
                <SequencePoint vc="5" uspid="152" ordinal="17" offset="138" sl="77" sc="13" el="77" ec="34" bec="0" bev="0" fileid="8" />
                <SequencePoint vc="5" uspid="153" ordinal="18" offset="143" sl="78" sc="9" el="78" ec="10" bec="0" bev="0" fileid="8" />
              </SequencePoints>
              <BranchPoints>
                <BranchPoint vc="5" uspid="154" ordinal="0" offset="53" sl="67" path="0" offsetend="55" fileid="8" />
                <BranchPoint vc="26" uspid="155" ordinal="1" offset="53" sl="67" path="1" offsetend="19" fileid="8" />
              </BranchPoints>
              <MethodPoint xsi:type="SequencePoint" vc="5" uspid="135" ordinal="0" offset="0" sl="59" sc="9" el="59" ec="10" bec="0" bev="0" fileid="8" />
            </Method>
            <Method visited="true" cyclomaticComplexity="1" nPathComplexity="0" sequenceCoverage="100" branchCoverage="100" crapScore="1" isConstructor="true" isStatic="false" isGetter="false" isSetter="false">
              <Summary numSequencePoints="1" visitedSequencePoints="1" numBranchPoints="1" visitedBranchPoints="1" sequenceCoverage="100" branchCoverage="100" maxCyclomaticComplexity="1" minCyclomaticComplexity="1" maxCrapScore="1" minCrapScore="1" visitedClasses="0" numClasses="0" visitedMethods="1" numMethods="1" />
              <MetadataToken>100663340</MetadataToken>
              <Name>System.Void ProjetoLoterica.Domain.Features.Boloes.Bolao::.ctor()</Name>
              <FileRef uid="8" />
              <SequencePoints>
                <SequencePoint vc="23" uspid="158" ordinal="0" offset="0" sl="15" sc="9" el="15" ec="43" bec="0" bev="0" fileid="8" />
              </SequencePoints>
              <BranchPoints />
              <MethodPoint xsi:type="SequencePoint" vc="23" uspid="158" ordinal="0" offset="0" sl="15" sc="9" el="15" ec="43" bec="0" bev="0" fileid="8" />
            </Method>
          </Methods>
        </Class>
        <Class>
          <Summary numSequencePoints="24" visitedSequencePoints="24" numBranchPoints="14" visitedBranchPoints="14" sequenceCoverage="100" branchCoverage="100" maxCyclomaticComplexity="5" minCyclomaticComplexity="1" maxCrapScore="5" minCrapScore="1" visitedClasses="1" numClasses="1" visitedMethods="4" numMethods="4" />
          <FullName>ProjetoLoterica.Domain.Features.Apostas.Aposta</FullName>
          <Methods>
            <Method skippedDueTo="AutoImplementedProperty" visited="false" cyclomaticComplexity="1" nPathComplexity="0" sequenceCoverage="0" branchCoverage="0" crapScore="0" isConstructor="false" isStatic="false" isGetter="true" isSetter="false">
              <MetadataToken>100663345</MetadataToken>
              <Name>ProjetoLoterica.Domain.Features.Concursos.Concurso ProjetoLoterica.Domain.Features.Apostas.Aposta::get__Concurso()</Name>
              <FileRef uid="13" />
              <SequencePoints />
              <BranchPoints />
            </Method>
            <Method skippedDueTo="AutoImplementedProperty" visited="false" cyclomaticComplexity="1" nPathComplexity="0" sequenceCoverage="0" branchCoverage="0" crapScore="0" isConstructor="false" isStatic="false" isGetter="false" isSetter="true">
              <MetadataToken>100663346</MetadataToken>
              <Name>System.Void ProjetoLoterica.Domain.Features.Apostas.Aposta::set__Concurso(ProjetoLoterica.Domain.Features.Concursos.Concurso)</Name>
              <FileRef uid="13" />
              <SequencePoints />
              <BranchPoints />
            </Method>
            <Method skippedDueTo="AutoImplementedProperty" visited="false" cyclomaticComplexity="1" nPathComplexity="0" sequenceCoverage="0" branchCoverage="0" crapScore="0" isConstructor="false" isStatic="false" isGetter="true" isSetter="false">
              <MetadataToken>100663347</MetadataToken>
              <Name>System.Double ProjetoLoterica.Domain.Features.Apostas.Aposta::get_Valor()</Name>
              <FileRef uid="13" />
              <SequencePoints />
              <BranchPoints />
            </Method>
            <Method skippedDueTo="AutoImplementedProperty" visited="false" cyclomaticComplexity="1" nPathComplexity="0" sequenceCoverage="0" branchCoverage="0" crapScore="0" isConstructor="false" isStatic="false" isGetter="false" isSetter="true">
              <MetadataToken>100663348</MetadataToken>
              <Name>System.Void ProjetoLoterica.Domain.Features.Apostas.Aposta::set_Valor(System.Double)</Name>
              <FileRef uid="13" />
              <SequencePoints />
              <BranchPoints />
            </Method>
            <Method skippedDueTo="AutoImplementedProperty" visited="false" cyclomaticComplexity="1" nPathComplexity="0" sequenceCoverage="0" branchCoverage="0" crapScore="0" isConstructor="false" isStatic="false" isGetter="true" isSetter="false">
              <MetadataToken>100663349</MetadataToken>
              <Name>System.Double ProjetoLoterica.Domain.Features.Apostas.Aposta::get_ValorTotal()</Name>
              <FileRef uid="13" />
              <SequencePoints />
              <BranchPoints />
            </Method>
            <Method skippedDueTo="AutoImplementedProperty" visited="false" cyclomaticComplexity="1" nPathComplexity="0" sequenceCoverage="0" branchCoverage="0" crapScore="0" isConstructor="false" isStatic="false" isGetter="false" isSetter="true">
              <MetadataToken>100663350</MetadataToken>
              <Name>System.Void ProjetoLoterica.Domain.Features.Apostas.Aposta::set_ValorTotal(System.Double)</Name>
              <FileRef uid="13" />
              <SequencePoints />
              <BranchPoints />
            </Method>
            <Method skippedDueTo="AutoImplementedProperty" visited="false" cyclomaticComplexity="1" nPathComplexity="0" sequenceCoverage="0" branchCoverage="0" crapScore="0" isConstructor="false" isStatic="false" isGetter="true" isSetter="false">
              <MetadataToken>100663351</MetadataToken>
              <Name>System.Collections.Generic.List`1&lt;ProjetoLoterica.Domain.Features.Apostas.Dezenas.Dezena&gt; ProjetoLoterica.Domain.Features.Apostas.Aposta::get__Dezenas()</Name>
              <FileRef uid="13" />
              <SequencePoints />
              <BranchPoints />
            </Method>
            <Method skippedDueTo="AutoImplementedProperty" visited="false" cyclomaticComplexity="1" nPathComplexity="0" sequenceCoverage="0" branchCoverage="0" crapScore="0" isConstructor="false" isStatic="false" isGetter="false" isSetter="true">
              <MetadataToken>100663352</MetadataToken>
              <Name>System.Void ProjetoLoterica.Domain.Features.Apostas.Aposta::set__Dezenas(System.Collections.Generic.List`1&lt;ProjetoLoterica.Domain.Features.Apostas.Dezenas.Dezena&gt;)</Name>
              <FileRef uid="13" />
              <SequencePoints />
              <BranchPoints />
            </Method>
            <Method skippedDueTo="AutoImplementedProperty" visited="false" cyclomaticComplexity="1" nPathComplexity="0" sequenceCoverage="0" branchCoverage="0" crapScore="0" isConstructor="false" isStatic="false" isGetter="true" isSetter="false">
              <MetadataToken>100663353</MetadataToken>
              <Name>ProjetoLoterica.Domain.Features.Boloes.Bolao ProjetoLoterica.Domain.Features.Apostas.Aposta::get__Bolao()</Name>
              <FileRef uid="13" />
              <SequencePoints />
              <BranchPoints />
            </Method>
            <Method skippedDueTo="AutoImplementedProperty" visited="false" cyclomaticComplexity="1" nPathComplexity="0" sequenceCoverage="0" branchCoverage="0" crapScore="0" isConstructor="false" isStatic="false" isGetter="false" isSetter="true">
              <MetadataToken>100663354</MetadataToken>
              <Name>System.Void ProjetoLoterica.Domain.Features.Apostas.Aposta::set__Bolao(ProjetoLoterica.Domain.Features.Boloes.Bolao)</Name>
              <FileRef uid="13" />
              <SequencePoints />
              <BranchPoints />
            </Method>
            <Method visited="true" cyclomaticComplexity="1" nPathComplexity="0" sequenceCoverage="100" branchCoverage="100" crapScore="1" isConstructor="true" isStatic="false" isGetter="false" isSetter="false">
              <Summary numSequencePoints="4" visitedSequencePoints="4" numBranchPoints="1" visitedBranchPoints="1" sequenceCoverage="100" branchCoverage="100" maxCyclomaticComplexity="1" minCyclomaticComplexity="1" maxCrapScore="1" minCrapScore="1" visitedClasses="0" numClasses="0" visitedMethods="1" numMethods="1" />
              <MetadataToken>100663355</MetadataToken>
              <Name>System.Void ProjetoLoterica.Domain.Features.Apostas.Aposta::.ctor()</Name>
              <FileRef uid="13" />
              <SequencePoints>
                <SequencePoint vc="40" uspid="159" ordinal="0" offset="0" sl="21" sc="9" el="21" ec="24" bec="0" bev="0" fileid="13" />
                <SequencePoint vc="40" uspid="160" ordinal="1" offset="7" sl="22" sc="9" el="22" ec="10" bec="0" bev="0" fileid="13" />
                <SequencePoint vc="40" uspid="161" ordinal="2" offset="8" sl="23" sc="13" el="23" ec="27" bec="0" bev="0" fileid="13" />
                <SequencePoint vc="40" uspid="162" ordinal="3" offset="15" sl="24" sc="9" el="24" ec="10" bec="0" bev="0" fileid="13" />
              </SequencePoints>
              <BranchPoints />
              <MethodPoint xsi:type="SequencePoint" vc="40" uspid="159" ordinal="0" offset="0" sl="21" sc="9" el="21" ec="24" bec="0" bev="0" fileid="13" />
            </Method>
            <Method visited="true" cyclomaticComplexity="5" nPathComplexity="16" sequenceCoverage="100" branchCoverage="100" crapScore="5" isConstructor="false" isStatic="false" isGetter="false" isSetter="false">
              <Summary numSequencePoints="12" visitedSequencePoints="12" numBranchPoints="9" visitedBranchPoints="9" sequenceCoverage="100" branchCoverage="100" maxCyclomaticComplexity="5" minCyclomaticComplexity="5" maxCrapScore="5" minCrapScore="5" visitedClasses="0" numClasses="0" visitedMethods="1" numMethods="1" />
              <MetadataToken>100663356</MetadataToken>
              <Name>System.Void ProjetoLoterica.Domain.Features.Apostas.Aposta::Validate()</Name>
              <FileRef uid="13" />
              <SequencePoints>
                <SequencePoint vc="5" uspid="163" ordinal="0" offset="0" sl="28" sc="9" el="28" ec="10" bec="0" bev="0" fileid="13" />
                <SequencePoint vc="5" uspid="164" ordinal="1" offset="1" sl="29" sc="13" el="29" ec="28" bec="2" bev="2" fileid="13" />
                <SequencePoint vc="1" uspid="165" ordinal="2" offset="25" sl="30" sc="17" el="30" ec="57" bec="0" bev="0" fileid="13" />
                <SequencePoint vc="4" uspid="166" ordinal="3" offset="31" sl="31" sc="13" el="31" ec="36" bec="2" bev="2" fileid="13" />
                <SequencePoint vc="1" uspid="167" ordinal="4" offset="49" sl="32" sc="13" el="32" ec="14" bec="0" bev="0" fileid="13" />
                <SequencePoint vc="1" uspid="168" ordinal="5" offset="50" sl="33" sc="17" el="33" ec="62" bec="0" bev="0" fileid="13" />
                <SequencePoint vc="3" uspid="169" ordinal="6" offset="56" sl="35" sc="13" el="35" ec="37" bec="2" bev="2" fileid="13" />
                <SequencePoint vc="1" uspid="170" ordinal="7" offset="77" sl="36" sc="17" el="36" ec="58" bec="0" bev="0" fileid="13" />
                <SequencePoint vc="2" uspid="171" ordinal="8" offset="83" sl="37" sc="13" el="37" ec="35" bec="2" bev="2" fileid="13" />
                <SequencePoint vc="1" uspid="172" ordinal="9" offset="96" sl="38" sc="13" el="38" ec="14" bec="0" bev="0" fileid="13" />
                <SequencePoint vc="1" uspid="173" ordinal="10" offset="97" sl="39" sc="17" el="39" ec="59" bec="0" bev="0" fileid="13" />
                <SequencePoint vc="1" uspid="174" ordinal="11" offset="103" sl="41" sc="9" el="41" ec="10" bec="0" bev="0" fileid="13" />
              </SequencePoints>
              <BranchPoints>
                <BranchPoint vc="1" uspid="175" ordinal="0" offset="23" sl="29" path="0" offsetend="25" fileid="13" />
                <BranchPoint vc="4" uspid="176" ordinal="1" offset="23" sl="29" path="1" offsetend="31" fileid="13" />
                <BranchPoint vc="1" uspid="177" ordinal="2" offset="47" sl="31" path="0" offsetend="49" fileid="13" />
                <BranchPoint vc="3" uspid="178" ordinal="3" offset="47" sl="31" path="1" offsetend="56" fileid="13" />
                <BranchPoint vc="1" uspid="179" ordinal="4" offset="75" sl="35" path="0" offsetend="77" fileid="13" />
                <BranchPoint vc="2" uspid="180" ordinal="5" offset="75" sl="35" path="1" offsetend="83" fileid="13" />
                <BranchPoint vc="1" uspid="181" ordinal="6" offset="94" sl="37" path="0" offsetend="96" fileid="13" />
                <BranchPoint vc="1" uspid="182" ordinal="7" offset="94" sl="37" path="1" offsetend="103" fileid="13" />
              </BranchPoints>
              <MethodPoint xsi:type="SequencePoint" vc="5" uspid="163" ordinal="0" offset="0" sl="28" sc="9" el="28" ec="10" bec="0" bev="0" fileid="13" />
            </Method>
            <Method visited="true" cyclomaticComplexity="2" nPathComplexity="2" sequenceCoverage="100" branchCoverage="100" crapScore="2" isConstructor="false" isStatic="false" isGetter="false" isSetter="false">
              <Summary numSequencePoints="5" visitedSequencePoints="5" numBranchPoints="3" visitedBranchPoints="3" sequenceCoverage="100" branchCoverage="100" maxCyclomaticComplexity="2" minCyclomaticComplexity="2" maxCrapScore="2" minCrapScore="2" visitedClasses="0" numClasses="0" visitedMethods="1" numMethods="1" />
              <MetadataToken>100663357</MetadataToken>
              <Name>System.Void ProjetoLoterica.Domain.Features.Apostas.Aposta::EstaNoBolao()</Name>
              <FileRef uid="13" />
              <SequencePoints>
                <SequencePoint vc="42" uspid="183" ordinal="0" offset="0" sl="44" sc="9" el="44" ec="10" bec="0" bev="0" fileid="13" />
                <SequencePoint vc="42" uspid="184" ordinal="1" offset="1" sl="45" sc="13" el="45" ec="32" bec="2" bev="2" fileid="13" />
                <SequencePoint vc="2" uspid="185" ordinal="2" offset="14" sl="46" sc="17" el="46" ec="55" bec="0" bev="0" fileid="13" />
                <SequencePoint vc="40" uspid="186" ordinal="3" offset="46" sl="48" sc="17" el="48" ec="36" bec="0" bev="0" fileid="13" />
                <SequencePoint vc="42" uspid="187" ordinal="4" offset="59" sl="49" sc="9" el="49" ec="10" bec="0" bev="0" fileid="13" />
              </SequencePoints>
              <BranchPoints>
                <BranchPoint vc="2" uspid="188" ordinal="0" offset="12" sl="45" path="0" offsetend="14" fileid="13" />
                <BranchPoint vc="40" uspid="189" ordinal="1" offset="12" sl="45" path="1" offsetend="46" fileid="13" />
              </BranchPoints>
              <MethodPoint xsi:type="SequencePoint" vc="42" uspid="183" ordinal="0" offset="0" sl="44" sc="9" el="44" ec="10" bec="0" bev="0" fileid="13" />
            </Method>
            <Method visited="true" cyclomaticComplexity="1" nPathComplexity="0" sequenceCoverage="100" branchCoverage="100" crapScore="1" isConstructor="false" isStatic="false" isGetter="false" isSetter="false">
              <Summary numSequencePoints="3" visitedSequencePoints="3" numBranchPoints="1" visitedBranchPoints="1" sequenceCoverage="100" branchCoverage="100" maxCyclomaticComplexity="1" minCyclomaticComplexity="1" maxCrapScore="1" minCrapScore="1" visitedClasses="0" numClasses="0" visitedMethods="1" numMethods="1" />
              <MetadataToken>100663358</MetadataToken>
              <Name>System.Void ProjetoLoterica.Domain.Features.Apostas.Aposta::GerarValor()</Name>
              <FileRef uid="13" />
              <SequencePoints>
                <SequencePoint vc="2" uspid="190" ordinal="0" offset="0" sl="52" sc="9" el="52" ec="10" bec="0" bev="0" fileid="13" />
                <SequencePoint vc="2" uspid="191" ordinal="1" offset="1" sl="53" sc="13" el="53" ec="43" bec="0" bev="0" fileid="13" />
                <SequencePoint vc="2" uspid="192" ordinal="2" offset="30" sl="54" sc="9" el="54" ec="10" bec="0" bev="0" fileid="13" />
              </SequencePoints>
              <BranchPoints />
              <MethodPoint xsi:type="SequencePoint" vc="2" uspid="190" ordinal="0" offset="0" sl="52" sc="9" el="52" ec="10" bec="0" bev="0" fileid="13" />
            </Method>
          </Methods>
        </Class>
        <Class>
          <Summary numSequencePoints="2" visitedSequencePoints="0" numBranchPoints="1" visitedBranchPoints="0" sequenceCoverage="0" branchCoverage="0" maxCyclomaticComplexity="1" minCyclomaticComplexity="1" maxCrapScore="2" minCrapScore="2" visitedClasses="0" numClasses="1" visitedMethods="0" numMethods="1" />
          <FullName>ProjetoLoterica.Domain.Features.Apostas.Ganhadores.Ganhador</FullName>
          <Methods>
            <Method visited="false" cyclomaticComplexity="1" nPathComplexity="0" sequenceCoverage="0" branchCoverage="0" crapScore="2" isConstructor="false" isStatic="false" isGetter="false" isSetter="false">
              <Summary numSequencePoints="2" visitedSequencePoints="0" numBranchPoints="1" visitedBranchPoints="0" sequenceCoverage="0" branchCoverage="0" maxCyclomaticComplexity="1" minCyclomaticComplexity="1" maxCrapScore="2" minCrapScore="2" visitedClasses="0" numClasses="0" visitedMethods="0" numMethods="1" />
              <MetadataToken>100663361</MetadataToken>
              <Name>System.Void ProjetoLoterica.Domain.Features.Apostas.Ganhadores.Ganhador::Validate()</Name>
              <FileRef uid="16" />
              <SequencePoints>
                <SequencePoint vc="0" uspid="193" ordinal="0" offset="0" sl="24" sc="9" el="24" ec="10" bec="0" bev="0" fileid="16" />
                <SequencePoint vc="0" uspid="194" ordinal="1" offset="1" sl="25" sc="13" el="25" ec="49" bec="0" bev="0" fileid="16" />
              </SequencePoints>
              <BranchPoints />
              <MethodPoint xsi:type="SequencePoint" vc="0" uspid="193" ordinal="0" offset="0" sl="24" sc="9" el="24" ec="10" bec="0" bev="0" fileid="16" />
            </Method>
            <Method visited="false" cyclomaticComplexity="1" nPathComplexity="0" sequenceCoverage="0" branchCoverage="0" crapScore="2" isConstructor="true" isStatic="false" isGetter="false" isSetter="false">
              <Summary numSequencePoints="0" visitedSequencePoints="0" numBranchPoints="0" visitedBranchPoints="0" sequenceCoverage="0" branchCoverage="0" maxCyclomaticComplexity="1" minCyclomaticComplexity="1" maxCrapScore="2" minCrapScore="2" visitedClasses="0" numClasses="0" visitedMethods="0" numMethods="0" />
              <MetadataToken>100663362</MetadataToken>
              <Name>System.Void ProjetoLoterica.Domain.Features.Apostas.Ganhadores.Ganhador::.ctor()</Name>
              <SequencePoints />
              <BranchPoints />
              <MethodPoint vc="0" uspid="195" ordinal="0" offset="0" />
            </Method>
          </Methods>
        </Class>
        <Class>
          <Summary numSequencePoints="8" visitedSequencePoints="8" numBranchPoints="5" visitedBranchPoints="5" sequenceCoverage="100" branchCoverage="100" maxCyclomaticComplexity="4" minCyclomaticComplexity="1" maxCrapScore="4" minCrapScore="2" visitedClasses="1" numClasses="1" visitedMethods="1" numMethods="1" />
          <FullName>ProjetoLoterica.Domain.Features.Apostas.Dezenas.Dezena</FullName>
          <Methods>
            <Method skippedDueTo="AutoImplementedProperty" visited="false" cyclomaticComplexity="1" nPathComplexity="0" sequenceCoverage="0" branchCoverage="0" crapScore="0" isConstructor="false" isStatic="false" isGetter="true" isSetter="false">
              <MetadataToken>100663363</MetadataToken>
              <Name>System.Int32 ProjetoLoterica.Domain.Features.Apostas.Dezenas.Dezena::get__Dezena()</Name>
              <FileRef uid="17" />
              <SequencePoints />
              <BranchPoints />
            </Method>
            <Method skippedDueTo="AutoImplementedProperty" visited="false" cyclomaticComplexity="1" nPathComplexity="0" sequenceCoverage="0" branchCoverage="0" crapScore="0" isConstructor="false" isStatic="false" isGetter="false" isSetter="true">
              <MetadataToken>100663364</MetadataToken>
              <Name>System.Void ProjetoLoterica.Domain.Features.Apostas.Dezenas.Dezena::set__Dezena(System.Int32)</Name>
              <FileRef uid="17" />
              <SequencePoints />
              <BranchPoints />
            </Method>
            <Method skippedDueTo="AutoImplementedProperty" visited="false" cyclomaticComplexity="1" nPathComplexity="0" sequenceCoverage="0" branchCoverage="0" crapScore="0" isConstructor="false" isStatic="false" isGetter="true" isSetter="false">
              <MetadataToken>100663365</MetadataToken>
              <Name>ProjetoLoterica.Domain.Features.Apostas.Aposta ProjetoLoterica.Domain.Features.Apostas.Dezenas.Dezena::get_Aposta()</Name>
              <FileRef uid="17" />
              <SequencePoints />
              <BranchPoints />
            </Method>
            <Method skippedDueTo="AutoImplementedProperty" visited="false" cyclomaticComplexity="1" nPathComplexity="0" sequenceCoverage="0" branchCoverage="0" crapScore="0" isConstructor="false" isStatic="false" isGetter="false" isSetter="true">
              <MetadataToken>100663366</MetadataToken>
              <Name>System.Void ProjetoLoterica.Domain.Features.Apostas.Dezenas.Dezena::set_Aposta(ProjetoLoterica.Domain.Features.Apostas.Aposta)</Name>
              <FileRef uid="17" />
              <SequencePoints />
              <BranchPoints />
            </Method>
            <Method visited="true" cyclomaticComplexity="4" nPathComplexity="4" sequenceCoverage="100" branchCoverage="100" crapScore="4" isConstructor="false" isStatic="false" isGetter="false" isSetter="false">
              <Summary numSequencePoints="8" visitedSequencePoints="8" numBranchPoints="5" visitedBranchPoints="5" sequenceCoverage="100" branchCoverage="100" maxCyclomaticComplexity="4" minCyclomaticComplexity="4" maxCrapScore="4" minCrapScore="4" visitedClasses="0" numClasses="0" visitedMethods="1" numMethods="1" />
              <MetadataToken>100663367</MetadataToken>
              <Name>System.Void ProjetoLoterica.Domain.Features.Apostas.Dezenas.Dezena::Validate()</Name>
              <FileRef uid="17" />
              <SequencePoints>
                <SequencePoint vc="3" uspid="196" ordinal="0" offset="0" sl="17" sc="9" el="17" ec="10" bec="0" bev="0" fileid="17" />
                <SequencePoint vc="3" uspid="197" ordinal="1" offset="1" sl="18" sc="13" el="18" ec="43" bec="2" bev="2" fileid="17" />
                <SequencePoint vc="1" uspid="198" ordinal="2" offset="27" sl="19" sc="13" el="19" ec="14" bec="0" bev="0" fileid="17" />
                <SequencePoint vc="1" uspid="199" ordinal="3" offset="28" sl="20" sc="17" el="20" ec="57" bec="0" bev="0" fileid="17" />
                <SequencePoint vc="2" uspid="200" ordinal="4" offset="34" sl="22" sc="13" el="22" ec="31" bec="2" bev="2" fileid="17" />
                <SequencePoint vc="1" uspid="201" ordinal="5" offset="47" sl="23" sc="13" el="23" ec="14" bec="0" bev="0" fileid="17" />
                <SequencePoint vc="1" uspid="202" ordinal="6" offset="48" sl="24" sc="17" el="24" ec="58" bec="0" bev="0" fileid="17" />
                <SequencePoint vc="1" uspid="203" ordinal="7" offset="54" sl="27" sc="9" el="27" ec="10" bec="0" bev="0" fileid="17" />
              </SequencePoints>
              <BranchPoints>
                <BranchPoint vc="1" uspid="206" ordinal="2" offset="25" sl="18" path="0" offsetend="27" fileid="17" />
                <BranchPoint vc="2" uspid="207" ordinal="3" offset="25" sl="18" path="1" offsetend="34" fileid="17" />
                <BranchPoint vc="1" uspid="208" ordinal="4" offset="45" sl="22" path="0" offsetend="47" fileid="17" />
                <BranchPoint vc="1" uspid="209" ordinal="5" offset="45" sl="22" path="1" offsetend="54" fileid="17" />
              </BranchPoints>
              <MethodPoint xsi:type="SequencePoint" vc="3" uspid="196" ordinal="0" offset="0" sl="17" sc="9" el="17" ec="10" bec="0" bev="0" fileid="17" />
            </Method>
            <Method visited="false" cyclomaticComplexity="1" nPathComplexity="0" sequenceCoverage="0" branchCoverage="0" crapScore="2" isConstructor="true" isStatic="false" isGetter="false" isSetter="false">
              <Summary numSequencePoints="0" visitedSequencePoints="0" numBranchPoints="0" visitedBranchPoints="0" sequenceCoverage="0" branchCoverage="0" maxCyclomaticComplexity="1" minCyclomaticComplexity="1" maxCrapScore="2" minCrapScore="2" visitedClasses="0" numClasses="0" visitedMethods="0" numMethods="0" />
              <MetadataToken>100663368</MetadataToken>
              <Name>System.Void ProjetoLoterica.Domain.Features.Apostas.Dezenas.Dezena::.ctor()</Name>
              <SequencePoints />
              <BranchPoints />
              <MethodPoint vc="0" uspid="210" ordinal="0" offset="0" />
            </Method>
          </Methods>
        </Class>
      </Classes>
    </Module>
    <Module hash="D1-39-C6-69-C7-E2-81-4F-4C-8E-A4-16-EB-AF-54-3F-1E-DD-FB-37">
      <Summary numSequencePoints="21" visitedSequencePoints="21" numBranchPoints="5" visitedBranchPoints="5" sequenceCoverage="100" branchCoverage="100" maxCyclomaticComplexity="1" minCyclomaticComplexity="1" maxCrapScore="1" minCrapScore="1" visitedClasses="1" numClasses="1" visitedMethods="5" numMethods="5" />
      <ModulePath>C:\Users\ndduser\Desktop\AcademiaProgramador2018\Dupla 14\projeto-loterica\ProjetoLoteria.Domain.Tests\bin\Debug\ProjetoLoterica.Common.Tests.dll</ModulePath>
      <ModuleTime>2018-05-16T20:34:24.4477288Z</ModuleTime>
      <ModuleName>ProjetoLoterica.Common.Tests</ModuleName>
      <Files>
        <File uid="39" fullPath="C:\Users\ndduser\Desktop\AcademiaProgramador2018\Dupla 14\projeto-loterica\ProjetoLoterica.Common.Tests\Common\Features\Apostas\ObjectMother.cs" />
        <File uid="40" fullPath="C:\Users\ndduser\Desktop\AcademiaProgramador2018\Dupla 14\projeto-loterica\ProjetoLoterica.Common.Tests\Common\Features\Boloes\ObjectMother.cs" />
        <File uid="41" fullPath="C:\Users\ndduser\Desktop\AcademiaProgramador2018\Dupla 14\projeto-loterica\ProjetoLoterica.Common.Tests\Common\Features\Concursos\ObjectMother.cs" />
        <File uid="42" fullPath="C:\Users\ndduser\Desktop\AcademiaProgramador2018\Dupla 14\projeto-loterica\ProjetoLoterica.Common.Tests\Common\Features\Dezenas\ObjectMother.cs" />
        <File uid="43" fullPath="C:\Users\ndduser\Desktop\AcademiaProgramador2018\Dupla 14\projeto-loterica\ProjetoLoterica.Common.Tests\Common\Features\Resultados\ObjectMother.cs" />
      </Files>
      <Classes>
        <Class>
          <Summary numSequencePoints="21" visitedSequencePoints="21" numBranchPoints="5" visitedBranchPoints="5" sequenceCoverage="100" branchCoverage="100" maxCyclomaticComplexity="1" minCyclomaticComplexity="1" maxCrapScore="1" minCrapScore="1" visitedClasses="1" numClasses="1" visitedMethods="5" numMethods="5" />
          <FullName>ProjetoLoterica.Common.Tests.ObjectMothers.ObjectMother</FullName>
          <Methods>
            <Method visited="true" cyclomaticComplexity="1" nPathComplexity="0" sequenceCoverage="100" branchCoverage="100" crapScore="1" isConstructor="false" isStatic="true" isGetter="false" isSetter="false">
              <Summary numSequencePoints="3" visitedSequencePoints="3" numBranchPoints="1" visitedBranchPoints="1" sequenceCoverage="100" branchCoverage="100" maxCyclomaticComplexity="1" minCyclomaticComplexity="1" maxCrapScore="1" minCrapScore="1" visitedClasses="0" numClasses="0" visitedMethods="1" numMethods="1" />
              <MetadataToken>100663297</MetadataToken>
              <Name>ProjetoLoterica.Domain.Features.Apostas.Aposta ProjetoLoterica.Common.Tests.ObjectMothers.ObjectMother::GetAposta(ProjetoLoterica.Domain.Features.Boloes.Bolao,ProjetoLoterica.Domain.Features.Concursos.Concurso)</Name>
              <FileRef uid="39" />
              <SequencePoints>
                <SequencePoint vc="9" uspid="211" ordinal="0" offset="0" sl="17" sc="9" el="17" ec="10" bec="0" bev="0" fileid="39" />
                <SequencePoint vc="9" uspid="212" ordinal="1" offset="1" sl="18" sc="13" el="26" ec="15" bec="0" bev="0" fileid="39" />
                <SequencePoint vc="9" uspid="213" ordinal="2" offset="77" sl="27" sc="9" el="27" ec="10" bec="0" bev="0" fileid="39" />
              </SequencePoints>
              <BranchPoints />
              <MethodPoint xsi:type="SequencePoint" vc="9" uspid="211" ordinal="0" offset="0" sl="17" sc="9" el="17" ec="10" bec="0" bev="0" fileid="39" />
            </Method>
            <Method visited="true" cyclomaticComplexity="1" nPathComplexity="0" sequenceCoverage="100" branchCoverage="100" crapScore="1" isConstructor="false" isStatic="true" isGetter="false" isSetter="false">
              <Summary numSequencePoints="5" visitedSequencePoints="5" numBranchPoints="1" visitedBranchPoints="1" sequenceCoverage="100" branchCoverage="100" maxCyclomaticComplexity="1" minCyclomaticComplexity="1" maxCrapScore="1" minCrapScore="1" visitedClasses="0" numClasses="0" visitedMethods="1" numMethods="1" />
              <MetadataToken>100663298</MetadataToken>
              <Name>ProjetoLoterica.Domain.Features.Boloes.Bolao ProjetoLoterica.Common.Tests.ObjectMothers.ObjectMother::GetBolao(System.Collections.Generic.List`1&lt;ProjetoLoterica.Domain.Features.Apostas.Aposta&gt;)</Name>
              <FileRef uid="40" />
              <SequencePoints>
                <SequencePoint vc="5" uspid="214" ordinal="0" offset="0" sl="17" sc="9" el="17" ec="10" bec="0" bev="0" fileid="40" />
                <SequencePoint vc="5" uspid="215" ordinal="1" offset="1" sl="18" sc="13" el="18" ec="39" bec="0" bev="0" fileid="40" />
                <SequencePoint vc="5" uspid="216" ordinal="2" offset="7" sl="19" sc="13" el="19" ec="40" bec="0" bev="0" fileid="40" />
                <SequencePoint vc="5" uspid="217" ordinal="3" offset="15" sl="21" sc="13" el="21" ec="26" bec="0" bev="0" fileid="40" />
                <SequencePoint vc="5" uspid="218" ordinal="4" offset="19" sl="22" sc="9" el="22" ec="10" bec="0" bev="0" fileid="40" />
              </SequencePoints>
              <BranchPoints />
              <MethodPoint xsi:type="SequencePoint" vc="5" uspid="214" ordinal="0" offset="0" sl="17" sc="9" el="17" ec="10" bec="0" bev="0" fileid="40" />
            </Method>
            <Method visited="true" cyclomaticComplexity="1" nPathComplexity="0" sequenceCoverage="100" branchCoverage="100" crapScore="1" isConstructor="false" isStatic="true" isGetter="false" isSetter="false">
              <Summary numSequencePoints="6" visitedSequencePoints="6" numBranchPoints="1" visitedBranchPoints="1" sequenceCoverage="100" branchCoverage="100" maxCyclomaticComplexity="1" minCyclomaticComplexity="1" maxCrapScore="1" minCrapScore="1" visitedClasses="0" numClasses="0" visitedMethods="1" numMethods="1" />
              <MetadataToken>100663299</MetadataToken>
              <Name>ProjetoLoterica.Domain.Features.Concursos.Concurso ProjetoLoterica.Common.Tests.ObjectMothers.ObjectMother::GetConcurso(System.Collections.Generic.List`1&lt;ProjetoLoterica.Domain.Features.Apostas.Aposta&gt;)</Name>
              <FileRef uid="41" />
              <SequencePoints>
                <SequencePoint vc="3" uspid="219" ordinal="0" offset="0" sl="17" sc="9" el="17" ec="10" bec="0" bev="0" fileid="41" />
                <SequencePoint vc="3" uspid="220" ordinal="1" offset="1" sl="18" sc="13" el="18" ec="48" bec="0" bev="0" fileid="41" />
                <SequencePoint vc="3" uspid="221" ordinal="2" offset="7" sl="19" sc="13" el="19" ec="35" bec="0" bev="0" fileid="41" />
                <SequencePoint vc="3" uspid="222" ordinal="3" offset="17" sl="20" sc="13" el="20" ec="43" bec="0" bev="0" fileid="41" />
                <SequencePoint vc="3" uspid="223" ordinal="4" offset="25" sl="22" sc="13" el="22" ec="29" bec="0" bev="0" fileid="41" />
                <SequencePoint vc="3" uspid="224" ordinal="5" offset="29" sl="23" sc="9" el="23" ec="10" bec="0" bev="0" fileid="41" />
              </SequencePoints>
              <BranchPoints />
              <MethodPoint xsi:type="SequencePoint" vc="3" uspid="219" ordinal="0" offset="0" sl="17" sc="9" el="17" ec="10" bec="0" bev="0" fileid="41" />
            </Method>
            <Method visited="true" cyclomaticComplexity="1" nPathComplexity="0" sequenceCoverage="100" branchCoverage="100" crapScore="1" isConstructor="false" isStatic="true" isGetter="false" isSetter="false">
              <Summary numSequencePoints="4" visitedSequencePoints="4" numBranchPoints="1" visitedBranchPoints="1" sequenceCoverage="100" branchCoverage="100" maxCyclomaticComplexity="1" minCyclomaticComplexity="1" maxCrapScore="1" minCrapScore="1" visitedClasses="0" numClasses="0" visitedMethods="1" numMethods="1" />
              <MetadataToken>100663300</MetadataToken>
              <Name>ProjetoLoterica.Domain.Features.Apostas.Dezenas.Dezena ProjetoLoterica.Common.Tests.ObjectMothers.ObjectMother::GetDezenas(ProjetoLoterica.Domain.Features.Apostas.Aposta)</Name>
              <FileRef uid="42" />
              <SequencePoints>
                <SequencePoint vc="3" uspid="225" ordinal="0" offset="0" sl="17" sc="9" el="17" ec="10" bec="0" bev="0" fileid="42" />
                <SequencePoint vc="3" uspid="226" ordinal="1" offset="1" sl="18" sc="13" el="18" ec="74" bec="0" bev="0" fileid="42" />
                <SequencePoint vc="3" uspid="227" ordinal="2" offset="24" sl="20" sc="13" el="20" ec="27" bec="0" bev="0" fileid="42" />
                <SequencePoint vc="3" uspid="228" ordinal="3" offset="28" sl="21" sc="9" el="21" ec="10" bec="0" bev="0" fileid="42" />
              </SequencePoints>
              <BranchPoints />
              <MethodPoint xsi:type="SequencePoint" vc="3" uspid="225" ordinal="0" offset="0" sl="17" sc="9" el="17" ec="10" bec="0" bev="0" fileid="42" />
            </Method>
            <Method visited="true" cyclomaticComplexity="1" nPathComplexity="0" sequenceCoverage="100" branchCoverage="100" crapScore="1" isConstructor="false" isStatic="true" isGetter="false" isSetter="false">
              <Summary numSequencePoints="3" visitedSequencePoints="3" numBranchPoints="1" visitedBranchPoints="1" sequenceCoverage="100" branchCoverage="100" maxCyclomaticComplexity="1" minCyclomaticComplexity="1" maxCrapScore="1" minCrapScore="1" visitedClasses="0" numClasses="0" visitedMethods="1" numMethods="1" />
              <MetadataToken>100663301</MetadataToken>
              <Name>ProjetoLoterica.Domain.Features.Resultados.Resultado ProjetoLoterica.Common.Tests.ObjectMothers.ObjectMother::GetResultado(ProjetoLoterica.Domain.Features.Concursos.Concurso)</Name>
              <FileRef uid="43" />
              <SequencePoints>
                <SequencePoint vc="4" uspid="229" ordinal="0" offset="0" sl="15" sc="9" el="15" ec="10" bec="0" bev="0" fileid="43" />
                <SequencePoint vc="4" uspid="230" ordinal="1" offset="1" sl="16" sc="13" el="23" ec="15" bec="0" bev="0" fileid="43" />
                <SequencePoint vc="4" uspid="231" ordinal="2" offset="77" sl="24" sc="9" el="24" ec="10" bec="0" bev="0" fileid="43" />
              </SequencePoints>
              <BranchPoints />
              <MethodPoint xsi:type="SequencePoint" vc="4" uspid="229" ordinal="0" offset="0" sl="15" sc="9" el="15" ec="10" bec="0" bev="0" fileid="43" />
            </Method>
          </Methods>
        </Class>
      </Classes>
    </Module>
  </Modules>
</CoverageSession>